9.3290 	EXP 	Created window1 = Window(allowGUI=False, allowStencil=False, autoLog=True, backendConf=UNKNOWN, bitsMode=UNKNOWN, blendMode='avg', bpc=(8, 8, 8), color=array([0, 0, 0]), colorSpace='rgb', depthBits=8, fullscr=<method-wrapper '__getattribute__' of attributeSetter object at 0x00000212714CD0F0>, gamma=None, gammaErrorPolicy='raise', lms=UNKNOWN, monitor=<psychopy.monitors.calibTools.Monitor object at 0x000002127151B518>, multiSample=False, name='window1', numSamples=2, pos=[0.0, 0.0], screen=1, size=array([1920, 1080]), stencilBits=0, stereo=False, units='norm', useFBO=True, useRetina=False, viewOri=0.0, viewPos=None, viewScale=None, waitBlanking=True, winType='pyglet')
9.3291 	EXP 	window1: mouseVisible = True
9.3291 	EXP 	window1: recordFrameIntervals = False
9.4955 	EXP 	window1: recordFrameIntervals = True
9.6792 	EXP 	window1: recordFrameIntervals = False
10.0580 	EXP 	Created Instructions = TextStim(__class__=<class 'psychopy.visual.text.TextStim'>, alignHoriz=method-wrapper(...), alignText='center', alignVert=method-wrapper(...), anchorHoriz='center', anchorVert='center', antialias=True, autoLog=True, bold=False, color=array([1., 1., 1.]), colorSpace='rgb', contrast=1.0, depth=0.0, flipHoriz=False, flipVert=False, font='Open Sans', fontFiles=[], height=0.05, italic=False, languageStyle='LTR', name='Instructions', opacity=1, ori=0.0, pos=array([0., 0.]), rgb=UNKNOWN, text=str(...), units='norm', win=Window(...), wrapWidth=1)
10.0616 	EXP 	Created image = ImageStim(__class__=<class 'psychopy.visual.image.ImageStim'>, autoLog=True, color=array([1., 1., 1.]), colorSpace='rgb', contrast=1.0, depth=-2.0, flipHoriz=False, flipVert=False, image='sin', interpolate=False, mask=None, maskParams=None, name='image', opacity=1, ori=0.0, pos=array([0., 0.]), size=array([1., 1.]), texRes=512, units='height', win=Window(...))
10.0796 	EXP 	Created fixationOutside = ShapeStim(__class__=<class 'psychopy.visual.shape.ShapeStim'>, autoDraw=False, autoLog=True, closeShape=True, color=method-wrapper(...), colorSpace='rgb', contrast=None, depth=-3.0, fillColor=array([-1, -1, -1]), fillColorSpace='rgb', fillRGB=array([-1, -1, -1]), interpolate=True, lineColor=array([-1., -1., -1.]), lineColorSpace='rgb', lineRGB=array([-1, -1, -1]), lineWidth=1.0, name='fixationOutside', opacity=1, ori=0.0, pos=array([0., 0.]), size=array([0.01, 0.01]), units='height', vertices=ndarray(...), win=Window(...), windingRule=None)
10.0952 	EXP 	Created fixationInside = ShapeStim(__class__=<class 'psychopy.visual.shape.ShapeStim'>, autoDraw=False, autoLog=True, closeShape=True, color=method-wrapper(...), colorSpace='rgb', contrast=None, depth=-4.0, fillColor=array([1, 1, 1]), fillColorSpace='rgb', fillRGB=array([1, 1, 1]), interpolate=True, lineColor=array([1., 1., 1.]), lineColorSpace='rgb', lineRGB=array([1, 1, 1]), lineWidth=1.0, name='fixationInside', opacity=1, ori=0.0, pos=array([0., 0.]), size=array([0.005, 0.005]), units='height', vertices=ndarray(...), win=Window(...), windingRule=None)
10.2135 	EXP 	Instructions: autoDraw = True
11.7222 	DATA 	Keypress: 3
11.7476 	EXP 	Instructions: autoDraw = False
31.2657 	EXP 	Imported runInfo/P001/conditionFiles/P001_Run1.csv as conditions, 517 conditions, 7 params
31.2667 	EXP 	Created sequence: sequential, trialTypes=517, nReps=1, seed=None
31.2669 	EXP 	New trial (rep=0, index=0): OrderedDict([('eventStartTime', 0.0), ('eventEndTime', 12.0), ('eventCond', 0), ('imSize', 0.0), ('imFile', 'Stimuli\\Blank.png'), ('repeatedImage', 0), ('responseEvent', 0)])
31.2763 	DATA 	Keypress: 5
31.2815 	EXP 	image: size = array([0., 0.])
31.2815 	EXP 	image: image = 'Stimuli\\Blank.png'
31.2815 	EXP 	image: autoDraw = True
31.2815 	EXP 	fixationOutside: autoDraw = True
31.2815 	EXP 	fixationInside: autoDraw = True
33.2393 	DATA 	Keypress: 5
35.2446 	DATA 	Keypress: 5
37.2283 	DATA 	Keypress: 5
39.2268 	DATA 	Keypress: 5
41.2293 	DATA 	Keypress: 5
43.2337 	DATA 	Keypress: 5
43.2470 	EXP 	New trial (rep=0, index=1): OrderedDict([('eventStartTime', 12.0), ('eventEndTime', 12.8), ('eventCond', 1), ('imSize', 0.75), ('imFile', 'Stimuli\\ImageFiles-Set1\\Objects\\Object_Box_00001.png'), ('repeatedImage', 0), ('responseEvent', 0)])
43.2755 	EXP 	image: autoDraw = False
43.2755 	EXP 	fixationOutside: autoDraw = False
43.2755 	EXP 	fixationInside: autoDraw = False
43.2755 	EXP 	image: autoDraw = False
43.2755 	EXP 	fixationOutside: autoDraw = False
43.2755 	EXP 	fixationInside: autoDraw = False
43.2755 	EXP 	image: size = array([0.75, 0.75])
43.2755 	EXP 	image: image = 'Stimuli\\ImageFiles-Set1\\Objects\\Object_Box_00001.png'
43.2755 	EXP 	image: autoDraw = True
43.2755 	EXP 	fixationOutside: autoDraw = True
43.2755 	EXP 	fixationInside: autoDraw = True
44.0616 	EXP 	New trial (rep=0, index=2): OrderedDict([('eventStartTime', 12.8), ('eventEndTime', 13.0), ('eventCond', 5), ('imSize', 0.0), ('imFile', 'Stimuli\\Blank.png'), ('repeatedImage', 0), ('responseEvent', 0)])
44.0762 	EXP 	image: autoDraw = False
44.0762 	EXP 	fixationOutside: autoDraw = False
44.0762 	EXP 	fixationInside: autoDraw = False
44.0762 	EXP 	image: autoDraw = False
44.0762 	EXP 	fixationOutside: autoDraw = False
44.0762 	EXP 	fixationInside: autoDraw = False
44.0762 	EXP 	image: size = array([0., 0.])
44.0762 	EXP 	image: image = 'Stimuli\\Blank.png'
44.0762 	EXP 	image: autoDraw = True
44.0762 	EXP 	fixationOutside: autoDraw = True
44.0762 	EXP 	fixationInside: autoDraw = True
44.2459 	EXP 	New trial (rep=0, index=3): OrderedDict([('eventStartTime', 13.0), ('eventEndTime', 13.8), ('eventCond', 1), ('imSize', 0.75), ('imFile', 'Stimuli\\ImageFiles-Set1\\Objects\\Object_Canoe_00001.png'), ('repeatedImage', 0), ('responseEvent', 0)])
44.2597 	EXP 	image: autoDraw = False
44.2597 	EXP 	fixationOutside: autoDraw = False
44.2597 	EXP 	fixationInside: autoDraw = False
44.2597 	EXP 	image: autoDraw = False
44.2597 	EXP 	fixationOutside: autoDraw = False
44.2597 	EXP 	fixationInside: autoDraw = False
44.2597 	EXP 	image: size = array([0.75, 0.75])
44.2597 	EXP 	image: image = 'Stimuli\\ImageFiles-Set1\\Objects\\Object_Canoe_00001.png'
44.2597 	EXP 	image: autoDraw = True
44.2597 	EXP 	fixationOutside: autoDraw = True
44.2597 	EXP 	fixationInside: autoDraw = True
45.0465 	EXP 	New trial (rep=0, index=4): OrderedDict([('eventStartTime', 13.8), ('eventEndTime', 14.0), ('eventCond', 5), ('imSize', 0.0), ('imFile', 'Stimuli\\Blank.png'), ('repeatedImage', 0), ('responseEvent', 0)])
45.0604 	EXP 	image: autoDraw = False
45.0604 	EXP 	fixationOutside: autoDraw = False
45.0604 	EXP 	fixationInside: autoDraw = False
45.0604 	EXP 	image: autoDraw = False
45.0604 	EXP 	fixationOutside: autoDraw = False
45.0604 	EXP 	fixationInside: autoDraw = False
45.0604 	EXP 	image: size = array([0., 0.])
45.0604 	EXP 	image: image = 'Stimuli\\Blank.png'
45.0604 	EXP 	image: autoDraw = True
45.0604 	EXP 	fixationOutside: autoDraw = True
45.0604 	EXP 	fixationInside: autoDraw = True
45.2350 	DATA 	Keypress: 5
45.2464 	EXP 	New trial (rep=0, index=5): OrderedDict([('eventStartTime', 14.0), ('eventEndTime', 14.8), ('eventCond', 1), ('imSize', 0.75), ('imFile', 'Stimuli\\ImageFiles-Set1\\Objects\\Object_Walnut_00001.png'), ('repeatedImage', 0), ('responseEvent', 0)])
45.2773 	EXP 	image: autoDraw = False
45.2773 	EXP 	fixationOutside: autoDraw = False
45.2773 	EXP 	fixationInside: autoDraw = False
45.2773 	EXP 	image: autoDraw = False
45.2773 	EXP 	fixationOutside: autoDraw = False
45.2773 	EXP 	fixationInside: autoDraw = False
45.2773 	EXP 	image: size = array([0.75, 0.75])
45.2773 	EXP 	image: image = 'Stimuli\\ImageFiles-Set1\\Objects\\Object_Walnut_00001.png'
45.2773 	EXP 	image: autoDraw = True
45.2773 	EXP 	fixationOutside: autoDraw = True
45.2773 	EXP 	fixationInside: autoDraw = True
46.0650 	EXP 	New trial (rep=0, index=6): OrderedDict([('eventStartTime', 14.8), ('eventEndTime', 15.0), ('eventCond', 5), ('imSize', 0.0), ('imFile', 'Stimuli\\Blank.png'), ('repeatedImage', 0), ('responseEvent', 0)])
46.0947 	EXP 	image: autoDraw = False
46.0947 	EXP 	fixationOutside: autoDraw = False
46.0947 	EXP 	fixationInside: autoDraw = False
46.0947 	EXP 	image: autoDraw = False
46.0947 	EXP 	fixationOutside: autoDraw = False
46.0947 	EXP 	fixationInside: autoDraw = False
46.0947 	EXP 	image: size = array([0., 0.])
46.0947 	EXP 	image: image = 'Stimuli\\Blank.png'
46.0947 	EXP 	image: autoDraw = True
46.0947 	EXP 	fixationOutside: autoDraw = True
46.0947 	EXP 	fixationInside: autoDraw = True
46.2641 	EXP 	New trial (rep=0, index=7): OrderedDict([('eventStartTime', 15.0), ('eventEndTime', 15.8), ('eventCond', 1), ('imSize', 0.75), ('imFile', 'Stimuli\\ImageFiles-Set1\\Objects\\Object_Pencil_00001.png'), ('repeatedImage', 0), ('responseEvent', 0)])
46.2781 	EXP 	image: autoDraw = False
46.2781 	EXP 	fixationOutside: autoDraw = False
46.2781 	EXP 	fixationInside: autoDraw = False
46.2781 	EXP 	image: autoDraw = False
46.2781 	EXP 	fixationOutside: autoDraw = False
46.2781 	EXP 	fixationInside: autoDraw = False
46.2781 	EXP 	image: size = array([0.75, 0.75])
46.2781 	EXP 	image: image = 'Stimuli\\ImageFiles-Set1\\Objects\\Object_Pencil_00001.png'
46.2781 	EXP 	image: autoDraw = True
46.2781 	EXP 	fixationOutside: autoDraw = True
46.2781 	EXP 	fixationInside: autoDraw = True
47.0475 	EXP 	New trial (rep=0, index=8): OrderedDict([('eventStartTime', 15.8), ('eventEndTime', 16.0), ('eventCond', 5), ('imSize', 0.0), ('imFile', 'Stimuli\\Blank.png'), ('repeatedImage', 0), ('responseEvent', 0)])
47.0622 	EXP 	image: autoDraw = False
47.0622 	EXP 	fixationOutside: autoDraw = False
47.0622 	EXP 	fixationInside: autoDraw = False
47.0622 	EXP 	image: autoDraw = False
47.0622 	EXP 	fixationOutside: autoDraw = False
47.0622 	EXP 	fixationInside: autoDraw = False
47.0622 	EXP 	image: size = array([0., 0.])
47.0622 	EXP 	image: image = 'Stimuli\\Blank.png'
47.0622 	EXP 	image: autoDraw = True
47.0622 	EXP 	fixationOutside: autoDraw = True
47.0622 	EXP 	fixationInside: autoDraw = True
47.2377 	DATA 	Keypress: 5
47.2483 	EXP 	New trial (rep=0, index=9): OrderedDict([('eventStartTime', 16.0), ('eventEndTime', 16.8), ('eventCond', 1), ('imSize', 0.75), ('imFile', 'Stimuli\\ImageFiles-Set1\\Objects\\Object_Toilet_00001.png'), ('repeatedImage', 0), ('responseEvent', 0)])
47.2623 	EXP 	image: autoDraw = False
47.2623 	EXP 	fixationOutside: autoDraw = False
47.2623 	EXP 	fixationInside: autoDraw = False
47.2623 	EXP 	image: autoDraw = False
47.2623 	EXP 	fixationOutside: autoDraw = False
47.2623 	EXP 	fixationInside: autoDraw = False
47.2623 	EXP 	image: size = array([0.75, 0.75])
47.2623 	EXP 	image: image = 'Stimuli\\ImageFiles-Set1\\Objects\\Object_Toilet_00001.png'
47.2623 	EXP 	image: autoDraw = True
47.2623 	EXP 	fixationOutside: autoDraw = True
47.2623 	EXP 	fixationInside: autoDraw = True
48.0499 	EXP 	New trial (rep=0, index=10): OrderedDict([('eventStartTime', 16.8), ('eventEndTime', 17.0), ('eventCond', 5), ('imSize', 0.0), ('imFile', 'Stimuli\\Blank.png'), ('repeatedImage', 0), ('responseEvent', 0)])
48.0797 	EXP 	image: autoDraw = False
48.0797 	EXP 	fixationOutside: autoDraw = False
48.0797 	EXP 	fixationInside: autoDraw = False
48.0797 	EXP 	image: autoDraw = False
48.0797 	EXP 	fixationOutside: autoDraw = False
48.0797 	EXP 	fixationInside: autoDraw = False
48.0797 	EXP 	image: size = array([0., 0.])
48.0797 	EXP 	image: image = 'Stimuli\\Blank.png'
48.0797 	EXP 	image: autoDraw = True
48.0797 	EXP 	fixationOutside: autoDraw = True
48.0797 	EXP 	fixationInside: autoDraw = True
48.2657 	EXP 	New trial (rep=0, index=11): OrderedDict([('eventStartTime', 17.0), ('eventEndTime', 17.8), ('eventCond', 1), ('imSize', 0.75), ('imFile', 'Stimuli\\ImageFiles-Set1\\Objects\\Object_Table_00001.png'), ('repeatedImage', 0), ('responseEvent', 0)])
48.2799 	EXP 	image: autoDraw = False
48.2799 	EXP 	fixationOutside: autoDraw = False
48.2799 	EXP 	fixationInside: autoDraw = False
48.2799 	EXP 	image: autoDraw = False
48.2799 	EXP 	fixationOutside: autoDraw = False
48.2799 	EXP 	fixationInside: autoDraw = False
48.2799 	EXP 	image: size = array([0.75, 0.75])
48.2799 	EXP 	image: image = 'Stimuli\\ImageFiles-Set1\\Objects\\Object_Table_00001.png'
48.2799 	EXP 	image: autoDraw = True
48.2799 	EXP 	fixationOutside: autoDraw = True
48.2799 	EXP 	fixationInside: autoDraw = True
49.0500 	EXP 	New trial (rep=0, index=12): OrderedDict([('eventStartTime', 17.8), ('eventEndTime', 18.0), ('eventCond', 5), ('imSize', 0.0), ('imFile', 'Stimuli\\Blank.png'), ('repeatedImage', 0), ('responseEvent', 0)])
49.0639 	EXP 	image: autoDraw = False
49.0639 	EXP 	fixationOutside: autoDraw = False
49.0639 	EXP 	fixationInside: autoDraw = False
49.0639 	EXP 	image: autoDraw = False
49.0639 	EXP 	fixationOutside: autoDraw = False
49.0639 	EXP 	fixationInside: autoDraw = False
49.0639 	EXP 	image: size = array([0., 0.])
49.0639 	EXP 	image: image = 'Stimuli\\Blank.png'
49.0639 	EXP 	image: autoDraw = True
49.0639 	EXP 	fixationOutside: autoDraw = True
49.0639 	EXP 	fixationInside: autoDraw = True
49.2365 	DATA 	Keypress: 5
49.2495 	EXP 	New trial (rep=0, index=13): OrderedDict([('eventStartTime', 18.0), ('eventEndTime', 18.8), ('eventCond', 1), ('imSize', 0.75), ('imFile', 'Stimuli\\ImageFiles-Set1\\Objects\\Object_GarbageCan_00001.png'), ('repeatedImage', 0), ('responseEvent', 0)])
49.2641 	EXP 	image: autoDraw = False
49.2641 	EXP 	fixationOutside: autoDraw = False
49.2641 	EXP 	fixationInside: autoDraw = False
49.2641 	EXP 	image: autoDraw = False
49.2641 	EXP 	fixationOutside: autoDraw = False
49.2641 	EXP 	fixationInside: autoDraw = False
49.2641 	EXP 	image: size = array([0.75, 0.75])
49.2641 	EXP 	image: image = 'Stimuli\\ImageFiles-Set1\\Objects\\Object_GarbageCan_00001.png'
49.2641 	EXP 	image: autoDraw = True
49.2641 	EXP 	fixationOutside: autoDraw = True
49.2641 	EXP 	fixationInside: autoDraw = True
50.0504 	EXP 	New trial (rep=0, index=14): OrderedDict([('eventStartTime', 18.8), ('eventEndTime', 19.0), ('eventCond', 5), ('imSize', 0.0), ('imFile', 'Stimuli\\Blank.png'), ('repeatedImage', 0), ('responseEvent', 0)])
50.0648 	EXP 	image: autoDraw = False
50.0648 	EXP 	fixationOutside: autoDraw = False
50.0648 	EXP 	fixationInside: autoDraw = False
50.0648 	EXP 	image: autoDraw = False
50.0648 	EXP 	fixationOutside: autoDraw = False
50.0648 	EXP 	fixationInside: autoDraw = False
50.0648 	EXP 	image: size = array([0., 0.])
50.0648 	EXP 	image: image = 'Stimuli\\Blank.png'
50.0648 	EXP 	image: autoDraw = True
50.0648 	EXP 	fixationOutside: autoDraw = True
50.0648 	EXP 	fixationInside: autoDraw = True
50.2515 	EXP 	New trial (rep=0, index=15): OrderedDict([('eventStartTime', 19.0), ('eventEndTime', 19.8), ('eventCond', 1), ('imSize', 0.75), ('imFile', 'Stimuli\\ImageFiles-Set1\\Objects\\Object_Key_00001.png'), ('repeatedImage', 0), ('responseEvent', 0)])
50.2650 	EXP 	image: autoDraw = False
50.2650 	EXP 	fixationOutside: autoDraw = False
50.2650 	EXP 	fixationInside: autoDraw = False
50.2650 	EXP 	image: autoDraw = False
50.2650 	EXP 	fixationOutside: autoDraw = False
50.2650 	EXP 	fixationInside: autoDraw = False
50.2650 	EXP 	image: size = array([0.75, 0.75])
50.2650 	EXP 	image: image = 'Stimuli\\ImageFiles-Set1\\Objects\\Object_Key_00001.png'
50.2650 	EXP 	image: autoDraw = True
50.2650 	EXP 	fixationOutside: autoDraw = True
50.2650 	EXP 	fixationInside: autoDraw = True
51.0349 	EXP 	New trial (rep=0, index=16): OrderedDict([('eventStartTime', 19.8), ('eventEndTime', 20.0), ('eventCond', 5), ('imSize', 0.0), ('imFile', 'Stimuli\\Blank.png'), ('repeatedImage', 0), ('responseEvent', 0)])
51.0490 	EXP 	image: autoDraw = False
51.0490 	EXP 	fixationOutside: autoDraw = False
51.0490 	EXP 	fixationInside: autoDraw = False
51.0490 	EXP 	image: autoDraw = False
51.0490 	EXP 	fixationOutside: autoDraw = False
51.0490 	EXP 	fixationInside: autoDraw = False
51.0490 	EXP 	image: size = array([0., 0.])
51.0490 	EXP 	image: image = 'Stimuli\\Blank.png'
51.0490 	EXP 	image: autoDraw = True
51.0490 	EXP 	fixationOutside: autoDraw = True
51.0490 	EXP 	fixationInside: autoDraw = True
51.2351 	EXP 	New trial (rep=0, index=17): OrderedDict([('eventStartTime', 20.0), ('eventEndTime', 20.8), ('eventCond', 1), ('imSize', 0.75), ('imFile', 'Stimuli\\ImageFiles-Set1\\Objects\\Object_Stool_00001.png'), ('repeatedImage', 0), ('responseEvent', 0)])
51.2417 	DATA 	Keypress: 5
51.2492 	EXP 	image: autoDraw = False
51.2492 	EXP 	fixationOutside: autoDraw = False
51.2492 	EXP 	fixationInside: autoDraw = False
51.2492 	EXP 	image: autoDraw = False
51.2492 	EXP 	fixationOutside: autoDraw = False
51.2492 	EXP 	fixationInside: autoDraw = False
51.2492 	EXP 	image: size = array([0.75, 0.75])
51.2492 	EXP 	image: image = 'Stimuli\\ImageFiles-Set1\\Objects\\Object_Stool_00001.png'
51.2492 	EXP 	image: autoDraw = True
51.2492 	EXP 	fixationOutside: autoDraw = True
51.2492 	EXP 	fixationInside: autoDraw = True
52.0353 	EXP 	New trial (rep=0, index=18): OrderedDict([('eventStartTime', 20.8), ('eventEndTime', 21.0), ('eventCond', 5), ('imSize', 0.0), ('imFile', 'Stimuli\\Blank.png'), ('repeatedImage', 0), ('responseEvent', 0)])
52.0499 	EXP 	image: autoDraw = False
52.0499 	EXP 	fixationOutside: autoDraw = False
52.0499 	EXP 	fixationInside: autoDraw = False
52.0499 	EXP 	image: autoDraw = False
52.0499 	EXP 	fixationOutside: autoDraw = False
52.0499 	EXP 	fixationInside: autoDraw = False
52.0499 	EXP 	image: size = array([0., 0.])
52.0499 	EXP 	image: image = 'Stimuli\\Blank.png'
52.0499 	EXP 	image: autoDraw = True
52.0499 	EXP 	fixationOutside: autoDraw = True
52.0499 	EXP 	fixationInside: autoDraw = True
52.2362 	EXP 	New trial (rep=0, index=19): OrderedDict([('eventStartTime', 21.0), ('eventEndTime', 21.8), ('eventCond', 1), ('imSize', 0.75), ('imFile', 'Stimuli\\ImageFiles-Set1\\Objects\\Object_Stool_00001.png'), ('repeatedImage', 1), ('responseEvent', 1)])
52.2501 	EXP 	image: autoDraw = False
52.2501 	EXP 	fixationOutside: autoDraw = False
52.2501 	EXP 	fixationInside: autoDraw = False
52.2501 	EXP 	image: autoDraw = False
52.2501 	EXP 	fixationOutside: autoDraw = False
52.2501 	EXP 	fixationInside: autoDraw = False
52.2501 	EXP 	image: size = array([0.75, 0.75])
52.2501 	EXP 	image: image = 'Stimuli\\ImageFiles-Set1\\Objects\\Object_Stool_00001.png'
52.2501 	EXP 	image: autoDraw = True
52.2501 	EXP 	fixationOutside: autoDraw = True
52.2501 	EXP 	fixationInside: autoDraw = True
52.6927 	DATA 	Keypress: 3
53.0367 	EXP 	New trial (rep=0, index=20): OrderedDict([('eventStartTime', 21.8), ('eventEndTime', 22.0), ('eventCond', 5), ('imSize', 0.0), ('imFile', 'Stimuli\\Blank.png'), ('repeatedImage', 0), ('responseEvent', 0)])
53.0508 	EXP 	image: autoDraw = False
53.0508 	EXP 	fixationOutside: autoDraw = False
53.0508 	EXP 	fixationInside: autoDraw = False
53.0508 	EXP 	image: autoDraw = False
53.0508 	EXP 	fixationOutside: autoDraw = False
53.0508 	EXP 	fixationInside: autoDraw = False
53.0508 	EXP 	image: size = array([0., 0.])
53.0508 	EXP 	image: image = 'Stimuli\\Blank.png'
53.0508 	EXP 	image: autoDraw = True
53.0508 	EXP 	fixationOutside: autoDraw = True
53.0508 	EXP 	fixationInside: autoDraw = True
53.2368 	EXP 	New trial (rep=0, index=21): OrderedDict([('eventStartTime', 22.0), ('eventEndTime', 22.8), ('eventCond', 1), ('imSize', 0.75), ('imFile', 'Stimuli\\ImageFiles-Set1\\Objects\\Object_Stroller_00001.png'), ('repeatedImage', 0), ('responseEvent', 0)])
53.2487 	DATA 	Keypress: 5
53.2676 	EXP 	image: autoDraw = False
53.2676 	EXP 	fixationOutside: autoDraw = False
53.2676 	EXP 	fixationInside: autoDraw = False
53.2676 	EXP 	image: autoDraw = False
53.2676 	EXP 	fixationOutside: autoDraw = False
53.2676 	EXP 	fixationInside: autoDraw = False
53.2676 	EXP 	image: size = array([0.75, 0.75])
53.2676 	EXP 	image: image = 'Stimuli\\ImageFiles-Set1\\Objects\\Object_Stroller_00001.png'
53.2676 	EXP 	image: autoDraw = True
53.2676 	EXP 	fixationOutside: autoDraw = True
53.2676 	EXP 	fixationInside: autoDraw = True
54.0554 	EXP 	New trial (rep=0, index=22): OrderedDict([('eventStartTime', 22.8), ('eventEndTime', 23.0), ('eventCond', 5), ('imSize', 0.0), ('imFile', 'Stimuli\\Blank.png'), ('repeatedImage', 0), ('responseEvent', 0)])
54.0851 	EXP 	image: autoDraw = False
54.0851 	EXP 	fixationOutside: autoDraw = False
54.0851 	EXP 	fixationInside: autoDraw = False
54.0851 	EXP 	image: autoDraw = False
54.0851 	EXP 	fixationOutside: autoDraw = False
54.0851 	EXP 	fixationInside: autoDraw = False
54.0851 	EXP 	image: size = array([0., 0.])
54.0851 	EXP 	image: image = 'Stimuli\\Blank.png'
54.0851 	EXP 	image: autoDraw = True
54.0851 	EXP 	fixationOutside: autoDraw = True
54.0851 	EXP 	fixationInside: autoDraw = True
54.2553 	EXP 	New trial (rep=0, index=23): OrderedDict([('eventStartTime', 23.0), ('eventEndTime', 23.8), ('eventCond', 1), ('imSize', 0.75), ('imFile', 'Stimuli\\ImageFiles-Set1\\Objects\\Object_Pot_00001.png'), ('repeatedImage', 0), ('responseEvent', 0)])
54.2852 	EXP 	image: autoDraw = False
54.2852 	EXP 	fixationOutside: autoDraw = False
54.2852 	EXP 	fixationInside: autoDraw = False
54.2852 	EXP 	image: autoDraw = False
54.2852 	EXP 	fixationOutside: autoDraw = False
54.2852 	EXP 	fixationInside: autoDraw = False
54.2852 	EXP 	image: size = array([0.75, 0.75])
54.2852 	EXP 	image: image = 'Stimuli\\ImageFiles-Set1\\Objects\\Object_Pot_00001.png'
54.2852 	EXP 	image: autoDraw = True
54.2852 	EXP 	fixationOutside: autoDraw = True
54.2852 	EXP 	fixationInside: autoDraw = True
55.0548 	EXP 	New trial (rep=0, index=24): OrderedDict([('eventStartTime', 23.8), ('eventEndTime', 24.0), ('eventCond', 5), ('imSize', 0.0), ('imFile', 'Stimuli\\Blank.png'), ('repeatedImage', 0), ('responseEvent', 0)])
55.0693 	EXP 	image: autoDraw = False
55.0693 	EXP 	fixationOutside: autoDraw = False
55.0693 	EXP 	fixationInside: autoDraw = False
55.0693 	EXP 	image: autoDraw = False
55.0693 	EXP 	fixationOutside: autoDraw = False
55.0693 	EXP 	fixationInside: autoDraw = False
55.0693 	EXP 	image: size = array([0., 0.])
55.0693 	EXP 	image: image = 'Stimuli\\Blank.png'
55.0693 	EXP 	image: autoDraw = True
55.0693 	EXP 	fixationOutside: autoDraw = True
55.0693 	EXP 	fixationInside: autoDraw = True
55.2281 	DATA 	Keypress: 5
55.2387 	EXP 	New trial (rep=0, index=25): OrderedDict([('eventStartTime', 24.0), ('eventEndTime', 24.8), ('eventCond', 1), ('imSize', 0.75), ('imFile', 'Stimuli\\ImageFiles-Set1\\Objects\\Object_Shirt_00001.png'), ('repeatedImage', 0), ('responseEvent', 0)])
55.2528 	EXP 	image: autoDraw = False
55.2528 	EXP 	fixationOutside: autoDraw = False
55.2528 	EXP 	fixationInside: autoDraw = False
55.2528 	EXP 	image: autoDraw = False
55.2528 	EXP 	fixationOutside: autoDraw = False
55.2528 	EXP 	fixationInside: autoDraw = False
55.2528 	EXP 	image: size = array([0.75, 0.75])
55.2528 	EXP 	image: image = 'Stimuli\\ImageFiles-Set1\\Objects\\Object_Shirt_00001.png'
55.2528 	EXP 	image: autoDraw = True
55.2528 	EXP 	fixationOutside: autoDraw = True
55.2528 	EXP 	fixationInside: autoDraw = True
56.0397 	EXP 	New trial (rep=0, index=26): OrderedDict([('eventStartTime', 24.8), ('eventEndTime', 25.0), ('eventCond', 5), ('imSize', 0.0), ('imFile', 'Stimuli\\Blank.png'), ('repeatedImage', 0), ('responseEvent', 0)])
56.0535 	EXP 	image: autoDraw = False
56.0535 	EXP 	fixationOutside: autoDraw = False
56.0535 	EXP 	fixationInside: autoDraw = False
56.0535 	EXP 	image: autoDraw = False
56.0535 	EXP 	fixationOutside: autoDraw = False
56.0535 	EXP 	fixationInside: autoDraw = False
56.0535 	EXP 	image: size = array([0., 0.])
56.0535 	EXP 	image: image = 'Stimuli\\Blank.png'
56.0535 	EXP 	image: autoDraw = True
56.0535 	EXP 	fixationOutside: autoDraw = True
56.0535 	EXP 	fixationInside: autoDraw = True
56.2405 	EXP 	New trial (rep=0, index=27): OrderedDict([('eventStartTime', 25.0), ('eventEndTime', 25.8), ('eventCond', 1), ('imSize', 0.75), ('imFile', 'Stimuli\\ImageFiles-Set1\\Objects\\Object_Bench_00001.png'), ('repeatedImage', 0), ('responseEvent', 0)])
56.2703 	EXP 	image: autoDraw = False
56.2703 	EXP 	fixationOutside: autoDraw = False
56.2703 	EXP 	fixationInside: autoDraw = False
56.2703 	EXP 	image: autoDraw = False
56.2703 	EXP 	fixationOutside: autoDraw = False
56.2703 	EXP 	fixationInside: autoDraw = False
56.2703 	EXP 	image: size = array([0.75, 0.75])
56.2703 	EXP 	image: image = 'Stimuli\\ImageFiles-Set1\\Objects\\Object_Bench_00001.png'
56.2703 	EXP 	image: autoDraw = True
56.2703 	EXP 	fixationOutside: autoDraw = True
56.2703 	EXP 	fixationInside: autoDraw = True
57.0566 	EXP 	New trial (rep=0, index=28): OrderedDict([('eventStartTime', 25.8), ('eventEndTime', 26.0), ('eventCond', 5), ('imSize', 0.0), ('imFile', 'Stimuli\\Blank.png'), ('repeatedImage', 0), ('responseEvent', 0)])
57.0710 	EXP 	image: autoDraw = False
57.0710 	EXP 	fixationOutside: autoDraw = False
57.0710 	EXP 	fixationInside: autoDraw = False
57.0710 	EXP 	image: autoDraw = False
57.0710 	EXP 	fixationOutside: autoDraw = False
57.0710 	EXP 	fixationInside: autoDraw = False
57.0710 	EXP 	image: size = array([0., 0.])
57.0710 	EXP 	image: image = 'Stimuli\\Blank.png'
57.0710 	EXP 	image: autoDraw = True
57.0710 	EXP 	fixationOutside: autoDraw = True
57.0710 	EXP 	fixationInside: autoDraw = True
57.2296 	DATA 	Keypress: 5
57.2397 	EXP 	New trial (rep=0, index=29): OrderedDict([('eventStartTime', 26.0), ('eventEndTime', 26.8), ('eventCond', 1), ('imSize', 0.75), ('imFile', 'Stimuli\\ImageFiles-Set1\\Objects\\Object_ComputerMouse_00001.png'), ('repeatedImage', 0), ('responseEvent', 0)])
57.2545 	EXP 	image: autoDraw = False
57.2545 	EXP 	fixationOutside: autoDraw = False
57.2545 	EXP 	fixationInside: autoDraw = False
57.2545 	EXP 	image: autoDraw = False
57.2545 	EXP 	fixationOutside: autoDraw = False
57.2545 	EXP 	fixationInside: autoDraw = False
57.2545 	EXP 	image: size = array([0.75, 0.75])
57.2545 	EXP 	image: image = 'Stimuli\\ImageFiles-Set1\\Objects\\Object_ComputerMouse_00001.png'
57.2545 	EXP 	image: autoDraw = True
57.2545 	EXP 	fixationOutside: autoDraw = True
57.2545 	EXP 	fixationInside: autoDraw = True
58.0409 	EXP 	New trial (rep=0, index=30): OrderedDict([('eventStartTime', 26.8), ('eventEndTime', 27.0), ('eventCond', 5), ('imSize', 0.0), ('imFile', 'Stimuli\\Blank.png'), ('repeatedImage', 0), ('responseEvent', 0)])
58.0552 	EXP 	image: autoDraw = False
58.0552 	EXP 	fixationOutside: autoDraw = False
58.0552 	EXP 	fixationInside: autoDraw = False
58.0552 	EXP 	image: autoDraw = False
58.0552 	EXP 	fixationOutside: autoDraw = False
58.0552 	EXP 	fixationInside: autoDraw = False
58.0552 	EXP 	image: size = array([0., 0.])
58.0552 	EXP 	image: image = 'Stimuli\\Blank.png'
58.0552 	EXP 	image: autoDraw = True
58.0552 	EXP 	fixationOutside: autoDraw = True
58.0552 	EXP 	fixationInside: autoDraw = True
58.2418 	EXP 	New trial (rep=0, index=31): OrderedDict([('eventStartTime', 27.0), ('eventEndTime', 27.8), ('eventCond', 1), ('imSize', 0.75), ('imFile', 'Stimuli\\ImageFiles-Set1\\Objects\\Object_Bottle_00001.png'), ('repeatedImage', 0), ('responseEvent', 0)])
58.2721 	EXP 	image: autoDraw = False
58.2721 	EXP 	fixationOutside: autoDraw = False
58.2721 	EXP 	fixationInside: autoDraw = False
58.2721 	EXP 	image: autoDraw = False
58.2721 	EXP 	fixationOutside: autoDraw = False
58.2721 	EXP 	fixationInside: autoDraw = False
58.2721 	EXP 	image: size = array([0.75, 0.75])
58.2721 	EXP 	image: image = 'Stimuli\\ImageFiles-Set1\\Objects\\Object_Bottle_00001.png'
58.2721 	EXP 	image: autoDraw = True
58.2721 	EXP 	fixationOutside: autoDraw = True
58.2721 	EXP 	fixationInside: autoDraw = True
59.0600 	EXP 	New trial (rep=0, index=32): OrderedDict([('eventStartTime', 27.8), ('eventEndTime', 28.0), ('eventCond', 5), ('imSize', 0.0), ('imFile', 'Stimuli\\Blank.png'), ('repeatedImage', 0), ('responseEvent', 0)])
59.0895 	EXP 	image: autoDraw = False
59.0895 	EXP 	fixationOutside: autoDraw = False
59.0895 	EXP 	fixationInside: autoDraw = False
59.0895 	EXP 	image: autoDraw = False
59.0895 	EXP 	fixationOutside: autoDraw = False
59.0895 	EXP 	fixationInside: autoDraw = False
59.0895 	EXP 	image: size = array([0., 0.])
59.0895 	EXP 	image: image = 'Stimuli\\Blank.png'
59.0895 	EXP 	image: autoDraw = True
59.0895 	EXP 	fixationOutside: autoDraw = True
59.0895 	EXP 	fixationInside: autoDraw = True
59.2289 	DATA 	Keypress: 5
59.2583 	EXP 	New trial (rep=0, index=33): OrderedDict([('eventStartTime', 28.0), ('eventEndTime', 28.8), ('eventCond', 2), ('imSize', 0.75), ('imFile', 'Stimuli\\ImageFiles-Set1\\Bodies\\Bodies_Crawling_00003.png'), ('repeatedImage', 0), ('responseEvent', 0)])
59.2731 	EXP 	image: autoDraw = False
59.2731 	EXP 	fixationOutside: autoDraw = False
59.2731 	EXP 	fixationInside: autoDraw = False
59.2731 	EXP 	image: autoDraw = False
59.2731 	EXP 	fixationOutside: autoDraw = False
59.2731 	EXP 	fixationInside: autoDraw = False
59.2731 	EXP 	image: size = array([0.75, 0.75])
59.2731 	EXP 	image: image = 'Stimuli\\ImageFiles-Set1\\Bodies\\Bodies_Crawling_00003.png'
59.2731 	EXP 	image: autoDraw = True
59.2731 	EXP 	fixationOutside: autoDraw = True
59.2731 	EXP 	fixationInside: autoDraw = True
60.0423 	EXP 	New trial (rep=0, index=34): OrderedDict([('eventStartTime', 28.8), ('eventEndTime', 29.0), ('eventCond', 5), ('imSize', 0.0), ('imFile', 'Stimuli\\Blank.png'), ('repeatedImage', 0), ('responseEvent', 0)])
60.0570 	EXP 	image: autoDraw = False
60.0570 	EXP 	fixationOutside: autoDraw = False
60.0570 	EXP 	fixationInside: autoDraw = False
60.0570 	EXP 	image: autoDraw = False
60.0570 	EXP 	fixationOutside: autoDraw = False
60.0570 	EXP 	fixationInside: autoDraw = False
60.0570 	EXP 	image: size = array([0., 0.])
60.0570 	EXP 	image: image = 'Stimuli\\Blank.png'
60.0570 	EXP 	image: autoDraw = True
60.0570 	EXP 	fixationOutside: autoDraw = True
60.0570 	EXP 	fixationInside: autoDraw = True
60.2433 	EXP 	New trial (rep=0, index=35): OrderedDict([('eventStartTime', 29.0), ('eventEndTime', 29.8), ('eventCond', 2), ('imSize', 0.75), ('imFile', 'Stimuli\\ImageFiles-Set1\\Bodies\\Bodies_SittingChair_00003.png'), ('repeatedImage', 0), ('responseEvent', 0)])
60.2572 	EXP 	image: autoDraw = False
60.2572 	EXP 	fixationOutside: autoDraw = False
60.2572 	EXP 	fixationInside: autoDraw = False
60.2572 	EXP 	image: autoDraw = False
60.2572 	EXP 	fixationOutside: autoDraw = False
60.2572 	EXP 	fixationInside: autoDraw = False
60.2572 	EXP 	image: size = array([0.75, 0.75])
60.2572 	EXP 	image: image = 'Stimuli\\ImageFiles-Set1\\Bodies\\Bodies_SittingChair_00003.png'
60.2572 	EXP 	image: autoDraw = True
60.2572 	EXP 	fixationOutside: autoDraw = True
60.2572 	EXP 	fixationInside: autoDraw = True
61.0448 	EXP 	New trial (rep=0, index=36): OrderedDict([('eventStartTime', 29.8), ('eventEndTime', 30.0), ('eventCond', 5), ('imSize', 0.0), ('imFile', 'Stimuli\\Blank.png'), ('repeatedImage', 0), ('responseEvent', 0)])
61.0745 	EXP 	image: autoDraw = False
61.0745 	EXP 	fixationOutside: autoDraw = False
61.0745 	EXP 	fixationInside: autoDraw = False
61.0745 	EXP 	image: autoDraw = False
61.0745 	EXP 	fixationOutside: autoDraw = False
61.0745 	EXP 	fixationInside: autoDraw = False
61.0745 	EXP 	image: size = array([0., 0.])
61.0745 	EXP 	image: image = 'Stimuli\\Blank.png'
61.0745 	EXP 	image: autoDraw = True
61.0745 	EXP 	fixationOutside: autoDraw = True
61.0745 	EXP 	fixationInside: autoDraw = True
61.2342 	DATA 	Keypress: 5
61.2610 	EXP 	New trial (rep=0, index=37): OrderedDict([('eventStartTime', 30.0), ('eventEndTime', 30.8), ('eventCond', 2), ('imSize', 0.75), ('imFile', 'Stimuli\\ImageFiles-Set1\\Bodies\\Bodies_QuadStretch_00003.png'), ('repeatedImage', 0), ('responseEvent', 0)])
61.2747 	EXP 	image: autoDraw = False
61.2747 	EXP 	fixationOutside: autoDraw = False
61.2747 	EXP 	fixationInside: autoDraw = False
61.2747 	EXP 	image: autoDraw = False
61.2747 	EXP 	fixationOutside: autoDraw = False
61.2747 	EXP 	fixationInside: autoDraw = False
61.2747 	EXP 	image: size = array([0.75, 0.75])
61.2747 	EXP 	image: image = 'Stimuli\\ImageFiles-Set1\\Bodies\\Bodies_QuadStretch_00003.png'
61.2747 	EXP 	image: autoDraw = True
61.2747 	EXP 	fixationOutside: autoDraw = True
61.2747 	EXP 	fixationInside: autoDraw = True
62.0463 	EXP 	New trial (rep=0, index=38): OrderedDict([('eventStartTime', 30.8), ('eventEndTime', 31.0), ('eventCond', 5), ('imSize', 0.0), ('imFile', 'Stimuli\\Blank.png'), ('repeatedImage', 0), ('responseEvent', 0)])
62.0754 	EXP 	image: autoDraw = False
62.0754 	EXP 	fixationOutside: autoDraw = False
62.0754 	EXP 	fixationInside: autoDraw = False
62.0754 	EXP 	image: autoDraw = False
62.0754 	EXP 	fixationOutside: autoDraw = False
62.0754 	EXP 	fixationInside: autoDraw = False
62.0754 	EXP 	image: size = array([0., 0.])
62.0754 	EXP 	image: image = 'Stimuli\\Blank.png'
62.0754 	EXP 	image: autoDraw = True
62.0754 	EXP 	fixationOutside: autoDraw = True
62.0754 	EXP 	fixationInside: autoDraw = True
62.2611 	EXP 	New trial (rep=0, index=39): OrderedDict([('eventStartTime', 31.0), ('eventEndTime', 31.8), ('eventCond', 2), ('imSize', 0.75), ('imFile', 'Stimuli\\ImageFiles-Set1\\Bodies\\Bodies_Kneeling_00005.png'), ('repeatedImage', 0), ('responseEvent', 0)])
62.2756 	EXP 	image: autoDraw = False
62.2756 	EXP 	fixationOutside: autoDraw = False
62.2756 	EXP 	fixationInside: autoDraw = False
62.2756 	EXP 	image: autoDraw = False
62.2756 	EXP 	fixationOutside: autoDraw = False
62.2756 	EXP 	fixationInside: autoDraw = False
62.2756 	EXP 	image: size = array([0.75, 0.75])
62.2756 	EXP 	image: image = 'Stimuli\\ImageFiles-Set1\\Bodies\\Bodies_Kneeling_00005.png'
62.2756 	EXP 	image: autoDraw = True
62.2756 	EXP 	fixationOutside: autoDraw = True
62.2756 	EXP 	fixationInside: autoDraw = True
63.0460 	EXP 	New trial (rep=0, index=40): OrderedDict([('eventStartTime', 31.8), ('eventEndTime', 32.0), ('eventCond', 5), ('imSize', 0.0), ('imFile', 'Stimuli\\Blank.png'), ('repeatedImage', 0), ('responseEvent', 0)])
63.0596 	EXP 	image: autoDraw = False
63.0596 	EXP 	fixationOutside: autoDraw = False
63.0596 	EXP 	fixationInside: autoDraw = False
63.0596 	EXP 	image: autoDraw = False
63.0596 	EXP 	fixationOutside: autoDraw = False
63.0596 	EXP 	fixationInside: autoDraw = False
63.0596 	EXP 	image: size = array([0., 0.])
63.0596 	EXP 	image: image = 'Stimuli\\Blank.png'
63.0596 	EXP 	image: autoDraw = True
63.0596 	EXP 	fixationOutside: autoDraw = True
63.0596 	EXP 	fixationInside: autoDraw = True
63.2342 	DATA 	Keypress: 5
63.2453 	EXP 	New trial (rep=0, index=41): OrderedDict([('eventStartTime', 32.0), ('eventEndTime', 32.8), ('eventCond', 2), ('imSize', 0.75), ('imFile', 'Stimuli\\ImageFiles-Set1\\Bodies\\Bodies_Standing_00005.png'), ('repeatedImage', 0), ('responseEvent', 0)])
63.2598 	EXP 	image: autoDraw = False
63.2598 	EXP 	fixationOutside: autoDraw = False
63.2598 	EXP 	fixationInside: autoDraw = False
63.2598 	EXP 	image: autoDraw = False
63.2598 	EXP 	fixationOutside: autoDraw = False
63.2598 	EXP 	fixationInside: autoDraw = False
63.2598 	EXP 	image: size = array([0.75, 0.75])
63.2598 	EXP 	image: image = 'Stimuli\\ImageFiles-Set1\\Bodies\\Bodies_Standing_00005.png'
63.2598 	EXP 	image: autoDraw = True
63.2598 	EXP 	fixationOutside: autoDraw = True
63.2598 	EXP 	fixationInside: autoDraw = True
64.0461 	EXP 	New trial (rep=0, index=42): OrderedDict([('eventStartTime', 32.8), ('eventEndTime', 33.0), ('eventCond', 5), ('imSize', 0.0), ('imFile', 'Stimuli\\Blank.png'), ('repeatedImage', 0), ('responseEvent', 0)])
64.0605 	EXP 	image: autoDraw = False
64.0605 	EXP 	fixationOutside: autoDraw = False
64.0605 	EXP 	fixationInside: autoDraw = False
64.0605 	EXP 	image: autoDraw = False
64.0605 	EXP 	fixationOutside: autoDraw = False
64.0605 	EXP 	fixationInside: autoDraw = False
64.0605 	EXP 	image: size = array([0., 0.])
64.0605 	EXP 	image: image = 'Stimuli\\Blank.png'
64.0605 	EXP 	image: autoDraw = True
64.0605 	EXP 	fixationOutside: autoDraw = True
64.0605 	EXP 	fixationInside: autoDraw = True
64.2462 	EXP 	New trial (rep=0, index=43): OrderedDict([('eventStartTime', 33.0), ('eventEndTime', 33.8), ('eventCond', 2), ('imSize', 0.75), ('imFile', 'Stimuli\\ImageFiles-Set1\\Bodies\\Bodies_Standing_00005.png'), ('repeatedImage', 1), ('responseEvent', 1)])
64.2607 	EXP 	image: autoDraw = False
64.2607 	EXP 	fixationOutside: autoDraw = False
64.2607 	EXP 	fixationInside: autoDraw = False
64.2607 	EXP 	image: autoDraw = False
64.2607 	EXP 	fixationOutside: autoDraw = False
64.2607 	EXP 	fixationInside: autoDraw = False
64.2607 	EXP 	image: size = array([0.75, 0.75])
64.2607 	EXP 	image: image = 'Stimuli\\ImageFiles-Set1\\Bodies\\Bodies_Standing_00005.png'
64.2607 	EXP 	image: autoDraw = True
64.2607 	EXP 	fixationOutside: autoDraw = True
64.2607 	EXP 	fixationInside: autoDraw = True
64.5840 	DATA 	Keypress: 3
65.0473 	EXP 	New trial (rep=0, index=44): OrderedDict([('eventStartTime', 33.8), ('eventEndTime', 34.0), ('eventCond', 5), ('imSize', 0.0), ('imFile', 'Stimuli\\Blank.png'), ('repeatedImage', 0), ('responseEvent', 0)])
65.0614 	EXP 	image: autoDraw = False
65.0614 	EXP 	fixationOutside: autoDraw = False
65.0614 	EXP 	fixationInside: autoDraw = False
65.0614 	EXP 	image: autoDraw = False
65.0614 	EXP 	fixationOutside: autoDraw = False
65.0614 	EXP 	fixationInside: autoDraw = False
65.0614 	EXP 	image: size = array([0., 0.])
65.0614 	EXP 	image: image = 'Stimuli\\Blank.png'
65.0614 	EXP 	image: autoDraw = True
65.0614 	EXP 	fixationOutside: autoDraw = True
65.0614 	EXP 	fixationInside: autoDraw = True
65.2342 	DATA 	Keypress: 5
65.2478 	EXP 	New trial (rep=0, index=45): OrderedDict([('eventStartTime', 34.0), ('eventEndTime', 34.8), ('eventCond', 2), ('imSize', 0.75), ('imFile', 'Stimuli\\ImageFiles-Set1\\Bodies\\Bodies_Standing_00001.png'), ('repeatedImage', 0), ('responseEvent', 0)])
65.2783 	EXP 	image: autoDraw = False
65.2783 	EXP 	fixationOutside: autoDraw = False
65.2783 	EXP 	fixationInside: autoDraw = False
65.2783 	EXP 	image: autoDraw = False
65.2783 	EXP 	fixationOutside: autoDraw = False
65.2783 	EXP 	fixationInside: autoDraw = False
65.2783 	EXP 	image: size = array([0.75, 0.75])
65.2783 	EXP 	image: image = 'Stimuli\\ImageFiles-Set1\\Bodies\\Bodies_Standing_00001.png'
65.2783 	EXP 	image: autoDraw = True
65.2783 	EXP 	fixationOutside: autoDraw = True
65.2783 	EXP 	fixationInside: autoDraw = True
66.0651 	EXP 	New trial (rep=0, index=46): OrderedDict([('eventStartTime', 34.8), ('eventEndTime', 35.0), ('eventCond', 5), ('imSize', 0.0), ('imFile', 'Stimuli\\Blank.png'), ('repeatedImage', 0), ('responseEvent', 0)])
66.0790 	EXP 	image: autoDraw = False
66.0790 	EXP 	fixationOutside: autoDraw = False
66.0790 	EXP 	fixationInside: autoDraw = False
66.0790 	EXP 	image: autoDraw = False
66.0790 	EXP 	fixationOutside: autoDraw = False
66.0790 	EXP 	fixationInside: autoDraw = False
66.0790 	EXP 	image: size = array([0., 0.])
66.0790 	EXP 	image: image = 'Stimuli\\Blank.png'
66.0790 	EXP 	image: autoDraw = True
66.0790 	EXP 	fixationOutside: autoDraw = True
66.0790 	EXP 	fixationInside: autoDraw = True
66.2499 	EXP 	New trial (rep=0, index=47): OrderedDict([('eventStartTime', 35.0), ('eventEndTime', 35.8), ('eventCond', 2), ('imSize', 0.75), ('imFile', 'Stimuli\\ImageFiles-Set1\\Bodies\\Bodies_PushUp_00004.png'), ('repeatedImage', 0), ('responseEvent', 0)])
66.2791 	EXP 	image: autoDraw = False
66.2791 	EXP 	fixationOutside: autoDraw = False
66.2791 	EXP 	fixationInside: autoDraw = False
66.2791 	EXP 	image: autoDraw = False
66.2791 	EXP 	fixationOutside: autoDraw = False
66.2791 	EXP 	fixationInside: autoDraw = False
66.2791 	EXP 	image: size = array([0.75, 0.75])
66.2791 	EXP 	image: image = 'Stimuli\\ImageFiles-Set1\\Bodies\\Bodies_PushUp_00004.png'
66.2791 	EXP 	image: autoDraw = True
66.2791 	EXP 	fixationOutside: autoDraw = True
66.2791 	EXP 	fixationInside: autoDraw = True
67.0502 	EXP 	New trial (rep=0, index=48): OrderedDict([('eventStartTime', 35.8), ('eventEndTime', 36.0), ('eventCond', 5), ('imSize', 0.0), ('imFile', 'Stimuli\\Blank.png'), ('repeatedImage', 0), ('responseEvent', 0)])
67.0799 	EXP 	image: autoDraw = False
67.0799 	EXP 	fixationOutside: autoDraw = False
67.0799 	EXP 	fixationInside: autoDraw = False
67.0799 	EXP 	image: autoDraw = False
67.0799 	EXP 	fixationOutside: autoDraw = False
67.0799 	EXP 	fixationInside: autoDraw = False
67.0799 	EXP 	image: size = array([0., 0.])
67.0799 	EXP 	image: image = 'Stimuli\\Blank.png'
67.0799 	EXP 	image: autoDraw = True
67.0799 	EXP 	fixationOutside: autoDraw = True
67.0799 	EXP 	fixationInside: autoDraw = True
67.2383 	DATA 	Keypress: 5
67.2652 	EXP 	New trial (rep=0, index=49): OrderedDict([('eventStartTime', 36.0), ('eventEndTime', 36.8), ('eventCond', 2), ('imSize', 0.75), ('imFile', 'Stimuli\\ImageFiles-Set1\\Bodies\\Bodies_Standing_00007.png'), ('repeatedImage', 0), ('responseEvent', 0)])
67.2800 	EXP 	image: autoDraw = False
67.2800 	EXP 	fixationOutside: autoDraw = False
67.2800 	EXP 	fixationInside: autoDraw = False
67.2800 	EXP 	image: autoDraw = False
67.2800 	EXP 	fixationOutside: autoDraw = False
67.2800 	EXP 	fixationInside: autoDraw = False
67.2800 	EXP 	image: size = array([0.75, 0.75])
67.2800 	EXP 	image: image = 'Stimuli\\ImageFiles-Set1\\Bodies\\Bodies_Standing_00007.png'
67.2800 	EXP 	image: autoDraw = True
67.2800 	EXP 	fixationOutside: autoDraw = True
67.2800 	EXP 	fixationInside: autoDraw = True
68.0502 	EXP 	New trial (rep=0, index=50): OrderedDict([('eventStartTime', 36.8), ('eventEndTime', 37.0), ('eventCond', 5), ('imSize', 0.0), ('imFile', 'Stimuli\\Blank.png'), ('repeatedImage', 0), ('responseEvent', 0)])
68.0641 	EXP 	image: autoDraw = False
68.0641 	EXP 	fixationOutside: autoDraw = False
68.0641 	EXP 	fixationInside: autoDraw = False
68.0641 	EXP 	image: autoDraw = False
68.0641 	EXP 	fixationOutside: autoDraw = False
68.0641 	EXP 	fixationInside: autoDraw = False
68.0641 	EXP 	image: size = array([0., 0.])
68.0641 	EXP 	image: image = 'Stimuli\\Blank.png'
68.0641 	EXP 	image: autoDraw = True
68.0641 	EXP 	fixationOutside: autoDraw = True
68.0641 	EXP 	fixationInside: autoDraw = True
68.2500 	EXP 	New trial (rep=0, index=51): OrderedDict([('eventStartTime', 37.0), ('eventEndTime', 37.8), ('eventCond', 2), ('imSize', 0.75), ('imFile', 'Stimuli\\ImageFiles-Set1\\Bodies\\Bodies_DownwardDog_00007.png'), ('repeatedImage', 0), ('responseEvent', 0)])
68.2809 	EXP 	image: autoDraw = False
68.2809 	EXP 	fixationOutside: autoDraw = False
68.2809 	EXP 	fixationInside: autoDraw = False
68.2809 	EXP 	image: autoDraw = False
68.2809 	EXP 	fixationOutside: autoDraw = False
68.2809 	EXP 	fixationInside: autoDraw = False
68.2809 	EXP 	image: size = array([0.75, 0.75])
68.2809 	EXP 	image: image = 'Stimuli\\ImageFiles-Set1\\Bodies\\Bodies_DownwardDog_00007.png'
68.2809 	EXP 	image: autoDraw = True
68.2809 	EXP 	fixationOutside: autoDraw = True
68.2809 	EXP 	fixationInside: autoDraw = True
69.0674 	EXP 	New trial (rep=0, index=52): OrderedDict([('eventStartTime', 37.8), ('eventEndTime', 38.0), ('eventCond', 5), ('imSize', 0.0), ('imFile', 'Stimuli\\Blank.png'), ('repeatedImage', 0), ('responseEvent', 0)])
69.0817 	EXP 	image: autoDraw = False
69.0817 	EXP 	fixationOutside: autoDraw = False
69.0817 	EXP 	fixationInside: autoDraw = False
69.0817 	EXP 	image: autoDraw = False
69.0817 	EXP 	fixationOutside: autoDraw = False
69.0817 	EXP 	fixationInside: autoDraw = False
69.0817 	EXP 	image: size = array([0., 0.])
69.0817 	EXP 	image: image = 'Stimuli\\Blank.png'
69.0817 	EXP 	image: autoDraw = True
69.0817 	EXP 	fixationOutside: autoDraw = True
69.0817 	EXP 	fixationInside: autoDraw = True
69.2371 	DATA 	Keypress: 5
69.2512 	EXP 	New trial (rep=0, index=53): OrderedDict([('eventStartTime', 38.0), ('eventEndTime', 38.8), ('eventCond', 2), ('imSize', 0.75), ('imFile', 'Stimuli\\ImageFiles-Set1\\Bodies\\Bodies_DownwardDog_00001.png'), ('repeatedImage', 0), ('responseEvent', 0)])
69.2651 	EXP 	image: autoDraw = False
69.2651 	EXP 	fixationOutside: autoDraw = False
69.2651 	EXP 	fixationInside: autoDraw = False
69.2651 	EXP 	image: autoDraw = False
69.2651 	EXP 	fixationOutside: autoDraw = False
69.2651 	EXP 	fixationInside: autoDraw = False
69.2651 	EXP 	image: size = array([0.75, 0.75])
69.2651 	EXP 	image: image = 'Stimuli\\ImageFiles-Set1\\Bodies\\Bodies_DownwardDog_00001.png'
69.2651 	EXP 	image: autoDraw = True
69.2651 	EXP 	fixationOutside: autoDraw = True
69.2651 	EXP 	fixationInside: autoDraw = True
70.0352 	EXP 	New trial (rep=0, index=54): OrderedDict([('eventStartTime', 38.8), ('eventEndTime', 39.0), ('eventCond', 5), ('imSize', 0.0), ('imFile', 'Stimuli\\Blank.png'), ('repeatedImage', 0), ('responseEvent', 0)])
70.0491 	EXP 	image: autoDraw = False
70.0491 	EXP 	fixationOutside: autoDraw = False
70.0491 	EXP 	fixationInside: autoDraw = False
70.0491 	EXP 	image: autoDraw = False
70.0491 	EXP 	fixationOutside: autoDraw = False
70.0491 	EXP 	fixationInside: autoDraw = False
70.0491 	EXP 	image: size = array([0., 0.])
70.0491 	EXP 	image: image = 'Stimuli\\Blank.png'
70.0491 	EXP 	image: autoDraw = True
70.0491 	EXP 	fixationOutside: autoDraw = True
70.0491 	EXP 	fixationInside: autoDraw = True
70.2350 	EXP 	New trial (rep=0, index=55): OrderedDict([('eventStartTime', 39.0), ('eventEndTime', 39.8), ('eventCond', 2), ('imSize', 0.75), ('imFile', 'Stimuli\\ImageFiles-Set1\\Bodies\\Bodies_Lunging_00001.png'), ('repeatedImage', 0), ('responseEvent', 0)])
70.2660 	EXP 	image: autoDraw = False
70.2660 	EXP 	fixationOutside: autoDraw = False
70.2660 	EXP 	fixationInside: autoDraw = False
70.2660 	EXP 	image: autoDraw = False
70.2660 	EXP 	fixationOutside: autoDraw = False
70.2660 	EXP 	fixationInside: autoDraw = False
70.2660 	EXP 	image: size = array([0.75, 0.75])
70.2660 	EXP 	image: image = 'Stimuli\\ImageFiles-Set1\\Bodies\\Bodies_Lunging_00001.png'
70.2660 	EXP 	image: autoDraw = True
70.2660 	EXP 	fixationOutside: autoDraw = True
70.2660 	EXP 	fixationInside: autoDraw = True
71.0519 	EXP 	New trial (rep=0, index=56): OrderedDict([('eventStartTime', 39.8), ('eventEndTime', 40.0), ('eventCond', 5), ('imSize', 0.0), ('imFile', 'Stimuli\\Blank.png'), ('repeatedImage', 0), ('responseEvent', 0)])
71.0667 	EXP 	image: autoDraw = False
71.0667 	EXP 	fixationOutside: autoDraw = False
71.0667 	EXP 	fixationInside: autoDraw = False
71.0667 	EXP 	image: autoDraw = False
71.0667 	EXP 	fixationOutside: autoDraw = False
71.0667 	EXP 	fixationInside: autoDraw = False
71.0667 	EXP 	image: size = array([0., 0.])
71.0667 	EXP 	image: image = 'Stimuli\\Blank.png'
71.0667 	EXP 	image: autoDraw = True
71.0667 	EXP 	fixationOutside: autoDraw = True
71.0667 	EXP 	fixationInside: autoDraw = True
71.2355 	EXP 	New trial (rep=0, index=57): OrderedDict([('eventStartTime', 40.0), ('eventEndTime', 40.8), ('eventCond', 2), ('imSize', 0.75), ('imFile', 'Stimuli\\ImageFiles-Set1\\Bodies\\Bodies_Punching_00003.png'), ('repeatedImage', 0), ('responseEvent', 0)])
71.2427 	DATA 	Keypress: 5
71.2502 	EXP 	image: autoDraw = False
71.2502 	EXP 	fixationOutside: autoDraw = False
71.2502 	EXP 	fixationInside: autoDraw = False
71.2502 	EXP 	image: autoDraw = False
71.2502 	EXP 	fixationOutside: autoDraw = False
71.2502 	EXP 	fixationInside: autoDraw = False
71.2502 	EXP 	image: size = array([0.75, 0.75])
71.2502 	EXP 	image: image = 'Stimuli\\ImageFiles-Set1\\Bodies\\Bodies_Punching_00003.png'
71.2502 	EXP 	image: autoDraw = True
71.2502 	EXP 	fixationOutside: autoDraw = True
71.2502 	EXP 	fixationInside: autoDraw = True
72.0363 	EXP 	New trial (rep=0, index=58): OrderedDict([('eventStartTime', 40.8), ('eventEndTime', 41.0), ('eventCond', 5), ('imSize', 0.0), ('imFile', 'Stimuli\\Blank.png'), ('repeatedImage', 0), ('responseEvent', 0)])
72.0509 	EXP 	image: autoDraw = False
72.0509 	EXP 	fixationOutside: autoDraw = False
72.0509 	EXP 	fixationInside: autoDraw = False
72.0509 	EXP 	image: autoDraw = False
72.0509 	EXP 	fixationOutside: autoDraw = False
72.0509 	EXP 	fixationInside: autoDraw = False
72.0509 	EXP 	image: size = array([0., 0.])
72.0509 	EXP 	image: image = 'Stimuli\\Blank.png'
72.0509 	EXP 	image: autoDraw = True
72.0509 	EXP 	fixationOutside: autoDraw = True
72.0509 	EXP 	fixationInside: autoDraw = True
72.2369 	EXP 	New trial (rep=0, index=59): OrderedDict([('eventStartTime', 41.0), ('eventEndTime', 41.8), ('eventCond', 2), ('imSize', 0.75), ('imFile', 'Stimuli\\ImageFiles-Set1\\Bodies\\Bodies_Lunging_00003.png'), ('repeatedImage', 0), ('responseEvent', 0)])
72.2511 	EXP 	image: autoDraw = False
72.2511 	EXP 	fixationOutside: autoDraw = False
72.2511 	EXP 	fixationInside: autoDraw = False
72.2511 	EXP 	image: autoDraw = False
72.2511 	EXP 	fixationOutside: autoDraw = False
72.2511 	EXP 	fixationInside: autoDraw = False
72.2511 	EXP 	image: size = array([0.75, 0.75])
72.2511 	EXP 	image: image = 'Stimuli\\ImageFiles-Set1\\Bodies\\Bodies_Lunging_00003.png'
72.2511 	EXP 	image: autoDraw = True
72.2511 	EXP 	fixationOutside: autoDraw = True
72.2511 	EXP 	fixationInside: autoDraw = True
73.0373 	EXP 	New trial (rep=0, index=60): OrderedDict([('eventStartTime', 41.8), ('eventEndTime', 42.0), ('eventCond', 5), ('imSize', 0.0), ('imFile', 'Stimuli\\Blank.png'), ('repeatedImage', 0), ('responseEvent', 0)])
73.0518 	EXP 	image: autoDraw = False
73.0518 	EXP 	fixationOutside: autoDraw = False
73.0518 	EXP 	fixationInside: autoDraw = False
73.0518 	EXP 	image: autoDraw = False
73.0518 	EXP 	fixationOutside: autoDraw = False
73.0518 	EXP 	fixationInside: autoDraw = False
73.0518 	EXP 	image: size = array([0., 0.])
73.0518 	EXP 	image: image = 'Stimuli\\Blank.png'
73.0518 	EXP 	image: autoDraw = True
73.0518 	EXP 	fixationOutside: autoDraw = True
73.0518 	EXP 	fixationInside: autoDraw = True
73.2276 	DATA 	Keypress: 5
73.2372 	EXP 	New trial (rep=0, index=61): OrderedDict([('eventStartTime', 42.0), ('eventEndTime', 42.8), ('eventCond', 2), ('imSize', 0.75), ('imFile', 'Stimuli\\ImageFiles-Set1\\Bodies\\Bodies_SittingStretch_00005.png'), ('repeatedImage', 0), ('responseEvent', 0)])
73.2520 	EXP 	image: autoDraw = False
73.2520 	EXP 	fixationOutside: autoDraw = False
73.2520 	EXP 	fixationInside: autoDraw = False
73.2520 	EXP 	image: autoDraw = False
73.2520 	EXP 	fixationOutside: autoDraw = False
73.2520 	EXP 	fixationInside: autoDraw = False
73.2520 	EXP 	image: size = array([0.75, 0.75])
73.2520 	EXP 	image: image = 'Stimuli\\ImageFiles-Set1\\Bodies\\Bodies_SittingStretch_00005.png'
73.2520 	EXP 	image: autoDraw = True
73.2520 	EXP 	fixationOutside: autoDraw = True
73.2520 	EXP 	fixationInside: autoDraw = True
74.0401 	EXP 	New trial (rep=0, index=62): OrderedDict([('eventStartTime', 42.8), ('eventEndTime', 43.0), ('eventCond', 5), ('imSize', 0.0), ('imFile', 'Stimuli\\Blank.png'), ('repeatedImage', 0), ('responseEvent', 0)])
74.0694 	EXP 	image: autoDraw = False
74.0694 	EXP 	fixationOutside: autoDraw = False
74.0694 	EXP 	fixationInside: autoDraw = False
74.0694 	EXP 	image: autoDraw = False
74.0694 	EXP 	fixationOutside: autoDraw = False
74.0694 	EXP 	fixationInside: autoDraw = False
74.0694 	EXP 	image: size = array([0., 0.])
74.0694 	EXP 	image: image = 'Stimuli\\Blank.png'
74.0694 	EXP 	image: autoDraw = True
74.0694 	EXP 	fixationOutside: autoDraw = True
74.0694 	EXP 	fixationInside: autoDraw = True
74.2558 	EXP 	New trial (rep=0, index=63): OrderedDict([('eventStartTime', 43.0), ('eventEndTime', 43.8), ('eventCond', 2), ('imSize', 0.75), ('imFile', 'Stimuli\\ImageFiles-Set1\\Bodies\\Bodies_Hanging_00002.png'), ('repeatedImage', 0), ('responseEvent', 0)])
74.2862 	EXP 	image: autoDraw = False
74.2862 	EXP 	fixationOutside: autoDraw = False
74.2862 	EXP 	fixationInside: autoDraw = False
74.2862 	EXP 	image: autoDraw = False
74.2862 	EXP 	fixationOutside: autoDraw = False
74.2862 	EXP 	fixationInside: autoDraw = False
74.2862 	EXP 	image: size = array([0.75, 0.75])
74.2862 	EXP 	image: image = 'Stimuli\\ImageFiles-Set1\\Bodies\\Bodies_Hanging_00002.png'
74.2862 	EXP 	image: autoDraw = True
74.2862 	EXP 	fixationOutside: autoDraw = True
74.2862 	EXP 	fixationInside: autoDraw = True
75.0561 	EXP 	New trial (rep=0, index=64): OrderedDict([('eventStartTime', 43.8), ('eventEndTime', 44.0), ('eventCond', 5), ('imSize', 0.0), ('imFile', 'Stimuli\\Blank.png'), ('repeatedImage', 0), ('responseEvent', 0)])
75.0702 	EXP 	image: autoDraw = False
75.0702 	EXP 	fixationOutside: autoDraw = False
75.0702 	EXP 	fixationInside: autoDraw = False
75.0702 	EXP 	image: autoDraw = False
75.0702 	EXP 	fixationOutside: autoDraw = False
75.0702 	EXP 	fixationInside: autoDraw = False
75.0702 	EXP 	image: size = array([0., 0.])
75.0702 	EXP 	image: image = 'Stimuli\\Blank.png'
75.0702 	EXP 	image: autoDraw = True
75.0702 	EXP 	fixationOutside: autoDraw = True
75.0702 	EXP 	fixationInside: autoDraw = True
75.2257 	DATA 	Keypress: 5
75.2389 	EXP 	New trial (rep=0, index=65): OrderedDict([('eventStartTime', 44.0), ('eventEndTime', 44.8), ('eventCond', 3), ('imSize', 0.75), ('imFile', 'Stimuli\\ImageFiles-Set1\\Faces\\Face_00059.png'), ('repeatedImage', 0), ('responseEvent', 0)])
75.2538 	EXP 	image: autoDraw = False
75.2538 	EXP 	fixationOutside: autoDraw = False
75.2538 	EXP 	fixationInside: autoDraw = False
75.2538 	EXP 	image: autoDraw = False
75.2538 	EXP 	fixationOutside: autoDraw = False
75.2538 	EXP 	fixationInside: autoDraw = False
75.2538 	EXP 	image: size = array([0.75, 0.75])
75.2538 	EXP 	image: image = 'Stimuli\\ImageFiles-Set1\\Faces\\Face_00059.png'
75.2538 	EXP 	image: autoDraw = True
75.2538 	EXP 	fixationOutside: autoDraw = True
75.2538 	EXP 	fixationInside: autoDraw = True
76.0409 	EXP 	New trial (rep=0, index=66): OrderedDict([('eventStartTime', 44.8), ('eventEndTime', 45.0), ('eventCond', 5), ('imSize', 0.0), ('imFile', 'Stimuli\\Blank.png'), ('repeatedImage', 0), ('responseEvent', 0)])
76.0545 	EXP 	image: autoDraw = False
76.0545 	EXP 	fixationOutside: autoDraw = False
76.0545 	EXP 	fixationInside: autoDraw = False
76.0545 	EXP 	image: autoDraw = False
76.0545 	EXP 	fixationOutside: autoDraw = False
76.0545 	EXP 	fixationInside: autoDraw = False
76.0545 	EXP 	image: size = array([0., 0.])
76.0545 	EXP 	image: image = 'Stimuli\\Blank.png'
76.0545 	EXP 	image: autoDraw = True
76.0545 	EXP 	fixationOutside: autoDraw = True
76.0545 	EXP 	fixationInside: autoDraw = True
76.2409 	EXP 	New trial (rep=0, index=67): OrderedDict([('eventStartTime', 45.0), ('eventEndTime', 45.8), ('eventCond', 3), ('imSize', 0.75), ('imFile', 'Stimuli\\ImageFiles-Set1\\Faces\\Face_00039.png'), ('repeatedImage', 0), ('responseEvent', 0)])
76.2713 	EXP 	image: autoDraw = False
76.2713 	EXP 	fixationOutside: autoDraw = False
76.2713 	EXP 	fixationInside: autoDraw = False
76.2713 	EXP 	image: autoDraw = False
76.2713 	EXP 	fixationOutside: autoDraw = False
76.2713 	EXP 	fixationInside: autoDraw = False
76.2713 	EXP 	image: size = array([0.75, 0.75])
76.2713 	EXP 	image: image = 'Stimuli\\ImageFiles-Set1\\Faces\\Face_00039.png'
76.2713 	EXP 	image: autoDraw = True
76.2713 	EXP 	fixationOutside: autoDraw = True
76.2713 	EXP 	fixationInside: autoDraw = True
77.0579 	EXP 	New trial (rep=0, index=68): OrderedDict([('eventStartTime', 45.8), ('eventEndTime', 46.0), ('eventCond', 5), ('imSize', 0.0), ('imFile', 'Stimuli\\Blank.png'), ('repeatedImage', 0), ('responseEvent', 0)])
77.0721 	EXP 	image: autoDraw = False
77.0721 	EXP 	fixationOutside: autoDraw = False
77.0721 	EXP 	fixationInside: autoDraw = False
77.0721 	EXP 	image: autoDraw = False
77.0721 	EXP 	fixationOutside: autoDraw = False
77.0721 	EXP 	fixationInside: autoDraw = False
77.0721 	EXP 	image: size = array([0., 0.])
77.0721 	EXP 	image: image = 'Stimuli\\Blank.png'
77.0721 	EXP 	image: autoDraw = True
77.0721 	EXP 	fixationOutside: autoDraw = True
77.0721 	EXP 	fixationInside: autoDraw = True
77.2293 	DATA 	Keypress: 5
77.2410 	EXP 	New trial (rep=0, index=69): OrderedDict([('eventStartTime', 46.0), ('eventEndTime', 46.8), ('eventCond', 3), ('imSize', 0.75), ('imFile', 'Stimuli\\ImageFiles-Set1\\Faces\\Face_00033.png'), ('repeatedImage', 0), ('responseEvent', 0)])
77.2555 	EXP 	image: autoDraw = False
77.2555 	EXP 	fixationOutside: autoDraw = False
77.2555 	EXP 	fixationInside: autoDraw = False
77.2555 	EXP 	image: autoDraw = False
77.2555 	EXP 	fixationOutside: autoDraw = False
77.2555 	EXP 	fixationInside: autoDraw = False
77.2555 	EXP 	image: size = array([0.75, 0.75])
77.2555 	EXP 	image: image = 'Stimuli\\ImageFiles-Set1\\Faces\\Face_00033.png'
77.2555 	EXP 	image: autoDraw = True
77.2555 	EXP 	fixationOutside: autoDraw = True
77.2555 	EXP 	fixationInside: autoDraw = True
78.0422 	EXP 	New trial (rep=0, index=70): OrderedDict([('eventStartTime', 46.8), ('eventEndTime', 47.0), ('eventCond', 5), ('imSize', 0.0), ('imFile', 'Stimuli\\Blank.png'), ('repeatedImage', 0), ('responseEvent', 0)])
78.0562 	EXP 	image: autoDraw = False
78.0562 	EXP 	fixationOutside: autoDraw = False
78.0562 	EXP 	fixationInside: autoDraw = False
78.0562 	EXP 	image: autoDraw = False
78.0562 	EXP 	fixationOutside: autoDraw = False
78.0562 	EXP 	fixationInside: autoDraw = False
78.0562 	EXP 	image: size = array([0., 0.])
78.0562 	EXP 	image: image = 'Stimuli\\Blank.png'
78.0562 	EXP 	image: autoDraw = True
78.0562 	EXP 	fixationOutside: autoDraw = True
78.0562 	EXP 	fixationInside: autoDraw = True
78.2420 	EXP 	New trial (rep=0, index=71): OrderedDict([('eventStartTime', 47.0), ('eventEndTime', 47.8), ('eventCond', 3), ('imSize', 0.75), ('imFile', 'Stimuli\\ImageFiles-Set1\\Faces\\Face_00107.png'), ('repeatedImage', 0), ('responseEvent', 0)])
78.2564 	EXP 	image: autoDraw = False
78.2564 	EXP 	fixationOutside: autoDraw = False
78.2564 	EXP 	fixationInside: autoDraw = False
78.2564 	EXP 	image: autoDraw = False
78.2564 	EXP 	fixationOutside: autoDraw = False
78.2564 	EXP 	fixationInside: autoDraw = False
78.2564 	EXP 	image: size = array([0.75, 0.75])
78.2564 	EXP 	image: image = 'Stimuli\\ImageFiles-Set1\\Faces\\Face_00107.png'
78.2564 	EXP 	image: autoDraw = True
78.2564 	EXP 	fixationOutside: autoDraw = True
78.2564 	EXP 	fixationInside: autoDraw = True
79.0425 	EXP 	New trial (rep=0, index=72): OrderedDict([('eventStartTime', 47.8), ('eventEndTime', 48.0), ('eventCond', 5), ('imSize', 0.0), ('imFile', 'Stimuli\\Blank.png'), ('repeatedImage', 0), ('responseEvent', 0)])
79.0571 	EXP 	image: autoDraw = False
79.0571 	EXP 	fixationOutside: autoDraw = False
79.0571 	EXP 	fixationInside: autoDraw = False
79.0571 	EXP 	image: autoDraw = False
79.0571 	EXP 	fixationOutside: autoDraw = False
79.0571 	EXP 	fixationInside: autoDraw = False
79.0571 	EXP 	image: size = array([0., 0.])
79.0571 	EXP 	image: image = 'Stimuli\\Blank.png'
79.0571 	EXP 	image: autoDraw = True
79.0571 	EXP 	fixationOutside: autoDraw = True
79.0571 	EXP 	fixationInside: autoDraw = True
79.2343 	DATA 	Keypress: 5
79.2445 	EXP 	New trial (rep=0, index=73): OrderedDict([('eventStartTime', 48.0), ('eventEndTime', 48.8), ('eventCond', 3), ('imSize', 0.75), ('imFile', 'Stimuli\\ImageFiles-Set1\\Faces\\Face_00071.png'), ('repeatedImage', 0), ('responseEvent', 0)])
79.2740 	EXP 	image: autoDraw = False
79.2740 	EXP 	fixationOutside: autoDraw = False
79.2740 	EXP 	fixationInside: autoDraw = False
79.2740 	EXP 	image: autoDraw = False
79.2740 	EXP 	fixationOutside: autoDraw = False
79.2740 	EXP 	fixationInside: autoDraw = False
79.2740 	EXP 	image: size = array([0.75, 0.75])
79.2740 	EXP 	image: image = 'Stimuli\\ImageFiles-Set1\\Faces\\Face_00071.png'
79.2740 	EXP 	image: autoDraw = True
79.2740 	EXP 	fixationOutside: autoDraw = True
79.2740 	EXP 	fixationInside: autoDraw = True
80.0610 	EXP 	New trial (rep=0, index=74): OrderedDict([('eventStartTime', 48.8), ('eventEndTime', 49.0), ('eventCond', 5), ('imSize', 0.0), ('imFile', 'Stimuli\\Blank.png'), ('repeatedImage', 0), ('responseEvent', 0)])
80.0914 	EXP 	image: autoDraw = False
80.0914 	EXP 	fixationOutside: autoDraw = False
80.0914 	EXP 	fixationInside: autoDraw = False
80.0914 	EXP 	image: autoDraw = False
80.0914 	EXP 	fixationOutside: autoDraw = False
80.0914 	EXP 	fixationInside: autoDraw = False
80.0914 	EXP 	image: size = array([0., 0.])
80.0914 	EXP 	image: image = 'Stimuli\\Blank.png'
80.0914 	EXP 	image: autoDraw = True
80.0914 	EXP 	fixationOutside: autoDraw = True
80.0914 	EXP 	fixationInside: autoDraw = True
80.2607 	EXP 	New trial (rep=0, index=75): OrderedDict([('eventStartTime', 49.0), ('eventEndTime', 49.8), ('eventCond', 3), ('imSize', 0.75), ('imFile', 'Stimuli\\ImageFiles-Set1\\Faces\\Face_00016.png'), ('repeatedImage', 0), ('responseEvent', 0)])
80.2915 	EXP 	image: autoDraw = False
80.2915 	EXP 	fixationOutside: autoDraw = False
80.2915 	EXP 	fixationInside: autoDraw = False
80.2915 	EXP 	image: autoDraw = False
80.2915 	EXP 	fixationOutside: autoDraw = False
80.2915 	EXP 	fixationInside: autoDraw = False
80.2915 	EXP 	image: size = array([0.75, 0.75])
80.2915 	EXP 	image: image = 'Stimuli\\ImageFiles-Set1\\Faces\\Face_00016.png'
80.2915 	EXP 	image: autoDraw = True
80.2915 	EXP 	fixationOutside: autoDraw = True
80.2915 	EXP 	fixationInside: autoDraw = True
81.0618 	EXP 	New trial (rep=0, index=76): OrderedDict([('eventStartTime', 49.8), ('eventEndTime', 50.0), ('eventCond', 5), ('imSize', 0.0), ('imFile', 'Stimuli\\Blank.png'), ('repeatedImage', 0), ('responseEvent', 0)])
81.0756 	EXP 	image: autoDraw = False
81.0756 	EXP 	fixationOutside: autoDraw = False
81.0756 	EXP 	fixationInside: autoDraw = False
81.0756 	EXP 	image: autoDraw = False
81.0756 	EXP 	fixationOutside: autoDraw = False
81.0756 	EXP 	fixationInside: autoDraw = False
81.0756 	EXP 	image: size = array([0., 0.])
81.0756 	EXP 	image: image = 'Stimuli\\Blank.png'
81.0756 	EXP 	image: autoDraw = True
81.0756 	EXP 	fixationOutside: autoDraw = True
81.0756 	EXP 	fixationInside: autoDraw = True
81.2335 	DATA 	Keypress: 5
81.2444 	EXP 	New trial (rep=0, index=77): OrderedDict([('eventStartTime', 50.0), ('eventEndTime', 50.8), ('eventCond', 3), ('imSize', 0.75), ('imFile', 'Stimuli\\ImageFiles-Set1\\Faces\\Face_00009.png'), ('repeatedImage', 0), ('responseEvent', 0)])
81.2591 	EXP 	image: autoDraw = False
81.2591 	EXP 	fixationOutside: autoDraw = False
81.2591 	EXP 	fixationInside: autoDraw = False
81.2591 	EXP 	image: autoDraw = False
81.2591 	EXP 	fixationOutside: autoDraw = False
81.2591 	EXP 	fixationInside: autoDraw = False
81.2591 	EXP 	image: size = array([0.75, 0.75])
81.2591 	EXP 	image: image = 'Stimuli\\ImageFiles-Set1\\Faces\\Face_00009.png'
81.2591 	EXP 	image: autoDraw = True
81.2591 	EXP 	fixationOutside: autoDraw = True
81.2591 	EXP 	fixationInside: autoDraw = True
82.0463 	EXP 	New trial (rep=0, index=78): OrderedDict([('eventStartTime', 50.8), ('eventEndTime', 51.0), ('eventCond', 5), ('imSize', 0.0), ('imFile', 'Stimuli\\Blank.png'), ('repeatedImage', 0), ('responseEvent', 0)])
82.0598 	EXP 	image: autoDraw = False
82.0598 	EXP 	fixationOutside: autoDraw = False
82.0598 	EXP 	fixationInside: autoDraw = False
82.0598 	EXP 	image: autoDraw = False
82.0598 	EXP 	fixationOutside: autoDraw = False
82.0598 	EXP 	fixationInside: autoDraw = False
82.0598 	EXP 	image: size = array([0., 0.])
82.0598 	EXP 	image: image = 'Stimuli\\Blank.png'
82.0598 	EXP 	image: autoDraw = True
82.0598 	EXP 	fixationOutside: autoDraw = True
82.0598 	EXP 	fixationInside: autoDraw = True
82.2460 	EXP 	New trial (rep=0, index=79): OrderedDict([('eventStartTime', 51.0), ('eventEndTime', 51.8), ('eventCond', 3), ('imSize', 0.75), ('imFile', 'Stimuli\\ImageFiles-Set1\\Faces\\Face_00007.png'), ('repeatedImage', 0), ('responseEvent', 0)])
82.2766 	EXP 	image: autoDraw = False
82.2766 	EXP 	fixationOutside: autoDraw = False
82.2766 	EXP 	fixationInside: autoDraw = False
82.2766 	EXP 	image: autoDraw = False
82.2766 	EXP 	fixationOutside: autoDraw = False
82.2766 	EXP 	fixationInside: autoDraw = False
82.2766 	EXP 	image: size = array([0.75, 0.75])
82.2766 	EXP 	image: image = 'Stimuli\\ImageFiles-Set1\\Faces\\Face_00007.png'
82.2766 	EXP 	image: autoDraw = True
82.2766 	EXP 	fixationOutside: autoDraw = True
82.2766 	EXP 	fixationInside: autoDraw = True
83.0649 	EXP 	New trial (rep=0, index=80): OrderedDict([('eventStartTime', 51.8), ('eventEndTime', 52.0), ('eventCond', 5), ('imSize', 0.0), ('imFile', 'Stimuli\\Blank.png'), ('repeatedImage', 0), ('responseEvent', 0)])
83.0940 	EXP 	image: autoDraw = False
83.0940 	EXP 	fixationOutside: autoDraw = False
83.0940 	EXP 	fixationInside: autoDraw = False
83.0940 	EXP 	image: autoDraw = False
83.0940 	EXP 	fixationOutside: autoDraw = False
83.0940 	EXP 	fixationInside: autoDraw = False
83.0940 	EXP 	image: size = array([0., 0.])
83.0940 	EXP 	image: image = 'Stimuli\\Blank.png'
83.0940 	EXP 	image: autoDraw = True
83.0940 	EXP 	fixationOutside: autoDraw = True
83.0940 	EXP 	fixationInside: autoDraw = True
83.2323 	DATA 	Keypress: 5
83.2652 	EXP 	New trial (rep=0, index=81): OrderedDict([('eventStartTime', 52.0), ('eventEndTime', 52.8), ('eventCond', 3), ('imSize', 0.75), ('imFile', 'Stimuli\\ImageFiles-Set1\\Faces\\Face_00091.png'), ('repeatedImage', 0), ('responseEvent', 0)])
83.2942 	EXP 	image: autoDraw = False
83.2942 	EXP 	fixationOutside: autoDraw = False
83.2942 	EXP 	fixationInside: autoDraw = False
83.2942 	EXP 	image: autoDraw = False
83.2942 	EXP 	fixationOutside: autoDraw = False
83.2942 	EXP 	fixationInside: autoDraw = False
83.2942 	EXP 	image: size = array([0.75, 0.75])
83.2942 	EXP 	image: image = 'Stimuli\\ImageFiles-Set1\\Faces\\Face_00091.png'
83.2942 	EXP 	image: autoDraw = True
83.2942 	EXP 	fixationOutside: autoDraw = True
83.2942 	EXP 	fixationInside: autoDraw = True
84.0641 	EXP 	New trial (rep=0, index=82): OrderedDict([('eventStartTime', 52.8), ('eventEndTime', 53.0), ('eventCond', 5), ('imSize', 0.0), ('imFile', 'Stimuli\\Blank.png'), ('repeatedImage', 0), ('responseEvent', 0)])
84.0782 	EXP 	image: autoDraw = False
84.0782 	EXP 	fixationOutside: autoDraw = False
84.0782 	EXP 	fixationInside: autoDraw = False
84.0782 	EXP 	image: autoDraw = False
84.0782 	EXP 	fixationOutside: autoDraw = False
84.0782 	EXP 	fixationInside: autoDraw = False
84.0782 	EXP 	image: size = array([0., 0.])
84.0782 	EXP 	image: image = 'Stimuli\\Blank.png'
84.0782 	EXP 	image: autoDraw = True
84.0782 	EXP 	fixationOutside: autoDraw = True
84.0782 	EXP 	fixationInside: autoDraw = True
84.2469 	EXP 	New trial (rep=0, index=83): OrderedDict([('eventStartTime', 53.0), ('eventEndTime', 53.8), ('eventCond', 3), ('imSize', 0.75), ('imFile', 'Stimuli\\ImageFiles-Set1\\Faces\\Face_00091.png'), ('repeatedImage', 1), ('responseEvent', 1)])
84.2784 	EXP 	image: autoDraw = False
84.2784 	EXP 	fixationOutside: autoDraw = False
84.2784 	EXP 	fixationInside: autoDraw = False
84.2784 	EXP 	image: autoDraw = False
84.2784 	EXP 	fixationOutside: autoDraw = False
84.2784 	EXP 	fixationInside: autoDraw = False
84.2784 	EXP 	image: size = array([0.75, 0.75])
84.2784 	EXP 	image: image = 'Stimuli\\ImageFiles-Set1\\Faces\\Face_00091.png'
84.2784 	EXP 	image: autoDraw = True
84.2784 	EXP 	fixationOutside: autoDraw = True
84.2784 	EXP 	fixationInside: autoDraw = True
84.6839 	DATA 	Keypress: 3
85.0649 	EXP 	New trial (rep=0, index=84): OrderedDict([('eventStartTime', 53.8), ('eventEndTime', 54.0), ('eventCond', 5), ('imSize', 0.0), ('imFile', 'Stimuli\\Blank.png'), ('repeatedImage', 0), ('responseEvent', 0)])
85.0791 	EXP 	image: autoDraw = False
85.0791 	EXP 	fixationOutside: autoDraw = False
85.0791 	EXP 	fixationInside: autoDraw = False
85.0791 	EXP 	image: autoDraw = False
85.0791 	EXP 	fixationOutside: autoDraw = False
85.0791 	EXP 	fixationInside: autoDraw = False
85.0791 	EXP 	image: size = array([0., 0.])
85.0791 	EXP 	image: image = 'Stimuli\\Blank.png'
85.0791 	EXP 	image: autoDraw = True
85.0791 	EXP 	fixationOutside: autoDraw = True
85.0791 	EXP 	fixationInside: autoDraw = True
85.2378 	DATA 	Keypress: 5
85.2489 	EXP 	New trial (rep=0, index=85): OrderedDict([('eventStartTime', 54.0), ('eventEndTime', 54.8), ('eventCond', 3), ('imSize', 0.75), ('imFile', 'Stimuli\\ImageFiles-Set1\\Faces\\Face_00081.png'), ('repeatedImage', 0), ('responseEvent', 0)])
85.2793 	EXP 	image: autoDraw = False
85.2793 	EXP 	fixationOutside: autoDraw = False
85.2793 	EXP 	fixationInside: autoDraw = False
85.2793 	EXP 	image: autoDraw = False
85.2793 	EXP 	fixationOutside: autoDraw = False
85.2793 	EXP 	fixationInside: autoDraw = False
85.2793 	EXP 	image: size = array([0.75, 0.75])
85.2793 	EXP 	image: image = 'Stimuli\\ImageFiles-Set1\\Faces\\Face_00081.png'
85.2793 	EXP 	image: autoDraw = True
85.2793 	EXP 	fixationOutside: autoDraw = True
85.2793 	EXP 	fixationInside: autoDraw = True
86.0661 	EXP 	New trial (rep=0, index=86): OrderedDict([('eventStartTime', 54.8), ('eventEndTime', 55.0), ('eventCond', 5), ('imSize', 0.0), ('imFile', 'Stimuli\\Blank.png'), ('repeatedImage', 0), ('responseEvent', 0)])
86.0800 	EXP 	image: autoDraw = False
86.0800 	EXP 	fixationOutside: autoDraw = False
86.0800 	EXP 	fixationInside: autoDraw = False
86.0800 	EXP 	image: autoDraw = False
86.0800 	EXP 	fixationOutside: autoDraw = False
86.0800 	EXP 	fixationInside: autoDraw = False
86.0800 	EXP 	image: size = array([0., 0.])
86.0800 	EXP 	image: image = 'Stimuli\\Blank.png'
86.0800 	EXP 	image: autoDraw = True
86.0800 	EXP 	fixationOutside: autoDraw = True
86.0800 	EXP 	fixationInside: autoDraw = True
86.2503 	EXP 	New trial (rep=0, index=87): OrderedDict([('eventStartTime', 55.0), ('eventEndTime', 55.8), ('eventCond', 3), ('imSize', 0.75), ('imFile', 'Stimuli\\ImageFiles-Set1\\Faces\\Face_00012.png'), ('repeatedImage', 0), ('responseEvent', 0)])
86.2802 	EXP 	image: autoDraw = False
86.2802 	EXP 	fixationOutside: autoDraw = False
86.2802 	EXP 	fixationInside: autoDraw = False
86.2802 	EXP 	image: autoDraw = False
86.2802 	EXP 	fixationOutside: autoDraw = False
86.2802 	EXP 	fixationInside: autoDraw = False
86.2802 	EXP 	image: size = array([0.75, 0.75])
86.2802 	EXP 	image: image = 'Stimuli\\ImageFiles-Set1\\Faces\\Face_00012.png'
86.2802 	EXP 	image: autoDraw = True
86.2802 	EXP 	fixationOutside: autoDraw = True
86.2802 	EXP 	fixationInside: autoDraw = True
87.0501 	EXP 	New trial (rep=0, index=88): OrderedDict([('eventStartTime', 55.8), ('eventEndTime', 56.0), ('eventCond', 5), ('imSize', 0.0), ('imFile', 'Stimuli\\Blank.png'), ('repeatedImage', 0), ('responseEvent', 0)])
87.0642 	EXP 	image: autoDraw = False
87.0642 	EXP 	fixationOutside: autoDraw = False
87.0642 	EXP 	fixationInside: autoDraw = False
87.0642 	EXP 	image: autoDraw = False
87.0642 	EXP 	fixationOutside: autoDraw = False
87.0642 	EXP 	fixationInside: autoDraw = False
87.0642 	EXP 	image: size = array([0., 0.])
87.0642 	EXP 	image: image = 'Stimuli\\Blank.png'
87.0642 	EXP 	image: autoDraw = True
87.0642 	EXP 	fixationOutside: autoDraw = True
87.0642 	EXP 	fixationInside: autoDraw = True
87.2366 	DATA 	Keypress: 5
87.2498 	EXP 	New trial (rep=0, index=89): OrderedDict([('eventStartTime', 56.0), ('eventEndTime', 56.8), ('eventCond', 3), ('imSize', 0.75), ('imFile', 'Stimuli\\ImageFiles-Set1\\Faces\\Face_00099.png'), ('repeatedImage', 0), ('responseEvent', 0)])
87.2644 	EXP 	image: autoDraw = False
87.2644 	EXP 	fixationOutside: autoDraw = False
87.2644 	EXP 	fixationInside: autoDraw = False
87.2644 	EXP 	image: autoDraw = False
87.2644 	EXP 	fixationOutside: autoDraw = False
87.2644 	EXP 	fixationInside: autoDraw = False
87.2644 	EXP 	image: size = array([0.75, 0.75])
87.2644 	EXP 	image: image = 'Stimuli\\ImageFiles-Set1\\Faces\\Face_00099.png'
87.2644 	EXP 	image: autoDraw = True
87.2644 	EXP 	fixationOutside: autoDraw = True
87.2644 	EXP 	fixationInside: autoDraw = True
88.0509 	EXP 	New trial (rep=0, index=90): OrderedDict([('eventStartTime', 56.8), ('eventEndTime', 57.0), ('eventCond', 5), ('imSize', 0.0), ('imFile', 'Stimuli\\Blank.png'), ('repeatedImage', 0), ('responseEvent', 0)])
88.0651 	EXP 	image: autoDraw = False
88.0651 	EXP 	fixationOutside: autoDraw = False
88.0651 	EXP 	fixationInside: autoDraw = False
88.0651 	EXP 	image: autoDraw = False
88.0651 	EXP 	fixationOutside: autoDraw = False
88.0651 	EXP 	fixationInside: autoDraw = False
88.0651 	EXP 	image: size = array([0., 0.])
88.0651 	EXP 	image: image = 'Stimuli\\Blank.png'
88.0651 	EXP 	image: autoDraw = True
88.0651 	EXP 	fixationOutside: autoDraw = True
88.0651 	EXP 	fixationInside: autoDraw = True
88.2341 	EXP 	New trial (rep=0, index=91): OrderedDict([('eventStartTime', 57.0), ('eventEndTime', 57.8), ('eventCond', 3), ('imSize', 0.75), ('imFile', 'Stimuli\\ImageFiles-Set1\\Faces\\..'), ('repeatedImage', 0), ('responseEvent', 0)])
88.2347 	DEPRECATION 	Couldn't find image Stimuli\ImageFiles-Set1\Faces\..; check path? (tried: D:\PsychoPy\CR-MiniBlock\Exp_01\PresentationScripts\CategoryLocalizer\Stimuli\ImageFiles-Set1)
88.3307 	EXP 	window1: mouseVisible = True
