11.6284 	EXP 	Created window1 = Window(allowGUI=False, allowStencil=False, autoLog=True, backendConf=UNKNOWN, bitsMode=UNKNOWN, blendMode='avg', bpc=(8, 8, 8), color=array([0, 0, 0]), colorSpace='rgb', depthBits=8, fullscr=<method-wrapper '__getattribute__' of attributeSetter object at 0x0000026898EDFDD8>, gamma=None, gammaErrorPolicy='raise', lms=UNKNOWN, monitor=<psychopy.monitors.calibTools.Monitor object at 0x0000026898E4A278>, multiSample=False, name='window1', numSamples=2, pos=[0.0, 0.0], screen=1, size=array([1920, 1080]), stencilBits=0, stereo=False, units='norm', useFBO=True, useRetina=False, viewOri=0.0, viewPos=None, viewScale=None, waitBlanking=True, winType='pyglet')
11.6285 	EXP 	window1: mouseVisible = True
11.6285 	EXP 	window1: recordFrameIntervals = False
11.7949 	EXP 	window1: recordFrameIntervals = True
11.9785 	EXP 	window1: recordFrameIntervals = False
12.3562 	EXP 	Created Instructions = TextStim(__class__=<class 'psychopy.visual.text.TextStim'>, alignHoriz=method-wrapper(...), alignText='center', alignVert=method-wrapper(...), anchorHoriz='center', anchorVert='center', antialias=True, autoLog=True, bold=False, color=array([1., 1., 1.]), colorSpace='rgb', contrast=1.0, depth=0.0, flipHoriz=False, flipVert=False, font='Open Sans', fontFiles=[], height=0.05, italic=False, languageStyle='LTR', name='Instructions', opacity=1, ori=0.0, pos=array([0., 0.]), rgb=UNKNOWN, text=str(...), units='norm', win=Window(...), wrapWidth=1)
12.3599 	EXP 	Created image = ImageStim(__class__=<class 'psychopy.visual.image.ImageStim'>, autoLog=True, color=array([1., 1., 1.]), colorSpace='rgb', contrast=1.0, depth=-2.0, flipHoriz=False, flipVert=False, image='sin', interpolate=False, mask=None, maskParams=None, name='image', opacity=1, ori=0.0, pos=array([0., 0.]), size=array([1., 1.]), texRes=512, units='height', win=Window(...))
12.3778 	EXP 	Created fixationOutside = ShapeStim(__class__=<class 'psychopy.visual.shape.ShapeStim'>, autoDraw=False, autoLog=True, closeShape=True, color=method-wrapper(...), colorSpace='rgb', contrast=None, depth=-3.0, fillColor=array([-1, -1, -1]), fillColorSpace='rgb', fillRGB=array([-1, -1, -1]), interpolate=True, lineColor=array([-1., -1., -1.]), lineColorSpace='rgb', lineRGB=array([-1, -1, -1]), lineWidth=1.0, name='fixationOutside', opacity=1, ori=0.0, pos=array([0., 0.]), size=array([0.01, 0.01]), units='height', vertices=ndarray(...), win=Window(...), windingRule=None)
12.3940 	EXP 	Created fixationInside = ShapeStim(__class__=<class 'psychopy.visual.shape.ShapeStim'>, autoDraw=False, autoLog=True, closeShape=True, color=method-wrapper(...), colorSpace='rgb', contrast=None, depth=-4.0, fillColor=array([1, 1, 1]), fillColorSpace='rgb', fillRGB=array([1, 1, 1]), interpolate=True, lineColor=array([1., 1., 1.]), lineColorSpace='rgb', lineRGB=array([1, 1, 1]), lineWidth=1.0, name='fixationInside', opacity=1, ori=0.0, pos=array([0., 0.]), size=array([0.005, 0.005]), units='height', vertices=ndarray(...), win=Window(...), windingRule=None)
12.5234 	EXP 	Instructions: autoDraw = True
22.9107 	DATA 	Keypress: 1
22.9215 	EXP 	Instructions: autoDraw = False
23.5924 	DATA 	Keypress: 5
23.6529 	EXP 	Imported runInfo/P014/conditionFiles/P014_Run1.csv as conditions, 517 conditions, 7 params
23.6539 	EXP 	Created sequence: sequential, trialTypes=517, nReps=1, seed=None
23.6541 	EXP 	New trial (rep=0, index=0): OrderedDict([('eventStartTime', 0.0), ('eventEndTime', 12.0), ('eventCond', 0), ('imSize', 0.0), ('imFile', 'Stimuli\\Blank.png'), ('repeatedImage', 0), ('responseEvent', 0)])
23.6721 	EXP 	image: size = array([0., 0.])
23.6721 	EXP 	image: image = 'Stimuli\\Blank.png'
23.6721 	EXP 	image: autoDraw = True
23.6721 	EXP 	fixationOutside: autoDraw = True
23.6721 	EXP 	fixationInside: autoDraw = True
35.6195 	EXP 	New trial (rep=0, index=1): OrderedDict([('eventStartTime', 12.0), ('eventEndTime', 12.8), ('eventCond', 1), ('imSize', 0.75), ('imFile', 'Stimuli\\ImageFiles-Set1\\Objects\\Object_Toilet_00001.png'), ('repeatedImage', 0), ('responseEvent', 0)])
35.6494 	EXP 	image: autoDraw = False
35.6494 	EXP 	fixationOutside: autoDraw = False
35.6494 	EXP 	fixationInside: autoDraw = False
35.6494 	EXP 	image: autoDraw = False
35.6494 	EXP 	fixationOutside: autoDraw = False
35.6494 	EXP 	fixationInside: autoDraw = False
35.6494 	EXP 	image: size = array([0.75, 0.75])
35.6494 	EXP 	image: image = 'Stimuli\\ImageFiles-Set1\\Objects\\Object_Toilet_00001.png'
35.6494 	EXP 	image: autoDraw = True
35.6494 	EXP 	fixationOutside: autoDraw = True
35.6494 	EXP 	fixationInside: autoDraw = True
36.4372 	EXP 	New trial (rep=0, index=2): OrderedDict([('eventStartTime', 12.8), ('eventEndTime', 13.0), ('eventCond', 5), ('imSize', 0.0), ('imFile', 'Stimuli\\Blank.png'), ('repeatedImage', 0), ('responseEvent', 0)])
36.4503 	EXP 	image: autoDraw = False
36.4503 	EXP 	fixationOutside: autoDraw = False
36.4503 	EXP 	fixationInside: autoDraw = False
36.4503 	EXP 	image: autoDraw = False
36.4503 	EXP 	fixationOutside: autoDraw = False
36.4503 	EXP 	fixationInside: autoDraw = False
36.4503 	EXP 	image: size = array([0., 0.])
36.4503 	EXP 	image: image = 'Stimuli\\Blank.png'
36.4503 	EXP 	image: autoDraw = True
36.4503 	EXP 	fixationOutside: autoDraw = True
36.4503 	EXP 	fixationInside: autoDraw = True
36.6211 	EXP 	New trial (rep=0, index=3): OrderedDict([('eventStartTime', 13.0), ('eventEndTime', 13.8), ('eventCond', 1), ('imSize', 0.75), ('imFile', 'Stimuli\\ImageFiles-Set1\\Objects\\Object_Highchair_00001.png'), ('repeatedImage', 0), ('responseEvent', 0)])
36.6503 	EXP 	image: autoDraw = False
36.6503 	EXP 	fixationOutside: autoDraw = False
36.6503 	EXP 	fixationInside: autoDraw = False
36.6503 	EXP 	image: autoDraw = False
36.6503 	EXP 	fixationOutside: autoDraw = False
36.6503 	EXP 	fixationInside: autoDraw = False
36.6503 	EXP 	image: size = array([0.75, 0.75])
36.6503 	EXP 	image: image = 'Stimuli\\ImageFiles-Set1\\Objects\\Object_Highchair_00001.png'
36.6503 	EXP 	image: autoDraw = True
36.6503 	EXP 	fixationOutside: autoDraw = True
36.6503 	EXP 	fixationInside: autoDraw = True
37.4371 	EXP 	New trial (rep=0, index=4): OrderedDict([('eventStartTime', 13.8), ('eventEndTime', 14.0), ('eventCond', 5), ('imSize', 0.0), ('imFile', 'Stimuli\\Blank.png'), ('repeatedImage', 0), ('responseEvent', 0)])
37.4509 	EXP 	image: autoDraw = False
37.4509 	EXP 	fixationOutside: autoDraw = False
37.4509 	EXP 	fixationInside: autoDraw = False
37.4509 	EXP 	image: autoDraw = False
37.4509 	EXP 	fixationOutside: autoDraw = False
37.4509 	EXP 	fixationInside: autoDraw = False
37.4509 	EXP 	image: size = array([0., 0.])
37.4509 	EXP 	image: image = 'Stimuli\\Blank.png'
37.4509 	EXP 	image: autoDraw = True
37.4509 	EXP 	fixationOutside: autoDraw = True
37.4509 	EXP 	fixationInside: autoDraw = True
37.6213 	EXP 	New trial (rep=0, index=5): OrderedDict([('eventStartTime', 14.0), ('eventEndTime', 14.8), ('eventCond', 1), ('imSize', 0.75), ('imFile', 'Stimuli\\ImageFiles-Set1\\Objects\\Object_Boat_00001.png'), ('repeatedImage', 0), ('responseEvent', 0)])
37.6678 	EXP 	image: autoDraw = False
37.6678 	EXP 	fixationOutside: autoDraw = False
37.6678 	EXP 	fixationInside: autoDraw = False
37.6678 	EXP 	image: autoDraw = False
37.6678 	EXP 	fixationOutside: autoDraw = False
37.6678 	EXP 	fixationInside: autoDraw = False
37.6678 	EXP 	image: size = array([0.75, 0.75])
37.6678 	EXP 	image: image = 'Stimuli\\ImageFiles-Set1\\Objects\\Object_Boat_00001.png'
37.6678 	EXP 	image: autoDraw = True
37.6678 	EXP 	fixationOutside: autoDraw = True
37.6678 	EXP 	fixationInside: autoDraw = True
38.4537 	EXP 	New trial (rep=0, index=6): OrderedDict([('eventStartTime', 14.8), ('eventEndTime', 15.0), ('eventCond', 5), ('imSize', 0.0), ('imFile', 'Stimuli\\Blank.png'), ('repeatedImage', 0), ('responseEvent', 0)])
38.4685 	EXP 	image: autoDraw = False
38.4685 	EXP 	fixationOutside: autoDraw = False
38.4685 	EXP 	fixationInside: autoDraw = False
38.4685 	EXP 	image: autoDraw = False
38.4685 	EXP 	fixationOutside: autoDraw = False
38.4685 	EXP 	fixationInside: autoDraw = False
38.4685 	EXP 	image: size = array([0., 0.])
38.4685 	EXP 	image: image = 'Stimuli\\Blank.png'
38.4685 	EXP 	image: autoDraw = True
38.4685 	EXP 	fixationOutside: autoDraw = True
38.4685 	EXP 	fixationInside: autoDraw = True
38.6227 	EXP 	New trial (rep=0, index=7): OrderedDict([('eventStartTime', 15.0), ('eventEndTime', 15.8), ('eventCond', 1), ('imSize', 0.75), ('imFile', 'Stimuli\\ImageFiles-Set1\\Objects\\Object_Banana_00001.png'), ('repeatedImage', 0), ('responseEvent', 0)])
38.6520 	EXP 	image: autoDraw = False
38.6520 	EXP 	fixationOutside: autoDraw = False
38.6520 	EXP 	fixationInside: autoDraw = False
38.6520 	EXP 	image: autoDraw = False
38.6520 	EXP 	fixationOutside: autoDraw = False
38.6520 	EXP 	fixationInside: autoDraw = False
38.6520 	EXP 	image: size = array([0.75, 0.75])
38.6520 	EXP 	image: image = 'Stimuli\\ImageFiles-Set1\\Objects\\Object_Banana_00001.png'
38.6520 	EXP 	image: autoDraw = True
38.6520 	EXP 	fixationOutside: autoDraw = True
38.6520 	EXP 	fixationInside: autoDraw = True
39.4386 	EXP 	New trial (rep=0, index=8): OrderedDict([('eventStartTime', 15.8), ('eventEndTime', 16.0), ('eventCond', 5), ('imSize', 0.0), ('imFile', 'Stimuli\\Blank.png'), ('repeatedImage', 0), ('responseEvent', 0)])
39.4527 	EXP 	image: autoDraw = False
39.4527 	EXP 	fixationOutside: autoDraw = False
39.4527 	EXP 	fixationInside: autoDraw = False
39.4527 	EXP 	image: autoDraw = False
39.4527 	EXP 	fixationOutside: autoDraw = False
39.4527 	EXP 	fixationInside: autoDraw = False
39.4527 	EXP 	image: size = array([0., 0.])
39.4527 	EXP 	image: image = 'Stimuli\\Blank.png'
39.4527 	EXP 	image: autoDraw = True
39.4527 	EXP 	fixationOutside: autoDraw = True
39.4527 	EXP 	fixationInside: autoDraw = True
39.6220 	EXP 	New trial (rep=0, index=9): OrderedDict([('eventStartTime', 16.0), ('eventEndTime', 16.8), ('eventCond', 1), ('imSize', 0.75), ('imFile', 'Stimuli\\ImageFiles-Set1\\Objects\\Object_Tool_00001.png'), ('repeatedImage', 0), ('responseEvent', 0)])
39.6530 	EXP 	image: autoDraw = False
39.6530 	EXP 	fixationOutside: autoDraw = False
39.6530 	EXP 	fixationInside: autoDraw = False
39.6530 	EXP 	image: autoDraw = False
39.6530 	EXP 	fixationOutside: autoDraw = False
39.6530 	EXP 	fixationInside: autoDraw = False
39.6530 	EXP 	image: size = array([0.75, 0.75])
39.6530 	EXP 	image: image = 'Stimuli\\ImageFiles-Set1\\Objects\\Object_Tool_00001.png'
39.6530 	EXP 	image: autoDraw = True
39.6530 	EXP 	fixationOutside: autoDraw = True
39.6530 	EXP 	fixationInside: autoDraw = True
40.4390 	EXP 	New trial (rep=0, index=10): OrderedDict([('eventStartTime', 16.8), ('eventEndTime', 17.0), ('eventCond', 5), ('imSize', 0.0), ('imFile', 'Stimuli\\Blank.png'), ('repeatedImage', 0), ('responseEvent', 0)])
40.4536 	EXP 	image: autoDraw = False
40.4536 	EXP 	fixationOutside: autoDraw = False
40.4536 	EXP 	fixationInside: autoDraw = False
40.4536 	EXP 	image: autoDraw = False
40.4536 	EXP 	fixationOutside: autoDraw = False
40.4536 	EXP 	fixationInside: autoDraw = False
40.4536 	EXP 	image: size = array([0., 0.])
40.4536 	EXP 	image: image = 'Stimuli\\Blank.png'
40.4536 	EXP 	image: autoDraw = True
40.4536 	EXP 	fixationOutside: autoDraw = True
40.4536 	EXP 	fixationInside: autoDraw = True
40.6228 	EXP 	New trial (rep=0, index=11): OrderedDict([('eventStartTime', 17.0), ('eventEndTime', 17.8), ('eventCond', 1), ('imSize', 0.75), ('imFile', 'Stimuli\\ImageFiles-Set1\\Objects\\Object_Door_00001.png'), ('repeatedImage', 0), ('responseEvent', 0)])
40.6538 	EXP 	image: autoDraw = False
40.6538 	EXP 	fixationOutside: autoDraw = False
40.6538 	EXP 	fixationInside: autoDraw = False
40.6538 	EXP 	image: autoDraw = False
40.6538 	EXP 	fixationOutside: autoDraw = False
40.6538 	EXP 	fixationInside: autoDraw = False
40.6538 	EXP 	image: size = array([0.75, 0.75])
40.6538 	EXP 	image: image = 'Stimuli\\ImageFiles-Set1\\Objects\\Object_Door_00001.png'
40.6538 	EXP 	image: autoDraw = True
40.6538 	EXP 	fixationOutside: autoDraw = True
40.6538 	EXP 	fixationInside: autoDraw = True
41.4420 	EXP 	New trial (rep=0, index=12): OrderedDict([('eventStartTime', 17.8), ('eventEndTime', 18.0), ('eventCond', 5), ('imSize', 0.0), ('imFile', 'Stimuli\\Blank.png'), ('repeatedImage', 0), ('responseEvent', 0)])
41.4712 	EXP 	image: autoDraw = False
41.4712 	EXP 	fixationOutside: autoDraw = False
41.4712 	EXP 	fixationInside: autoDraw = False
41.4712 	EXP 	image: autoDraw = False
41.4712 	EXP 	fixationOutside: autoDraw = False
41.4712 	EXP 	fixationInside: autoDraw = False
41.4712 	EXP 	image: size = array([0., 0.])
41.4712 	EXP 	image: image = 'Stimuli\\Blank.png'
41.4712 	EXP 	image: autoDraw = True
41.4712 	EXP 	fixationOutside: autoDraw = True
41.4712 	EXP 	fixationInside: autoDraw = True
41.6234 	EXP 	New trial (rep=0, index=13): OrderedDict([('eventStartTime', 18.0), ('eventEndTime', 18.8), ('eventCond', 1), ('imSize', 0.75), ('imFile', 'Stimuli\\ImageFiles-Set1\\Objects\\Object_Door_00001.png'), ('repeatedImage', 1), ('responseEvent', 1)])
41.6380 	EXP 	image: autoDraw = False
41.6380 	EXP 	fixationOutside: autoDraw = False
41.6380 	EXP 	fixationInside: autoDraw = False
41.6380 	EXP 	image: autoDraw = False
41.6380 	EXP 	fixationOutside: autoDraw = False
41.6380 	EXP 	fixationInside: autoDraw = False
41.6380 	EXP 	image: size = array([0.75, 0.75])
41.6380 	EXP 	image: image = 'Stimuli\\ImageFiles-Set1\\Objects\\Object_Door_00001.png'
41.6380 	EXP 	image: autoDraw = True
41.6380 	EXP 	fixationOutside: autoDraw = True
41.6380 	EXP 	fixationInside: autoDraw = True
42.4241 	EXP 	New trial (rep=0, index=14): OrderedDict([('eventStartTime', 18.8), ('eventEndTime', 19.0), ('eventCond', 5), ('imSize', 0.0), ('imFile', 'Stimuli\\Blank.png'), ('repeatedImage', 0), ('responseEvent', 0)])
42.4387 	EXP 	image: autoDraw = False
42.4387 	EXP 	fixationOutside: autoDraw = False
42.4387 	EXP 	fixationInside: autoDraw = False
42.4387 	EXP 	image: autoDraw = False
42.4387 	EXP 	fixationOutside: autoDraw = False
42.4387 	EXP 	fixationInside: autoDraw = False
42.4387 	EXP 	image: size = array([0., 0.])
42.4387 	EXP 	image: image = 'Stimuli\\Blank.png'
42.4387 	EXP 	image: autoDraw = True
42.4387 	EXP 	fixationOutside: autoDraw = True
42.4387 	EXP 	fixationInside: autoDraw = True
42.6241 	EXP 	New trial (rep=0, index=15): OrderedDict([('eventStartTime', 19.0), ('eventEndTime', 19.8), ('eventCond', 1), ('imSize', 0.75), ('imFile', 'Stimuli\\ImageFiles-Set1\\Objects\\Object_Knife_00001.png'), ('repeatedImage', 0), ('responseEvent', 0)])
42.6556 	EXP 	image: autoDraw = False
42.6556 	EXP 	fixationOutside: autoDraw = False
42.6556 	EXP 	fixationInside: autoDraw = False
42.6556 	EXP 	image: autoDraw = False
42.6556 	EXP 	fixationOutside: autoDraw = False
42.6556 	EXP 	fixationInside: autoDraw = False
42.6556 	EXP 	image: size = array([0.75, 0.75])
42.6556 	EXP 	image: image = 'Stimuli\\ImageFiles-Set1\\Objects\\Object_Knife_00001.png'
42.6556 	EXP 	image: autoDraw = True
42.6556 	EXP 	fixationOutside: autoDraw = True
42.6556 	EXP 	fixationInside: autoDraw = True
43.4268 	EXP 	New trial (rep=0, index=16): OrderedDict([('eventStartTime', 19.8), ('eventEndTime', 20.0), ('eventCond', 5), ('imSize', 0.0), ('imFile', 'Stimuli\\Blank.png'), ('repeatedImage', 0), ('responseEvent', 0)])
43.4563 	EXP 	image: autoDraw = False
43.4563 	EXP 	fixationOutside: autoDraw = False
43.4563 	EXP 	fixationInside: autoDraw = False
43.4563 	EXP 	image: autoDraw = False
43.4563 	EXP 	fixationOutside: autoDraw = False
43.4563 	EXP 	fixationInside: autoDraw = False
43.4563 	EXP 	image: size = array([0., 0.])
43.4563 	EXP 	image: image = 'Stimuli\\Blank.png'
43.4563 	EXP 	image: autoDraw = True
43.4563 	EXP 	fixationOutside: autoDraw = True
43.4563 	EXP 	fixationInside: autoDraw = True
43.6271 	EXP 	New trial (rep=0, index=17): OrderedDict([('eventStartTime', 20.0), ('eventEndTime', 20.8), ('eventCond', 1), ('imSize', 0.75), ('imFile', 'Stimuli\\ImageFiles-Set1\\Objects\\Object_Crib_00001.png'), ('repeatedImage', 0), ('responseEvent', 0)])
43.6731 	EXP 	image: autoDraw = False
43.6731 	EXP 	fixationOutside: autoDraw = False
43.6731 	EXP 	fixationInside: autoDraw = False
43.6731 	EXP 	image: autoDraw = False
43.6731 	EXP 	fixationOutside: autoDraw = False
43.6731 	EXP 	fixationInside: autoDraw = False
43.6731 	EXP 	image: size = array([0.75, 0.75])
43.6731 	EXP 	image: image = 'Stimuli\\ImageFiles-Set1\\Objects\\Object_Crib_00001.png'
43.6731 	EXP 	image: autoDraw = True
43.6731 	EXP 	fixationOutside: autoDraw = True
43.6731 	EXP 	fixationInside: autoDraw = True
44.4424 	EXP 	New trial (rep=0, index=18): OrderedDict([('eventStartTime', 20.8), ('eventEndTime', 21.0), ('eventCond', 5), ('imSize', 0.0), ('imFile', 'Stimuli\\Blank.png'), ('repeatedImage', 0), ('responseEvent', 0)])
44.4572 	EXP 	image: autoDraw = False
44.4572 	EXP 	fixationOutside: autoDraw = False
44.4572 	EXP 	fixationInside: autoDraw = False
44.4572 	EXP 	image: autoDraw = False
44.4572 	EXP 	fixationOutside: autoDraw = False
44.4572 	EXP 	fixationInside: autoDraw = False
44.4572 	EXP 	image: size = array([0., 0.])
44.4572 	EXP 	image: image = 'Stimuli\\Blank.png'
44.4572 	EXP 	image: autoDraw = True
44.4572 	EXP 	fixationOutside: autoDraw = True
44.4572 	EXP 	fixationInside: autoDraw = True
44.6099 	EXP 	New trial (rep=0, index=19): OrderedDict([('eventStartTime', 21.0), ('eventEndTime', 21.8), ('eventCond', 1), ('imSize', 0.75), ('imFile', 'Stimuli\\ImageFiles-Set1\\Objects\\Object_Scale_00001.png'), ('repeatedImage', 0), ('responseEvent', 0)])
44.6407 	EXP 	image: autoDraw = False
44.6407 	EXP 	fixationOutside: autoDraw = False
44.6407 	EXP 	fixationInside: autoDraw = False
44.6407 	EXP 	image: autoDraw = False
44.6407 	EXP 	fixationOutside: autoDraw = False
44.6407 	EXP 	fixationInside: autoDraw = False
44.6407 	EXP 	image: size = array([0.75, 0.75])
44.6407 	EXP 	image: image = 'Stimuli\\ImageFiles-Set1\\Objects\\Object_Scale_00001.png'
44.6407 	EXP 	image: autoDraw = True
44.6407 	EXP 	fixationOutside: autoDraw = True
44.6407 	EXP 	fixationInside: autoDraw = True
45.4273 	EXP 	New trial (rep=0, index=20): OrderedDict([('eventStartTime', 21.8), ('eventEndTime', 22.0), ('eventCond', 5), ('imSize', 0.0), ('imFile', 'Stimuli\\Blank.png'), ('repeatedImage', 0), ('responseEvent', 0)])
45.4414 	EXP 	image: autoDraw = False
45.4414 	EXP 	fixationOutside: autoDraw = False
45.4414 	EXP 	fixationInside: autoDraw = False
45.4414 	EXP 	image: autoDraw = False
45.4414 	EXP 	fixationOutside: autoDraw = False
45.4414 	EXP 	fixationInside: autoDraw = False
45.4414 	EXP 	image: size = array([0., 0.])
45.4414 	EXP 	image: image = 'Stimuli\\Blank.png'
45.4414 	EXP 	image: autoDraw = True
45.4414 	EXP 	fixationOutside: autoDraw = True
45.4414 	EXP 	fixationInside: autoDraw = True
45.6106 	EXP 	New trial (rep=0, index=21): OrderedDict([('eventStartTime', 22.0), ('eventEndTime', 22.8), ('eventCond', 1), ('imSize', 0.75), ('imFile', 'Stimuli\\ImageFiles-Set1\\Objects\\Object_Whistle_00001.png'), ('repeatedImage', 0), ('responseEvent', 0)])
45.6416 	EXP 	image: autoDraw = False
45.6416 	EXP 	fixationOutside: autoDraw = False
45.6416 	EXP 	fixationInside: autoDraw = False
45.6416 	EXP 	image: autoDraw = False
45.6416 	EXP 	fixationOutside: autoDraw = False
45.6416 	EXP 	fixationInside: autoDraw = False
45.6416 	EXP 	image: size = array([0.75, 0.75])
45.6416 	EXP 	image: image = 'Stimuli\\ImageFiles-Set1\\Objects\\Object_Whistle_00001.png'
45.6416 	EXP 	image: autoDraw = True
45.6416 	EXP 	fixationOutside: autoDraw = True
45.6416 	EXP 	fixationInside: autoDraw = True
46.4281 	EXP 	New trial (rep=0, index=22): OrderedDict([('eventStartTime', 22.8), ('eventEndTime', 23.0), ('eventCond', 5), ('imSize', 0.0), ('imFile', 'Stimuli\\Blank.png'), ('repeatedImage', 0), ('responseEvent', 0)])
46.4423 	EXP 	image: autoDraw = False
46.4423 	EXP 	fixationOutside: autoDraw = False
46.4423 	EXP 	fixationInside: autoDraw = False
46.4423 	EXP 	image: autoDraw = False
46.4423 	EXP 	fixationOutside: autoDraw = False
46.4423 	EXP 	fixationInside: autoDraw = False
46.4423 	EXP 	image: size = array([0., 0.])
46.4423 	EXP 	image: image = 'Stimuli\\Blank.png'
46.4423 	EXP 	image: autoDraw = True
46.4423 	EXP 	fixationOutside: autoDraw = True
46.4423 	EXP 	fixationInside: autoDraw = True
46.6129 	EXP 	New trial (rep=0, index=23): OrderedDict([('eventStartTime', 23.0), ('eventEndTime', 23.8), ('eventCond', 1), ('imSize', 0.75), ('imFile', 'Stimuli\\ImageFiles-Set1\\Objects\\Object_Recliner_00001.png'), ('repeatedImage', 0), ('responseEvent', 0)])
46.6592 	EXP 	image: autoDraw = False
46.6592 	EXP 	fixationOutside: autoDraw = False
46.6592 	EXP 	fixationInside: autoDraw = False
46.6592 	EXP 	image: autoDraw = False
46.6592 	EXP 	fixationOutside: autoDraw = False
46.6592 	EXP 	fixationInside: autoDraw = False
46.6592 	EXP 	image: size = array([0.75, 0.75])
46.6592 	EXP 	image: image = 'Stimuli\\ImageFiles-Set1\\Objects\\Object_Recliner_00001.png'
46.6592 	EXP 	image: autoDraw = True
46.6592 	EXP 	fixationOutside: autoDraw = True
46.6592 	EXP 	fixationInside: autoDraw = True
47.4458 	EXP 	New trial (rep=0, index=24): OrderedDict([('eventStartTime', 23.8), ('eventEndTime', 24.0), ('eventCond', 5), ('imSize', 0.0), ('imFile', 'Stimuli\\Blank.png'), ('repeatedImage', 0), ('responseEvent', 0)])
47.4598 	EXP 	image: autoDraw = False
47.4598 	EXP 	fixationOutside: autoDraw = False
47.4598 	EXP 	fixationInside: autoDraw = False
47.4598 	EXP 	image: autoDraw = False
47.4598 	EXP 	fixationOutside: autoDraw = False
47.4598 	EXP 	fixationInside: autoDraw = False
47.4598 	EXP 	image: size = array([0., 0.])
47.4598 	EXP 	image: image = 'Stimuli\\Blank.png'
47.4598 	EXP 	image: autoDraw = True
47.4598 	EXP 	fixationOutside: autoDraw = True
47.4598 	EXP 	fixationInside: autoDraw = True
47.6143 	EXP 	New trial (rep=0, index=25): OrderedDict([('eventStartTime', 24.0), ('eventEndTime', 24.8), ('eventCond', 1), ('imSize', 0.75), ('imFile', 'Stimuli\\ImageFiles-Set1\\Objects\\Object_Pot_00001.png'), ('repeatedImage', 0), ('responseEvent', 0)])
47.6433 	EXP 	image: autoDraw = False
47.6433 	EXP 	fixationOutside: autoDraw = False
47.6433 	EXP 	fixationInside: autoDraw = False
47.6433 	EXP 	image: autoDraw = False
47.6433 	EXP 	fixationOutside: autoDraw = False
47.6433 	EXP 	fixationInside: autoDraw = False
47.6433 	EXP 	image: size = array([0.75, 0.75])
47.6433 	EXP 	image: image = 'Stimuli\\ImageFiles-Set1\\Objects\\Object_Pot_00001.png'
47.6433 	EXP 	image: autoDraw = True
47.6433 	EXP 	fixationOutside: autoDraw = True
47.6433 	EXP 	fixationInside: autoDraw = True
48.4298 	EXP 	New trial (rep=0, index=26): OrderedDict([('eventStartTime', 24.8), ('eventEndTime', 25.0), ('eventCond', 5), ('imSize', 0.0), ('imFile', 'Stimuli\\Blank.png'), ('repeatedImage', 0), ('responseEvent', 0)])
48.4440 	EXP 	image: autoDraw = False
48.4440 	EXP 	fixationOutside: autoDraw = False
48.4440 	EXP 	fixationInside: autoDraw = False
48.4440 	EXP 	image: autoDraw = False
48.4440 	EXP 	fixationOutside: autoDraw = False
48.4440 	EXP 	fixationInside: autoDraw = False
48.4440 	EXP 	image: size = array([0., 0.])
48.4440 	EXP 	image: image = 'Stimuli\\Blank.png'
48.4440 	EXP 	image: autoDraw = True
48.4440 	EXP 	fixationOutside: autoDraw = True
48.4440 	EXP 	fixationInside: autoDraw = True
48.6128 	EXP 	New trial (rep=0, index=27): OrderedDict([('eventStartTime', 25.0), ('eventEndTime', 25.8), ('eventCond', 1), ('imSize', 0.75), ('imFile', 'Stimuli\\ImageFiles-Set1\\Objects\\Object_Stool_00001.png'), ('repeatedImage', 0), ('responseEvent', 0)])
48.6442 	EXP 	image: autoDraw = False
48.6442 	EXP 	fixationOutside: autoDraw = False
48.6442 	EXP 	fixationInside: autoDraw = False
48.6442 	EXP 	image: autoDraw = False
48.6442 	EXP 	fixationOutside: autoDraw = False
48.6442 	EXP 	fixationInside: autoDraw = False
48.6442 	EXP 	image: size = array([0.75, 0.75])
48.6442 	EXP 	image: image = 'Stimuli\\ImageFiles-Set1\\Objects\\Object_Stool_00001.png'
48.6442 	EXP 	image: autoDraw = True
48.6442 	EXP 	fixationOutside: autoDraw = True
48.6442 	EXP 	fixationInside: autoDraw = True
49.4302 	EXP 	New trial (rep=0, index=28): OrderedDict([('eventStartTime', 25.8), ('eventEndTime', 26.0), ('eventCond', 5), ('imSize', 0.0), ('imFile', 'Stimuli\\Blank.png'), ('repeatedImage', 0), ('responseEvent', 0)])
49.4449 	EXP 	image: autoDraw = False
49.4449 	EXP 	fixationOutside: autoDraw = False
49.4449 	EXP 	fixationInside: autoDraw = False
49.4449 	EXP 	image: autoDraw = False
49.4449 	EXP 	fixationOutside: autoDraw = False
49.4449 	EXP 	fixationInside: autoDraw = False
49.4449 	EXP 	image: size = array([0., 0.])
49.4449 	EXP 	image: image = 'Stimuli\\Blank.png'
49.4449 	EXP 	image: autoDraw = True
49.4449 	EXP 	fixationOutside: autoDraw = True
49.4449 	EXP 	fixationInside: autoDraw = True
49.6141 	EXP 	New trial (rep=0, index=29): OrderedDict([('eventStartTime', 26.0), ('eventEndTime', 26.8), ('eventCond', 1), ('imSize', 0.75), ('imFile', 'Stimuli\\ImageFiles-Set1\\Objects\\Object_Wagon_00001.png'), ('repeatedImage', 0), ('responseEvent', 0)])
49.6451 	EXP 	image: autoDraw = False
49.6451 	EXP 	fixationOutside: autoDraw = False
49.6451 	EXP 	fixationInside: autoDraw = False
49.6451 	EXP 	image: autoDraw = False
49.6451 	EXP 	fixationOutside: autoDraw = False
49.6451 	EXP 	fixationInside: autoDraw = False
49.6451 	EXP 	image: size = array([0.75, 0.75])
49.6451 	EXP 	image: image = 'Stimuli\\ImageFiles-Set1\\Objects\\Object_Wagon_00001.png'
49.6451 	EXP 	image: autoDraw = True
49.6451 	EXP 	fixationOutside: autoDraw = True
49.6451 	EXP 	fixationInside: autoDraw = True
50.4312 	EXP 	New trial (rep=0, index=30): OrderedDict([('eventStartTime', 26.8), ('eventEndTime', 27.0), ('eventCond', 5), ('imSize', 0.0), ('imFile', 'Stimuli\\Blank.png'), ('repeatedImage', 0), ('responseEvent', 0)])
50.4459 	EXP 	image: autoDraw = False
50.4459 	EXP 	fixationOutside: autoDraw = False
50.4459 	EXP 	fixationInside: autoDraw = False
50.4459 	EXP 	image: autoDraw = False
50.4459 	EXP 	fixationOutside: autoDraw = False
50.4459 	EXP 	fixationInside: autoDraw = False
50.4459 	EXP 	image: size = array([0., 0.])
50.4459 	EXP 	image: image = 'Stimuli\\Blank.png'
50.4459 	EXP 	image: autoDraw = True
50.4459 	EXP 	fixationOutside: autoDraw = True
50.4459 	EXP 	fixationInside: autoDraw = True
50.6152 	EXP 	New trial (rep=0, index=31): OrderedDict([('eventStartTime', 27.0), ('eventEndTime', 27.8), ('eventCond', 1), ('imSize', 0.75), ('imFile', 'Stimuli\\ImageFiles-Set1\\Objects\\Object_Bench_00001.png'), ('repeatedImage', 0), ('responseEvent', 0)])
50.6293 	EXP 	image: autoDraw = False
50.6293 	EXP 	fixationOutside: autoDraw = False
50.6293 	EXP 	fixationInside: autoDraw = False
50.6293 	EXP 	image: autoDraw = False
50.6293 	EXP 	fixationOutside: autoDraw = False
50.6293 	EXP 	fixationInside: autoDraw = False
50.6293 	EXP 	image: size = array([0.75, 0.75])
50.6293 	EXP 	image: image = 'Stimuli\\ImageFiles-Set1\\Objects\\Object_Bench_00001.png'
50.6293 	EXP 	image: autoDraw = True
50.6293 	EXP 	fixationOutside: autoDraw = True
50.6293 	EXP 	fixationInside: autoDraw = True
51.4154 	EXP 	New trial (rep=0, index=32): OrderedDict([('eventStartTime', 27.8), ('eventEndTime', 28.0), ('eventCond', 5), ('imSize', 0.0), ('imFile', 'Stimuli\\Blank.png'), ('repeatedImage', 0), ('responseEvent', 0)])
51.4300 	EXP 	image: autoDraw = False
51.4300 	EXP 	fixationOutside: autoDraw = False
51.4300 	EXP 	fixationInside: autoDraw = False
51.4300 	EXP 	image: autoDraw = False
51.4300 	EXP 	fixationOutside: autoDraw = False
51.4300 	EXP 	fixationInside: autoDraw = False
51.4300 	EXP 	image: size = array([0., 0.])
51.4300 	EXP 	image: image = 'Stimuli\\Blank.png'
51.4300 	EXP 	image: autoDraw = True
51.4300 	EXP 	fixationOutside: autoDraw = True
51.4300 	EXP 	fixationInside: autoDraw = True
51.6159 	EXP 	New trial (rep=0, index=33): OrderedDict([('eventStartTime', 28.0), ('eventEndTime', 28.8), ('eventCond', 2), ('imSize', 0.75), ('imFile', 'Stimuli\\ImageFiles-Set1\\Bodies\\Bodies_Hanging_00002.png'), ('repeatedImage', 0), ('responseEvent', 0)])
51.6469 	EXP 	image: autoDraw = False
51.6469 	EXP 	fixationOutside: autoDraw = False
51.6469 	EXP 	fixationInside: autoDraw = False
51.6469 	EXP 	image: autoDraw = False
51.6469 	EXP 	fixationOutside: autoDraw = False
51.6469 	EXP 	fixationInside: autoDraw = False
51.6469 	EXP 	image: size = array([0.75, 0.75])
51.6469 	EXP 	image: image = 'Stimuli\\ImageFiles-Set1\\Bodies\\Bodies_Hanging_00002.png'
51.6469 	EXP 	image: autoDraw = True
51.6469 	EXP 	fixationOutside: autoDraw = True
51.6469 	EXP 	fixationInside: autoDraw = True
52.4332 	EXP 	New trial (rep=0, index=34): OrderedDict([('eventStartTime', 28.8), ('eventEndTime', 29.0), ('eventCond', 5), ('imSize', 0.0), ('imFile', 'Stimuli\\Blank.png'), ('repeatedImage', 0), ('responseEvent', 0)])
52.4476 	EXP 	image: autoDraw = False
52.4476 	EXP 	fixationOutside: autoDraw = False
52.4476 	EXP 	fixationInside: autoDraw = False
52.4476 	EXP 	image: autoDraw = False
52.4476 	EXP 	fixationOutside: autoDraw = False
52.4476 	EXP 	fixationInside: autoDraw = False
52.4476 	EXP 	image: size = array([0., 0.])
52.4476 	EXP 	image: image = 'Stimuli\\Blank.png'
52.4476 	EXP 	image: autoDraw = True
52.4476 	EXP 	fixationOutside: autoDraw = True
52.4476 	EXP 	fixationInside: autoDraw = True
52.6169 	EXP 	New trial (rep=0, index=35): OrderedDict([('eventStartTime', 29.0), ('eventEndTime', 29.8), ('eventCond', 2), ('imSize', 0.75), ('imFile', 'Stimuli\\ImageFiles-Set1\\Bodies\\Bodies_SittingChair_00001.png'), ('repeatedImage', 0), ('responseEvent', 0)])
52.6478 	EXP 	image: autoDraw = False
52.6478 	EXP 	fixationOutside: autoDraw = False
52.6478 	EXP 	fixationInside: autoDraw = False
52.6478 	EXP 	image: autoDraw = False
52.6478 	EXP 	fixationOutside: autoDraw = False
52.6478 	EXP 	fixationInside: autoDraw = False
52.6478 	EXP 	image: size = array([0.75, 0.75])
52.6478 	EXP 	image: image = 'Stimuli\\ImageFiles-Set1\\Bodies\\Bodies_SittingChair_00001.png'
52.6478 	EXP 	image: autoDraw = True
52.6478 	EXP 	fixationOutside: autoDraw = True
52.6478 	EXP 	fixationInside: autoDraw = True
53.4348 	EXP 	New trial (rep=0, index=36): OrderedDict([('eventStartTime', 29.8), ('eventEndTime', 30.0), ('eventCond', 5), ('imSize', 0.0), ('imFile', 'Stimuli\\Blank.png'), ('repeatedImage', 0), ('responseEvent', 0)])
53.4485 	EXP 	image: autoDraw = False
53.4485 	EXP 	fixationOutside: autoDraw = False
53.4485 	EXP 	fixationInside: autoDraw = False
53.4485 	EXP 	image: autoDraw = False
53.4485 	EXP 	fixationOutside: autoDraw = False
53.4485 	EXP 	fixationInside: autoDraw = False
53.4485 	EXP 	image: size = array([0., 0.])
53.4485 	EXP 	image: image = 'Stimuli\\Blank.png'
53.4485 	EXP 	image: autoDraw = True
53.4485 	EXP 	fixationOutside: autoDraw = True
53.4485 	EXP 	fixationInside: autoDraw = True
53.6178 	EXP 	New trial (rep=0, index=37): OrderedDict([('eventStartTime', 30.0), ('eventEndTime', 30.8), ('eventCond', 2), ('imSize', 0.75), ('imFile', 'Stimuli\\ImageFiles-Set1\\Bodies\\Bodies_DownwardDog_00006.png'), ('repeatedImage', 0), ('responseEvent', 0)])
53.6653 	EXP 	image: autoDraw = False
53.6653 	EXP 	fixationOutside: autoDraw = False
53.6653 	EXP 	fixationInside: autoDraw = False
53.6653 	EXP 	image: autoDraw = False
53.6653 	EXP 	fixationOutside: autoDraw = False
53.6653 	EXP 	fixationInside: autoDraw = False
53.6653 	EXP 	image: size = array([0.75, 0.75])
53.6653 	EXP 	image: image = 'Stimuli\\ImageFiles-Set1\\Bodies\\Bodies_DownwardDog_00006.png'
53.6653 	EXP 	image: autoDraw = True
53.6653 	EXP 	fixationOutside: autoDraw = True
53.6653 	EXP 	fixationInside: autoDraw = True
54.4526 	EXP 	New trial (rep=0, index=38): OrderedDict([('eventStartTime', 30.8), ('eventEndTime', 31.0), ('eventCond', 5), ('imSize', 0.0), ('imFile', 'Stimuli\\Blank.png'), ('repeatedImage', 0), ('responseEvent', 0)])
54.4664 	EXP 	image: autoDraw = False
54.4664 	EXP 	fixationOutside: autoDraw = False
54.4664 	EXP 	fixationInside: autoDraw = False
54.4664 	EXP 	image: autoDraw = False
54.4664 	EXP 	fixationOutside: autoDraw = False
54.4664 	EXP 	fixationInside: autoDraw = False
54.4664 	EXP 	image: size = array([0., 0.])
54.4664 	EXP 	image: image = 'Stimuli\\Blank.png'
54.4664 	EXP 	image: autoDraw = True
54.4664 	EXP 	fixationOutside: autoDraw = True
54.4664 	EXP 	fixationInside: autoDraw = True
54.6187 	EXP 	New trial (rep=0, index=39): OrderedDict([('eventStartTime', 31.0), ('eventEndTime', 31.8), ('eventCond', 2), ('imSize', 0.75), ('imFile', 'Stimuli\\ImageFiles-Set1\\Bodies\\Bodies_SittingChair_00003.png'), ('repeatedImage', 0), ('responseEvent', 0)])
54.6497 	EXP 	image: autoDraw = False
54.6497 	EXP 	fixationOutside: autoDraw = False
54.6497 	EXP 	fixationInside: autoDraw = False
54.6497 	EXP 	image: autoDraw = False
54.6497 	EXP 	fixationOutside: autoDraw = False
54.6497 	EXP 	fixationInside: autoDraw = False
54.6497 	EXP 	image: size = array([0.75, 0.75])
54.6497 	EXP 	image: image = 'Stimuli\\ImageFiles-Set1\\Bodies\\Bodies_SittingChair_00003.png'
54.6497 	EXP 	image: autoDraw = True
54.6497 	EXP 	fixationOutside: autoDraw = True
54.6497 	EXP 	fixationInside: autoDraw = True
55.4357 	EXP 	New trial (rep=0, index=40): OrderedDict([('eventStartTime', 31.8), ('eventEndTime', 32.0), ('eventCond', 5), ('imSize', 0.0), ('imFile', 'Stimuli\\Blank.png'), ('repeatedImage', 0), ('responseEvent', 0)])
55.4502 	EXP 	image: autoDraw = False
55.4502 	EXP 	fixationOutside: autoDraw = False
55.4502 	EXP 	fixationInside: autoDraw = False
55.4502 	EXP 	image: autoDraw = False
55.4502 	EXP 	fixationOutside: autoDraw = False
55.4502 	EXP 	fixationInside: autoDraw = False
55.4502 	EXP 	image: size = array([0., 0.])
55.4502 	EXP 	image: image = 'Stimuli\\Blank.png'
55.4502 	EXP 	image: autoDraw = True
55.4502 	EXP 	fixationOutside: autoDraw = True
55.4502 	EXP 	fixationInside: autoDraw = True
55.6189 	EXP 	New trial (rep=0, index=41): OrderedDict([('eventStartTime', 32.0), ('eventEndTime', 32.8), ('eventCond', 2), ('imSize', 0.75), ('imFile', 'Stimuli\\ImageFiles-Set1\\Bodies\\Bodies_SittingChair_00003.png'), ('repeatedImage', 1), ('responseEvent', 1)])
55.6337 	EXP 	image: autoDraw = False
55.6337 	EXP 	fixationOutside: autoDraw = False
55.6337 	EXP 	fixationInside: autoDraw = False
55.6337 	EXP 	image: autoDraw = False
55.6337 	EXP 	fixationOutside: autoDraw = False
55.6337 	EXP 	fixationInside: autoDraw = False
55.6337 	EXP 	image: size = array([0.75, 0.75])
55.6337 	EXP 	image: image = 'Stimuli\\ImageFiles-Set1\\Bodies\\Bodies_SittingChair_00003.png'
55.6337 	EXP 	image: autoDraw = True
55.6337 	EXP 	fixationOutside: autoDraw = True
55.6337 	EXP 	fixationInside: autoDraw = True
56.4197 	EXP 	New trial (rep=0, index=42): OrderedDict([('eventStartTime', 32.8), ('eventEndTime', 33.0), ('eventCond', 5), ('imSize', 0.0), ('imFile', 'Stimuli\\Blank.png'), ('repeatedImage', 0), ('responseEvent', 0)])
56.4344 	EXP 	image: autoDraw = False
56.4344 	EXP 	fixationOutside: autoDraw = False
56.4344 	EXP 	fixationInside: autoDraw = False
56.4344 	EXP 	image: autoDraw = False
56.4344 	EXP 	fixationOutside: autoDraw = False
56.4344 	EXP 	fixationInside: autoDraw = False
56.4344 	EXP 	image: size = array([0., 0.])
56.4344 	EXP 	image: image = 'Stimuli\\Blank.png'
56.4344 	EXP 	image: autoDraw = True
56.4344 	EXP 	fixationOutside: autoDraw = True
56.4344 	EXP 	fixationInside: autoDraw = True
56.6207 	EXP 	New trial (rep=0, index=43): OrderedDict([('eventStartTime', 33.0), ('eventEndTime', 33.8), ('eventCond', 2), ('imSize', 0.75), ('imFile', 'Stimuli\\ImageFiles-Set1\\Bodies\\Bodies_Punching_00003.png'), ('repeatedImage', 0), ('responseEvent', 0)])
56.6513 	EXP 	image: autoDraw = False
56.6513 	EXP 	fixationOutside: autoDraw = False
56.6513 	EXP 	fixationInside: autoDraw = False
56.6513 	EXP 	image: autoDraw = False
56.6513 	EXP 	fixationOutside: autoDraw = False
56.6513 	EXP 	fixationInside: autoDraw = False
56.6513 	EXP 	image: size = array([0.75, 0.75])
56.6513 	EXP 	image: image = 'Stimuli\\ImageFiles-Set1\\Bodies\\Bodies_Punching_00003.png'
56.6513 	EXP 	image: autoDraw = True
56.6513 	EXP 	fixationOutside: autoDraw = True
56.6513 	EXP 	fixationInside: autoDraw = True
57.4385 	EXP 	New trial (rep=0, index=44): OrderedDict([('eventStartTime', 33.8), ('eventEndTime', 34.0), ('eventCond', 5), ('imSize', 0.0), ('imFile', 'Stimuli\\Blank.png'), ('repeatedImage', 0), ('responseEvent', 0)])
57.4520 	EXP 	image: autoDraw = False
57.4520 	EXP 	fixationOutside: autoDraw = False
57.4520 	EXP 	fixationInside: autoDraw = False
57.4520 	EXP 	image: autoDraw = False
57.4520 	EXP 	fixationOutside: autoDraw = False
57.4520 	EXP 	fixationInside: autoDraw = False
57.4520 	EXP 	image: size = array([0., 0.])
57.4520 	EXP 	image: image = 'Stimuli\\Blank.png'
57.4520 	EXP 	image: autoDraw = True
57.4520 	EXP 	fixationOutside: autoDraw = True
57.4520 	EXP 	fixationInside: autoDraw = True
57.6206 	EXP 	New trial (rep=0, index=45): OrderedDict([('eventStartTime', 34.0), ('eventEndTime', 34.8), ('eventCond', 2), ('imSize', 0.75), ('imFile', 'Stimuli\\ImageFiles-Set1\\Bodies\\Bodies_Kicking_00007.png'), ('repeatedImage', 0), ('responseEvent', 0)])
57.6355 	EXP 	image: autoDraw = False
57.6355 	EXP 	fixationOutside: autoDraw = False
57.6355 	EXP 	fixationInside: autoDraw = False
57.6355 	EXP 	image: autoDraw = False
57.6355 	EXP 	fixationOutside: autoDraw = False
57.6355 	EXP 	fixationInside: autoDraw = False
57.6355 	EXP 	image: size = array([0.75, 0.75])
57.6355 	EXP 	image: image = 'Stimuli\\ImageFiles-Set1\\Bodies\\Bodies_Kicking_00007.png'
57.6355 	EXP 	image: autoDraw = True
57.6355 	EXP 	fixationOutside: autoDraw = True
57.6355 	EXP 	fixationInside: autoDraw = True
58.4234 	EXP 	New trial (rep=0, index=46): OrderedDict([('eventStartTime', 34.8), ('eventEndTime', 35.0), ('eventCond', 5), ('imSize', 0.0), ('imFile', 'Stimuli\\Blank.png'), ('repeatedImage', 0), ('responseEvent', 0)])
58.4529 	EXP 	image: autoDraw = False
58.4529 	EXP 	fixationOutside: autoDraw = False
58.4529 	EXP 	fixationInside: autoDraw = False
58.4529 	EXP 	image: autoDraw = False
58.4529 	EXP 	fixationOutside: autoDraw = False
58.4529 	EXP 	fixationInside: autoDraw = False
58.4529 	EXP 	image: size = array([0., 0.])
58.4529 	EXP 	image: image = 'Stimuli\\Blank.png'
58.4529 	EXP 	image: autoDraw = True
58.4529 	EXP 	fixationOutside: autoDraw = True
58.4529 	EXP 	fixationInside: autoDraw = True
58.6388 	EXP 	New trial (rep=0, index=47): OrderedDict([('eventStartTime', 35.0), ('eventEndTime', 35.8), ('eventCond', 2), ('imSize', 0.75), ('imFile', 'Stimuli\\ImageFiles-Set1\\Bodies\\Bodies_Kneeling_00003.png'), ('repeatedImage', 0), ('responseEvent', 0)])
58.6698 	EXP 	image: autoDraw = False
58.6698 	EXP 	fixationOutside: autoDraw = False
58.6698 	EXP 	fixationInside: autoDraw = False
58.6698 	EXP 	image: autoDraw = False
58.6698 	EXP 	fixationOutside: autoDraw = False
58.6698 	EXP 	fixationInside: autoDraw = False
58.6698 	EXP 	image: size = array([0.75, 0.75])
58.6698 	EXP 	image: image = 'Stimuli\\ImageFiles-Set1\\Bodies\\Bodies_Kneeling_00003.png'
58.6698 	EXP 	image: autoDraw = True
58.6698 	EXP 	fixationOutside: autoDraw = True
58.6698 	EXP 	fixationInside: autoDraw = True
59.4391 	EXP 	New trial (rep=0, index=48): OrderedDict([('eventStartTime', 35.8), ('eventEndTime', 36.0), ('eventCond', 5), ('imSize', 0.0), ('imFile', 'Stimuli\\Blank.png'), ('repeatedImage', 0), ('responseEvent', 0)])
59.4538 	EXP 	image: autoDraw = False
59.4538 	EXP 	fixationOutside: autoDraw = False
59.4538 	EXP 	fixationInside: autoDraw = False
59.4538 	EXP 	image: autoDraw = False
59.4538 	EXP 	fixationOutside: autoDraw = False
59.4538 	EXP 	fixationInside: autoDraw = False
59.4538 	EXP 	image: size = array([0., 0.])
59.4538 	EXP 	image: image = 'Stimuli\\Blank.png'
59.4538 	EXP 	image: autoDraw = True
59.4538 	EXP 	fixationOutside: autoDraw = True
59.4538 	EXP 	fixationInside: autoDraw = True
59.6230 	EXP 	New trial (rep=0, index=49): OrderedDict([('eventStartTime', 36.0), ('eventEndTime', 36.8), ('eventCond', 2), ('imSize', 0.75), ('imFile', 'Stimuli\\ImageFiles-Set1\\Bodies\\Bodies_CobraPose_00003.png'), ('repeatedImage', 0), ('responseEvent', 0)])
59.6707 	EXP 	image: autoDraw = False
59.6707 	EXP 	fixationOutside: autoDraw = False
59.6707 	EXP 	fixationInside: autoDraw = False
59.6707 	EXP 	image: autoDraw = False
59.6707 	EXP 	fixationOutside: autoDraw = False
59.6707 	EXP 	fixationInside: autoDraw = False
59.6707 	EXP 	image: size = array([0.75, 0.75])
59.6707 	EXP 	image: image = 'Stimuli\\ImageFiles-Set1\\Bodies\\Bodies_CobraPose_00003.png'
59.6707 	EXP 	image: autoDraw = True
59.6707 	EXP 	fixationOutside: autoDraw = True
59.6707 	EXP 	fixationInside: autoDraw = True
60.4578 	EXP 	New trial (rep=0, index=50): OrderedDict([('eventStartTime', 36.8), ('eventEndTime', 37.0), ('eventCond', 5), ('imSize', 0.0), ('imFile', 'Stimuli\\Blank.png'), ('repeatedImage', 0), ('responseEvent', 0)])
60.4714 	EXP 	image: autoDraw = False
60.4714 	EXP 	fixationOutside: autoDraw = False
60.4714 	EXP 	fixationInside: autoDraw = False
60.4714 	EXP 	image: autoDraw = False
60.4714 	EXP 	fixationOutside: autoDraw = False
60.4714 	EXP 	fixationInside: autoDraw = False
60.4714 	EXP 	image: size = array([0., 0.])
60.4714 	EXP 	image: image = 'Stimuli\\Blank.png'
60.4714 	EXP 	image: autoDraw = True
60.4714 	EXP 	fixationOutside: autoDraw = True
60.4714 	EXP 	fixationInside: autoDraw = True
60.6083 	EXP 	New trial (rep=0, index=51): OrderedDict([('eventStartTime', 37.0), ('eventEndTime', 37.8), ('eventCond', 2), ('imSize', 0.75), ('imFile', 'Stimuli\\ImageFiles-Set1\\Bodies\\Bodies_Lunging_00001.png'), ('repeatedImage', 0), ('responseEvent', 0)])
60.6382 	EXP 	image: autoDraw = False
60.6382 	EXP 	fixationOutside: autoDraw = False
60.6382 	EXP 	fixationInside: autoDraw = False
60.6382 	EXP 	image: autoDraw = False
60.6382 	EXP 	fixationOutside: autoDraw = False
60.6382 	EXP 	fixationInside: autoDraw = False
60.6382 	EXP 	image: size = array([0.75, 0.75])
60.6382 	EXP 	image: image = 'Stimuli\\ImageFiles-Set1\\Bodies\\Bodies_Lunging_00001.png'
60.6382 	EXP 	image: autoDraw = True
60.6382 	EXP 	fixationOutside: autoDraw = True
60.6382 	EXP 	fixationInside: autoDraw = True
61.4252 	EXP 	New trial (rep=0, index=52): OrderedDict([('eventStartTime', 37.8), ('eventEndTime', 38.0), ('eventCond', 5), ('imSize', 0.0), ('imFile', 'Stimuli\\Blank.png'), ('repeatedImage', 0), ('responseEvent', 0)])
61.4390 	EXP 	image: autoDraw = False
61.4390 	EXP 	fixationOutside: autoDraw = False
61.4390 	EXP 	fixationInside: autoDraw = False
61.4390 	EXP 	image: autoDraw = False
61.4390 	EXP 	fixationOutside: autoDraw = False
61.4390 	EXP 	fixationInside: autoDraw = False
61.4390 	EXP 	image: size = array([0., 0.])
61.4390 	EXP 	image: image = 'Stimuli\\Blank.png'
61.4390 	EXP 	image: autoDraw = True
61.4390 	EXP 	fixationOutside: autoDraw = True
61.4390 	EXP 	fixationInside: autoDraw = True
61.6084 	EXP 	New trial (rep=0, index=53): OrderedDict([('eventStartTime', 38.0), ('eventEndTime', 38.8), ('eventCond', 2), ('imSize', 0.75), ('imFile', 'Stimuli\\ImageFiles-Set1\\Bodies\\Bodies_CobraPose_00001.png'), ('repeatedImage', 1), ('responseEvent', 1)])
61.6390 	EXP 	image: autoDraw = False
61.6390 	EXP 	fixationOutside: autoDraw = False
61.6390 	EXP 	fixationInside: autoDraw = False
61.6390 	EXP 	image: autoDraw = False
61.6390 	EXP 	fixationOutside: autoDraw = False
61.6390 	EXP 	fixationInside: autoDraw = False
61.6390 	EXP 	image: size = array([0.75, 0.75])
61.6390 	EXP 	image: image = 'Stimuli\\ImageFiles-Set1\\Bodies\\Bodies_CobraPose_00001.png'
61.6390 	EXP 	image: autoDraw = True
61.6390 	EXP 	fixationOutside: autoDraw = True
61.6390 	EXP 	fixationInside: autoDraw = True
62.4256 	EXP 	New trial (rep=0, index=54): OrderedDict([('eventStartTime', 38.8), ('eventEndTime', 39.0), ('eventCond', 5), ('imSize', 0.0), ('imFile', 'Stimuli\\Blank.png'), ('repeatedImage', 0), ('responseEvent', 0)])
62.4397 	EXP 	image: autoDraw = False
62.4397 	EXP 	fixationOutside: autoDraw = False
62.4397 	EXP 	fixationInside: autoDraw = False
62.4397 	EXP 	image: autoDraw = False
62.4397 	EXP 	fixationOutside: autoDraw = False
62.4397 	EXP 	fixationInside: autoDraw = False
62.4397 	EXP 	image: size = array([0., 0.])
62.4397 	EXP 	image: image = 'Stimuli\\Blank.png'
62.4397 	EXP 	image: autoDraw = True
62.4397 	EXP 	fixationOutside: autoDraw = True
62.4397 	EXP 	fixationInside: autoDraw = True
62.6089 	EXP 	New trial (rep=0, index=55): OrderedDict([('eventStartTime', 39.0), ('eventEndTime', 39.8), ('eventCond', 2), ('imSize', 0.75), ('imFile', 'Stimuli\\ImageFiles-Set1\\Bodies\\Bodies_SittingFloor_00007.png'), ('repeatedImage', 0), ('responseEvent', 0)])
62.6399 	EXP 	image: autoDraw = False
62.6399 	EXP 	fixationOutside: autoDraw = False
62.6399 	EXP 	fixationInside: autoDraw = False
62.6399 	EXP 	image: autoDraw = False
62.6399 	EXP 	fixationOutside: autoDraw = False
62.6399 	EXP 	fixationInside: autoDraw = False
62.6399 	EXP 	image: size = array([0.75, 0.75])
62.6399 	EXP 	image: image = 'Stimuli\\ImageFiles-Set1\\Bodies\\Bodies_SittingFloor_00007.png'
62.6399 	EXP 	image: autoDraw = True
62.6399 	EXP 	fixationOutside: autoDraw = True
62.6399 	EXP 	fixationInside: autoDraw = True
63.4264 	EXP 	New trial (rep=0, index=56): OrderedDict([('eventStartTime', 39.8), ('eventEndTime', 40.0), ('eventCond', 5), ('imSize', 0.0), ('imFile', 'Stimuli\\Blank.png'), ('repeatedImage', 0), ('responseEvent', 0)])
63.4406 	EXP 	image: autoDraw = False
63.4406 	EXP 	fixationOutside: autoDraw = False
63.4406 	EXP 	fixationInside: autoDraw = False
63.4406 	EXP 	image: autoDraw = False
63.4406 	EXP 	fixationOutside: autoDraw = False
63.4406 	EXP 	fixationInside: autoDraw = False
63.4406 	EXP 	image: size = array([0., 0.])
63.4406 	EXP 	image: image = 'Stimuli\\Blank.png'
63.4406 	EXP 	image: autoDraw = True
63.4406 	EXP 	fixationOutside: autoDraw = True
63.4406 	EXP 	fixationInside: autoDraw = True
63.6100 	EXP 	New trial (rep=0, index=57): OrderedDict([('eventStartTime', 40.0), ('eventEndTime', 40.8), ('eventCond', 2), ('imSize', 0.75), ('imFile', 'Stimuli\\ImageFiles-Set1\\Bodies\\Bodies_SittingFloor_00007.png'), ('repeatedImage', 0), ('responseEvent', 0)])
63.6408 	EXP 	image: autoDraw = False
63.6408 	EXP 	fixationOutside: autoDraw = False
63.6408 	EXP 	fixationInside: autoDraw = False
63.6408 	EXP 	image: autoDraw = False
63.6408 	EXP 	fixationOutside: autoDraw = False
63.6408 	EXP 	fixationInside: autoDraw = False
63.6408 	EXP 	image: size = array([0.75, 0.75])
63.6408 	EXP 	image: image = 'Stimuli\\ImageFiles-Set1\\Bodies\\Bodies_SittingFloor_00007.png'
63.6408 	EXP 	image: autoDraw = True
63.6408 	EXP 	fixationOutside: autoDraw = True
63.6408 	EXP 	fixationInside: autoDraw = True
64.4289 	EXP 	New trial (rep=0, index=58): OrderedDict([('eventStartTime', 40.8), ('eventEndTime', 41.0), ('eventCond', 5), ('imSize', 0.0), ('imFile', 'Stimuli\\Blank.png'), ('repeatedImage', 0), ('responseEvent', 0)])
64.4582 	EXP 	image: autoDraw = False
64.4582 	EXP 	fixationOutside: autoDraw = False
64.4582 	EXP 	fixationInside: autoDraw = False
64.4582 	EXP 	image: autoDraw = False
64.4582 	EXP 	fixationOutside: autoDraw = False
64.4582 	EXP 	fixationInside: autoDraw = False
64.4582 	EXP 	image: size = array([0., 0.])
64.4582 	EXP 	image: image = 'Stimuli\\Blank.png'
64.4582 	EXP 	image: autoDraw = True
64.4582 	EXP 	fixationOutside: autoDraw = True
64.4582 	EXP 	fixationInside: autoDraw = True
64.6291 	EXP 	New trial (rep=0, index=59): OrderedDict([('eventStartTime', 41.0), ('eventEndTime', 41.8), ('eventCond', 2), ('imSize', 0.75), ('imFile', 'Stimuli\\ImageFiles-Set1\\Bodies\\Bodies_Standing_00005.png'), ('repeatedImage', 0), ('responseEvent', 0)])
64.6584 	EXP 	image: autoDraw = False
64.6584 	EXP 	fixationOutside: autoDraw = False
64.6584 	EXP 	fixationInside: autoDraw = False
64.6584 	EXP 	image: autoDraw = False
64.6584 	EXP 	fixationOutside: autoDraw = False
64.6584 	EXP 	fixationInside: autoDraw = False
64.6584 	EXP 	image: size = array([0.75, 0.75])
64.6584 	EXP 	image: image = 'Stimuli\\ImageFiles-Set1\\Bodies\\Bodies_Standing_00005.png'
64.6584 	EXP 	image: autoDraw = True
64.6584 	EXP 	fixationOutside: autoDraw = True
64.6584 	EXP 	fixationInside: autoDraw = True
65.4282 	EXP 	New trial (rep=0, index=60): OrderedDict([('eventStartTime', 41.8), ('eventEndTime', 42.0), ('eventCond', 5), ('imSize', 0.0), ('imFile', 'Stimuli\\Blank.png'), ('repeatedImage', 0), ('responseEvent', 0)])
65.4425 	EXP 	image: autoDraw = False
65.4425 	EXP 	fixationOutside: autoDraw = False
65.4425 	EXP 	fixationInside: autoDraw = False
65.4425 	EXP 	image: autoDraw = False
65.4425 	EXP 	fixationOutside: autoDraw = False
65.4425 	EXP 	fixationInside: autoDraw = False
65.4425 	EXP 	image: size = array([0., 0.])
65.4425 	EXP 	image: image = 'Stimuli\\Blank.png'
65.4425 	EXP 	image: autoDraw = True
65.4425 	EXP 	fixationOutside: autoDraw = True
65.4425 	EXP 	fixationInside: autoDraw = True
65.6115 	EXP 	New trial (rep=0, index=61): OrderedDict([('eventStartTime', 42.0), ('eventEndTime', 42.8), ('eventCond', 2), ('imSize', 0.75), ('imFile', 'Stimuli\\ImageFiles-Set1\\Bodies\\Bodies_Walking_00006.png'), ('repeatedImage', 0), ('responseEvent', 0)])
65.6426 	EXP 	image: autoDraw = False
65.6426 	EXP 	fixationOutside: autoDraw = False
65.6426 	EXP 	fixationInside: autoDraw = False
65.6426 	EXP 	image: autoDraw = False
65.6426 	EXP 	fixationOutside: autoDraw = False
65.6426 	EXP 	fixationInside: autoDraw = False
65.6426 	EXP 	image: size = array([0.75, 0.75])
65.6426 	EXP 	image: image = 'Stimuli\\ImageFiles-Set1\\Bodies\\Bodies_Walking_00006.png'
65.6426 	EXP 	image: autoDraw = True
65.6426 	EXP 	fixationOutside: autoDraw = True
65.6426 	EXP 	fixationInside: autoDraw = True
66.4290 	EXP 	New trial (rep=0, index=62): OrderedDict([('eventStartTime', 42.8), ('eventEndTime', 43.0), ('eventCond', 5), ('imSize', 0.0), ('imFile', 'Stimuli\\Blank.png'), ('repeatedImage', 0), ('responseEvent', 0)])
66.4433 	EXP 	image: autoDraw = False
66.4433 	EXP 	fixationOutside: autoDraw = False
66.4433 	EXP 	fixationInside: autoDraw = False
66.4433 	EXP 	image: autoDraw = False
66.4433 	EXP 	fixationOutside: autoDraw = False
66.4433 	EXP 	fixationInside: autoDraw = False
66.4433 	EXP 	image: size = array([0., 0.])
66.4433 	EXP 	image: image = 'Stimuli\\Blank.png'
66.4433 	EXP 	image: autoDraw = True
66.4433 	EXP 	fixationOutside: autoDraw = True
66.4433 	EXP 	fixationInside: autoDraw = True
66.6125 	EXP 	New trial (rep=0, index=63): OrderedDict([('eventStartTime', 43.0), ('eventEndTime', 43.8), ('eventCond', 2), ('imSize', 0.75), ('imFile', 'Stimuli\\ImageFiles-Set1\\Bodies\\Bodies_DownwardDog_00007.png'), ('repeatedImage', 0), ('responseEvent', 0)])
66.6268 	EXP 	image: autoDraw = False
66.6268 	EXP 	fixationOutside: autoDraw = False
66.6268 	EXP 	fixationInside: autoDraw = False
66.6268 	EXP 	image: autoDraw = False
66.6268 	EXP 	fixationOutside: autoDraw = False
66.6268 	EXP 	fixationInside: autoDraw = False
66.6268 	EXP 	image: size = array([0.75, 0.75])
66.6268 	EXP 	image: image = 'Stimuli\\ImageFiles-Set1\\Bodies\\Bodies_DownwardDog_00007.png'
66.6268 	EXP 	image: autoDraw = True
66.6268 	EXP 	fixationOutside: autoDraw = True
66.6268 	EXP 	fixationInside: autoDraw = True
67.4149 	EXP 	New trial (rep=0, index=64): OrderedDict([('eventStartTime', 43.8), ('eventEndTime', 44.0), ('eventCond', 5), ('imSize', 0.0), ('imFile', 'Stimuli\\Blank.png'), ('repeatedImage', 0), ('responseEvent', 0)])
67.4442 	EXP 	image: autoDraw = False
67.4442 	EXP 	fixationOutside: autoDraw = False
67.4442 	EXP 	fixationInside: autoDraw = False
67.4442 	EXP 	image: autoDraw = False
67.4442 	EXP 	fixationOutside: autoDraw = False
67.4442 	EXP 	fixationInside: autoDraw = False
67.4442 	EXP 	image: size = array([0., 0.])
67.4442 	EXP 	image: image = 'Stimuli\\Blank.png'
67.4442 	EXP 	image: autoDraw = True
67.4442 	EXP 	fixationOutside: autoDraw = True
67.4442 	EXP 	fixationInside: autoDraw = True
67.6307 	EXP 	New trial (rep=0, index=65): OrderedDict([('eventStartTime', 44.0), ('eventEndTime', 44.8), ('eventCond', 3), ('imSize', 0.75), ('imFile', 'Stimuli\\ImageFiles-Set1\\Faces\\Face_00035.png'), ('repeatedImage', 0), ('responseEvent', 0)])
67.6777 	EXP 	image: autoDraw = False
67.6777 	EXP 	fixationOutside: autoDraw = False
67.6777 	EXP 	fixationInside: autoDraw = False
67.6777 	EXP 	image: autoDraw = False
67.6777 	EXP 	fixationOutside: autoDraw = False
67.6777 	EXP 	fixationInside: autoDraw = False
67.6777 	EXP 	image: size = array([0.75, 0.75])
67.6777 	EXP 	image: image = 'Stimuli\\ImageFiles-Set1\\Faces\\Face_00035.png'
67.6777 	EXP 	image: autoDraw = True
67.6777 	EXP 	fixationOutside: autoDraw = True
67.6777 	EXP 	fixationInside: autoDraw = True
68.4470 	EXP 	New trial (rep=0, index=66): OrderedDict([('eventStartTime', 44.8), ('eventEndTime', 45.0), ('eventCond', 5), ('imSize', 0.0), ('imFile', 'Stimuli\\Blank.png'), ('repeatedImage', 0), ('responseEvent', 0)])
68.4617 	EXP 	image: autoDraw = False
68.4617 	EXP 	fixationOutside: autoDraw = False
68.4617 	EXP 	fixationInside: autoDraw = False
68.4617 	EXP 	image: autoDraw = False
68.4617 	EXP 	fixationOutside: autoDraw = False
68.4617 	EXP 	fixationInside: autoDraw = False
68.4617 	EXP 	image: size = array([0., 0.])
68.4617 	EXP 	image: image = 'Stimuli\\Blank.png'
68.4617 	EXP 	image: autoDraw = True
68.4617 	EXP 	fixationOutside: autoDraw = True
68.4617 	EXP 	fixationInside: autoDraw = True
68.6142 	EXP 	New trial (rep=0, index=67): OrderedDict([('eventStartTime', 45.0), ('eventEndTime', 45.8), ('eventCond', 3), ('imSize', 0.75), ('imFile', 'Stimuli\\ImageFiles-Set1\\Faces\\Face_00085.png'), ('repeatedImage', 0), ('responseEvent', 0)])
68.6620 	EXP 	image: autoDraw = False
68.6620 	EXP 	fixationOutside: autoDraw = False
68.6620 	EXP 	fixationInside: autoDraw = False
68.6620 	EXP 	image: autoDraw = False
68.6620 	EXP 	fixationOutside: autoDraw = False
68.6620 	EXP 	fixationInside: autoDraw = False
68.6620 	EXP 	image: size = array([0.75, 0.75])
68.6620 	EXP 	image: image = 'Stimuli\\ImageFiles-Set1\\Faces\\Face_00085.png'
68.6620 	EXP 	image: autoDraw = True
68.6620 	EXP 	fixationOutside: autoDraw = True
68.6620 	EXP 	fixationInside: autoDraw = True
69.4486 	EXP 	New trial (rep=0, index=68): OrderedDict([('eventStartTime', 45.8), ('eventEndTime', 46.0), ('eventCond', 5), ('imSize', 0.0), ('imFile', 'Stimuli\\Blank.png'), ('repeatedImage', 0), ('responseEvent', 0)])
69.4627 	EXP 	image: autoDraw = False
69.4627 	EXP 	fixationOutside: autoDraw = False
69.4627 	EXP 	fixationInside: autoDraw = False
69.4627 	EXP 	image: autoDraw = False
69.4627 	EXP 	fixationOutside: autoDraw = False
69.4627 	EXP 	fixationInside: autoDraw = False
69.4627 	EXP 	image: size = array([0., 0.])
69.4627 	EXP 	image: image = 'Stimuli\\Blank.png'
69.4627 	EXP 	image: autoDraw = True
69.4627 	EXP 	fixationOutside: autoDraw = True
69.4627 	EXP 	fixationInside: autoDraw = True
69.6148 	EXP 	New trial (rep=0, index=69): OrderedDict([('eventStartTime', 46.0), ('eventEndTime', 46.8), ('eventCond', 3), ('imSize', 0.75), ('imFile', 'Stimuli\\ImageFiles-Set1\\Faces\\Face_00117.png'), ('repeatedImage', 0), ('responseEvent', 0)])
69.6628 	EXP 	image: autoDraw = False
69.6628 	EXP 	fixationOutside: autoDraw = False
69.6628 	EXP 	fixationInside: autoDraw = False
69.6628 	EXP 	image: autoDraw = False
69.6628 	EXP 	fixationOutside: autoDraw = False
69.6628 	EXP 	fixationInside: autoDraw = False
69.6628 	EXP 	image: size = array([0.75, 0.75])
69.6628 	EXP 	image: image = 'Stimuli\\ImageFiles-Set1\\Faces\\Face_00117.png'
69.6628 	EXP 	image: autoDraw = True
69.6628 	EXP 	fixationOutside: autoDraw = True
69.6628 	EXP 	fixationInside: autoDraw = True
70.4502 	EXP 	New trial (rep=0, index=70): OrderedDict([('eventStartTime', 46.8), ('eventEndTime', 47.0), ('eventCond', 5), ('imSize', 0.0), ('imFile', 'Stimuli\\Blank.png'), ('repeatedImage', 0), ('responseEvent', 0)])
70.4802 	EXP 	image: autoDraw = False
70.4802 	EXP 	fixationOutside: autoDraw = False
70.4802 	EXP 	fixationInside: autoDraw = False
70.4802 	EXP 	image: autoDraw = False
70.4802 	EXP 	fixationOutside: autoDraw = False
70.4802 	EXP 	fixationInside: autoDraw = False
70.4802 	EXP 	image: size = array([0., 0.])
70.4802 	EXP 	image: image = 'Stimuli\\Blank.png'
70.4802 	EXP 	image: autoDraw = True
70.4802 	EXP 	fixationOutside: autoDraw = True
70.4802 	EXP 	fixationInside: autoDraw = True
70.6327 	EXP 	New trial (rep=0, index=71): OrderedDict([('eventStartTime', 47.0), ('eventEndTime', 47.8), ('eventCond', 3), ('imSize', 0.75), ('imFile', 'Stimuli\\ImageFiles-Set1\\Faces\\Face_00117.png'), ('repeatedImage', 1), ('responseEvent', 1)])
70.6470 	EXP 	image: autoDraw = False
70.6470 	EXP 	fixationOutside: autoDraw = False
70.6470 	EXP 	fixationInside: autoDraw = False
70.6470 	EXP 	image: autoDraw = False
70.6470 	EXP 	fixationOutside: autoDraw = False
70.6470 	EXP 	fixationInside: autoDraw = False
70.6470 	EXP 	image: size = array([0.75, 0.75])
70.6470 	EXP 	image: image = 'Stimuli\\ImageFiles-Set1\\Faces\\Face_00117.png'
70.6470 	EXP 	image: autoDraw = True
70.6470 	EXP 	fixationOutside: autoDraw = True
70.6470 	EXP 	fixationInside: autoDraw = True
71.4166 	EXP 	New trial (rep=0, index=72): OrderedDict([('eventStartTime', 47.8), ('eventEndTime', 48.0), ('eventCond', 5), ('imSize', 0.0), ('imFile', 'Stimuli\\Blank.png'), ('repeatedImage', 0), ('responseEvent', 0)])
71.4310 	EXP 	image: autoDraw = False
71.4310 	EXP 	fixationOutside: autoDraw = False
71.4310 	EXP 	fixationInside: autoDraw = False
71.4310 	EXP 	image: autoDraw = False
71.4310 	EXP 	fixationOutside: autoDraw = False
71.4310 	EXP 	fixationInside: autoDraw = False
71.4310 	EXP 	image: size = array([0., 0.])
71.4310 	EXP 	image: image = 'Stimuli\\Blank.png'
71.4310 	EXP 	image: autoDraw = True
71.4310 	EXP 	fixationOutside: autoDraw = True
71.4310 	EXP 	fixationInside: autoDraw = True
71.6168 	EXP 	New trial (rep=0, index=73): OrderedDict([('eventStartTime', 48.0), ('eventEndTime', 48.8), ('eventCond', 3), ('imSize', 0.75), ('imFile', 'Stimuli\\ImageFiles-Set1\\Faces\\Face_00071.png'), ('repeatedImage', 0), ('responseEvent', 0)])
71.6646 	EXP 	image: autoDraw = False
71.6646 	EXP 	fixationOutside: autoDraw = False
71.6646 	EXP 	fixationInside: autoDraw = False
71.6646 	EXP 	image: autoDraw = False
71.6646 	EXP 	fixationOutside: autoDraw = False
71.6646 	EXP 	fixationInside: autoDraw = False
71.6646 	EXP 	image: size = array([0.75, 0.75])
71.6646 	EXP 	image: image = 'Stimuli\\ImageFiles-Set1\\Faces\\Face_00071.png'
71.6646 	EXP 	image: autoDraw = True
71.6646 	EXP 	fixationOutside: autoDraw = True
71.6646 	EXP 	fixationInside: autoDraw = True
72.4510 	EXP 	New trial (rep=0, index=74): OrderedDict([('eventStartTime', 48.8), ('eventEndTime', 49.0), ('eventCond', 5), ('imSize', 0.0), ('imFile', 'Stimuli\\Blank.png'), ('repeatedImage', 0), ('responseEvent', 0)])
72.4653 	EXP 	image: autoDraw = False
72.4653 	EXP 	fixationOutside: autoDraw = False
72.4653 	EXP 	fixationInside: autoDraw = False
72.4653 	EXP 	image: autoDraw = False
72.4653 	EXP 	fixationOutside: autoDraw = False
72.4653 	EXP 	fixationInside: autoDraw = False
72.4653 	EXP 	image: size = array([0., 0.])
72.4653 	EXP 	image: image = 'Stimuli\\Blank.png'
72.4653 	EXP 	image: autoDraw = True
72.4653 	EXP 	fixationOutside: autoDraw = True
72.4653 	EXP 	fixationInside: autoDraw = True
72.6185 	EXP 	New trial (rep=0, index=75): OrderedDict([('eventStartTime', 49.0), ('eventEndTime', 49.8), ('eventCond', 3), ('imSize', 0.75), ('imFile', 'Stimuli\\ImageFiles-Set1\\Faces\\Face_00059.png'), ('repeatedImage', 0), ('responseEvent', 0)])
72.6493 	EXP 	image: autoDraw = False
72.6493 	EXP 	fixationOutside: autoDraw = False
72.6493 	EXP 	fixationInside: autoDraw = False
72.6493 	EXP 	image: autoDraw = False
72.6493 	EXP 	fixationOutside: autoDraw = False
72.6493 	EXP 	fixationInside: autoDraw = False
72.6493 	EXP 	image: size = array([0.75, 0.75])
72.6493 	EXP 	image: image = 'Stimuli\\ImageFiles-Set1\\Faces\\Face_00059.png'
72.6493 	EXP 	image: autoDraw = True
72.6493 	EXP 	fixationOutside: autoDraw = True
72.6493 	EXP 	fixationInside: autoDraw = True
73.4369 	EXP 	New trial (rep=0, index=76): OrderedDict([('eventStartTime', 49.8), ('eventEndTime', 50.0), ('eventCond', 5), ('imSize', 0.0), ('imFile', 'Stimuli\\Blank.png'), ('repeatedImage', 0), ('responseEvent', 0)])
73.4662 	EXP 	image: autoDraw = False
73.4662 	EXP 	fixationOutside: autoDraw = False
73.4662 	EXP 	fixationInside: autoDraw = False
73.4662 	EXP 	image: autoDraw = False
73.4662 	EXP 	fixationOutside: autoDraw = False
73.4662 	EXP 	fixationInside: autoDraw = False
73.4662 	EXP 	image: size = array([0., 0.])
73.4662 	EXP 	image: image = 'Stimuli\\Blank.png'
73.4662 	EXP 	image: autoDraw = True
73.4662 	EXP 	fixationOutside: autoDraw = True
73.4662 	EXP 	fixationInside: autoDraw = True
73.6365 	EXP 	New trial (rep=0, index=77): OrderedDict([('eventStartTime', 50.0), ('eventEndTime', 50.8), ('eventCond', 3), ('imSize', 0.75), ('imFile', 'Stimuli\\ImageFiles-Set1\\Faces\\Face_00025.png'), ('repeatedImage', 0), ('responseEvent', 0)])
73.6830 	EXP 	image: autoDraw = False
73.6830 	EXP 	fixationOutside: autoDraw = False
73.6830 	EXP 	fixationInside: autoDraw = False
73.6830 	EXP 	image: autoDraw = False
73.6830 	EXP 	fixationOutside: autoDraw = False
73.6830 	EXP 	fixationInside: autoDraw = False
73.6830 	EXP 	image: size = array([0.75, 0.75])
73.6830 	EXP 	image: image = 'Stimuli\\ImageFiles-Set1\\Faces\\Face_00025.png'
73.6830 	EXP 	image: autoDraw = True
73.6830 	EXP 	fixationOutside: autoDraw = True
73.6830 	EXP 	fixationInside: autoDraw = True
74.4528 	EXP 	New trial (rep=0, index=78): OrderedDict([('eventStartTime', 50.8), ('eventEndTime', 51.0), ('eventCond', 5), ('imSize', 0.0), ('imFile', 'Stimuli\\Blank.png'), ('repeatedImage', 0), ('responseEvent', 0)])
74.4671 	EXP 	image: autoDraw = False
74.4671 	EXP 	fixationOutside: autoDraw = False
74.4671 	EXP 	fixationInside: autoDraw = False
74.4671 	EXP 	image: autoDraw = False
74.4671 	EXP 	fixationOutside: autoDraw = False
74.4671 	EXP 	fixationInside: autoDraw = False
74.4671 	EXP 	image: size = array([0., 0.])
74.4671 	EXP 	image: image = 'Stimuli\\Blank.png'
74.4671 	EXP 	image: autoDraw = True
74.4671 	EXP 	fixationOutside: autoDraw = True
74.4671 	EXP 	fixationInside: autoDraw = True
74.6190 	EXP 	New trial (rep=0, index=79): OrderedDict([('eventStartTime', 51.0), ('eventEndTime', 51.8), ('eventCond', 3), ('imSize', 0.75), ('imFile', 'Stimuli\\ImageFiles-Set1\\Faces\\Face_00065.png'), ('repeatedImage', 0), ('responseEvent', 0)])
74.6505 	EXP 	image: autoDraw = False
74.6505 	EXP 	fixationOutside: autoDraw = False
74.6505 	EXP 	fixationInside: autoDraw = False
74.6505 	EXP 	image: autoDraw = False
74.6505 	EXP 	fixationOutside: autoDraw = False
74.6505 	EXP 	fixationInside: autoDraw = False
74.6505 	EXP 	image: size = array([0.75, 0.75])
74.6505 	EXP 	image: image = 'Stimuli\\ImageFiles-Set1\\Faces\\Face_00065.png'
74.6505 	EXP 	image: autoDraw = True
74.6505 	EXP 	fixationOutside: autoDraw = True
74.6505 	EXP 	fixationInside: autoDraw = True
75.3900 	DATA 	Keypress: escape
75.4379 	EXP 	New trial (rep=0, index=80): OrderedDict([('eventStartTime', 51.8), ('eventEndTime', 52.0), ('eventCond', 5), ('imSize', 0.0), ('imFile', 'Stimuli\\Blank.png'), ('repeatedImage', 0), ('responseEvent', 0)])
75.4513 	EXP 	image: autoDraw = False
75.4513 	EXP 	fixationOutside: autoDraw = False
75.4513 	EXP 	fixationInside: autoDraw = False
75.4513 	EXP 	image: autoDraw = False
75.4513 	EXP 	fixationOutside: autoDraw = False
75.4513 	EXP 	fixationInside: autoDraw = False
75.4513 	EXP 	image: size = array([0., 0.])
75.4513 	EXP 	image: image = 'Stimuli\\Blank.png'
75.4513 	EXP 	image: autoDraw = True
75.4513 	EXP 	fixationOutside: autoDraw = True
75.4513 	EXP 	fixationInside: autoDraw = True
75.6206 	EXP 	New trial (rep=0, index=81): OrderedDict([('eventStartTime', 52.0), ('eventEndTime', 52.8), ('eventCond', 3), ('imSize', 0.75), ('imFile', 'Stimuli\\ImageFiles-Set1\\Faces\\Face_00009.png'), ('repeatedImage', 0), ('responseEvent', 0)])
75.6514 	EXP 	image: autoDraw = False
75.6514 	EXP 	fixationOutside: autoDraw = False
75.6514 	EXP 	fixationInside: autoDraw = False
75.6514 	EXP 	image: autoDraw = False
75.6514 	EXP 	fixationOutside: autoDraw = False
75.6514 	EXP 	fixationInside: autoDraw = False
75.6514 	EXP 	image: size = array([0.75, 0.75])
75.6514 	EXP 	image: image = 'Stimuli\\ImageFiles-Set1\\Faces\\Face_00009.png'
75.6514 	EXP 	image: autoDraw = True
75.6514 	EXP 	fixationOutside: autoDraw = True
75.6514 	EXP 	fixationInside: autoDraw = True
76.4373 	EXP 	New trial (rep=0, index=82): OrderedDict([('eventStartTime', 52.8), ('eventEndTime', 53.0), ('eventCond', 5), ('imSize', 0.0), ('imFile', 'Stimuli\\Blank.png'), ('repeatedImage', 0), ('responseEvent', 0)])
76.4522 	EXP 	image: autoDraw = False
76.4522 	EXP 	fixationOutside: autoDraw = False
76.4522 	EXP 	fixationInside: autoDraw = False
76.4522 	EXP 	image: autoDraw = False
76.4522 	EXP 	fixationOutside: autoDraw = False
76.4522 	EXP 	fixationInside: autoDraw = False
76.4522 	EXP 	image: size = array([0., 0.])
76.4522 	EXP 	image: image = 'Stimuli\\Blank.png'
76.4522 	EXP 	image: autoDraw = True
76.4522 	EXP 	fixationOutside: autoDraw = True
76.4522 	EXP 	fixationInside: autoDraw = True
76.6216 	EXP 	New trial (rep=0, index=83): OrderedDict([('eventStartTime', 53.0), ('eventEndTime', 53.8), ('eventCond', 3), ('imSize', 0.75), ('imFile', 'Stimuli\\ImageFiles-Set1\\Faces\\Face_00089.png'), ('repeatedImage', 0), ('responseEvent', 0)])
76.6690 	EXP 	image: autoDraw = False
76.6690 	EXP 	fixationOutside: autoDraw = False
76.6690 	EXP 	fixationInside: autoDraw = False
76.6690 	EXP 	image: autoDraw = False
76.6690 	EXP 	fixationOutside: autoDraw = False
76.6690 	EXP 	fixationInside: autoDraw = False
76.6690 	EXP 	image: size = array([0.75, 0.75])
76.6690 	EXP 	image: image = 'Stimuli\\ImageFiles-Set1\\Faces\\Face_00089.png'
76.6690 	EXP 	image: autoDraw = True
76.6690 	EXP 	fixationOutside: autoDraw = True
76.6690 	EXP 	fixationInside: autoDraw = True
77.4557 	EXP 	New trial (rep=0, index=84): OrderedDict([('eventStartTime', 53.8), ('eventEndTime', 54.0), ('eventCond', 5), ('imSize', 0.0), ('imFile', 'Stimuli\\Blank.png'), ('repeatedImage', 0), ('responseEvent', 0)])
77.4697 	EXP 	image: autoDraw = False
77.4697 	EXP 	fixationOutside: autoDraw = False
77.4697 	EXP 	fixationInside: autoDraw = False
77.4697 	EXP 	image: autoDraw = False
77.4697 	EXP 	fixationOutside: autoDraw = False
77.4697 	EXP 	fixationInside: autoDraw = False
77.4697 	EXP 	image: size = array([0., 0.])
77.4697 	EXP 	image: image = 'Stimuli\\Blank.png'
77.4697 	EXP 	image: autoDraw = True
77.4697 	EXP 	fixationOutside: autoDraw = True
77.4697 	EXP 	fixationInside: autoDraw = True
77.6218 	EXP 	New trial (rep=0, index=85): OrderedDict([('eventStartTime', 54.0), ('eventEndTime', 54.8), ('eventCond', 3), ('imSize', 0.75), ('imFile', 'Stimuli\\ImageFiles-Set1\\Faces\\Face_00105.png'), ('repeatedImage', 1), ('responseEvent', 1)])
77.6365 	EXP 	image: autoDraw = False
77.6365 	EXP 	fixationOutside: autoDraw = False
77.6365 	EXP 	fixationInside: autoDraw = False
77.6365 	EXP 	image: autoDraw = False
77.6365 	EXP 	fixationOutside: autoDraw = False
77.6365 	EXP 	fixationInside: autoDraw = False
77.6365 	EXP 	image: size = array([0.75, 0.75])
77.6365 	EXP 	image: image = 'Stimuli\\ImageFiles-Set1\\Faces\\Face_00105.png'
77.6365 	EXP 	image: autoDraw = True
77.6365 	EXP 	fixationOutside: autoDraw = True
77.6365 	EXP 	fixationInside: autoDraw = True
78.4228 	EXP 	New trial (rep=0, index=86): OrderedDict([('eventStartTime', 54.8), ('eventEndTime', 55.0), ('eventCond', 5), ('imSize', 0.0), ('imFile', 'Stimuli\\Blank.png'), ('repeatedImage', 0), ('responseEvent', 0)])
78.4373 	EXP 	image: autoDraw = False
78.4373 	EXP 	fixationOutside: autoDraw = False
78.4373 	EXP 	fixationInside: autoDraw = False
78.4373 	EXP 	image: autoDraw = False
78.4373 	EXP 	fixationOutside: autoDraw = False
78.4373 	EXP 	fixationInside: autoDraw = False
78.4373 	EXP 	image: size = array([0., 0.])
78.4373 	EXP 	image: image = 'Stimuli\\Blank.png'
78.4373 	EXP 	image: autoDraw = True
78.4373 	EXP 	fixationOutside: autoDraw = True
78.4373 	EXP 	fixationInside: autoDraw = True
78.6234 	EXP 	New trial (rep=0, index=87): OrderedDict([('eventStartTime', 55.0), ('eventEndTime', 55.8), ('eventCond', 3), ('imSize', 0.75), ('imFile', 'Stimuli\\ImageFiles-Set1\\Faces\\Face_00037.png'), ('repeatedImage', 0), ('responseEvent', 0)])
78.6708 	EXP 	image: autoDraw = False
78.6708 	EXP 	fixationOutside: autoDraw = False
78.6708 	EXP 	fixationInside: autoDraw = False
78.6708 	EXP 	image: autoDraw = False
78.6708 	EXP 	fixationOutside: autoDraw = False
78.6708 	EXP 	fixationInside: autoDraw = False
78.6708 	EXP 	image: size = array([0.75, 0.75])
78.6708 	EXP 	image: image = 'Stimuli\\ImageFiles-Set1\\Faces\\Face_00037.png'
78.6708 	EXP 	image: autoDraw = True
78.6708 	EXP 	fixationOutside: autoDraw = True
78.6708 	EXP 	fixationInside: autoDraw = True
78.8103 	DATA 	Mouse: Left button down, pos=(1420,617)
78.9268 	DATA 	Mouse:  Left button up, pos=(1420,617)
79.4566 	EXP 	New trial (rep=0, index=88): OrderedDict([('eventStartTime', 55.8), ('eventEndTime', 56.0), ('eventCond', 5), ('imSize', 0.0), ('imFile', 'Stimuli\\Blank.png'), ('repeatedImage', 0), ('responseEvent', 0)])
79.4715 	EXP 	image: autoDraw = False
79.4715 	EXP 	fixationOutside: autoDraw = False
79.4715 	EXP 	fixationInside: autoDraw = False
79.4715 	EXP 	image: autoDraw = False
79.4715 	EXP 	fixationOutside: autoDraw = False
79.4715 	EXP 	fixationInside: autoDraw = False
79.4715 	EXP 	image: size = array([0., 0.])
79.4715 	EXP 	image: image = 'Stimuli\\Blank.png'
79.4715 	EXP 	image: autoDraw = True
79.4715 	EXP 	fixationOutside: autoDraw = True
79.4715 	EXP 	fixationInside: autoDraw = True
79.5931 	DATA 	Keypress: escape
79.6235 	EXP 	New trial (rep=0, index=89): OrderedDict([('eventStartTime', 56.0), ('eventEndTime', 56.8), ('eventCond', 3), ('imSize', 0.75), ('imFile', 'Stimuli\\ImageFiles-Set1\\Faces\\Face_00037.png'), ('repeatedImage', 0), ('responseEvent', 0)])
79.6383 	EXP 	image: autoDraw = False
79.6383 	EXP 	fixationOutside: autoDraw = False
79.6383 	EXP 	fixationInside: autoDraw = False
79.6383 	EXP 	image: autoDraw = False
79.6383 	EXP 	fixationOutside: autoDraw = False
79.6383 	EXP 	fixationInside: autoDraw = False
79.6383 	EXP 	image: size = array([0.75, 0.75])
79.6383 	EXP 	image: image = 'Stimuli\\ImageFiles-Set1\\Faces\\Face_00037.png'
79.6383 	EXP 	image: autoDraw = True
79.6383 	EXP 	fixationOutside: autoDraw = True
79.6383 	EXP 	fixationInside: autoDraw = True
80.4254 	EXP 	New trial (rep=0, index=90): OrderedDict([('eventStartTime', 56.8), ('eventEndTime', 57.0), ('eventCond', 5), ('imSize', 0.0), ('imFile', 'Stimuli\\Blank.png'), ('repeatedImage', 0), ('responseEvent', 0)])
80.4390 	EXP 	image: autoDraw = False
80.4390 	EXP 	fixationOutside: autoDraw = False
80.4390 	EXP 	fixationInside: autoDraw = False
80.4390 	EXP 	image: autoDraw = False
80.4390 	EXP 	fixationOutside: autoDraw = False
80.4390 	EXP 	fixationInside: autoDraw = False
80.4390 	EXP 	image: size = array([0., 0.])
80.4390 	EXP 	image: image = 'Stimuli\\Blank.png'
80.4390 	EXP 	image: autoDraw = True
80.4390 	EXP 	fixationOutside: autoDraw = True
80.4390 	EXP 	fixationInside: autoDraw = True
80.6087 	EXP 	New trial (rep=0, index=91): OrderedDict([('eventStartTime', 57.0), ('eventEndTime', 57.8), ('eventCond', 3), ('imSize', 0.75), ('imFile', 'Stimuli\\ImageFiles-Set1\\Faces\\Face_00107.png'), ('repeatedImage', 0), ('responseEvent', 0)])
80.6392 	EXP 	image: autoDraw = False
80.6392 	EXP 	fixationOutside: autoDraw = False
80.6392 	EXP 	fixationInside: autoDraw = False
80.6392 	EXP 	image: autoDraw = False
80.6392 	EXP 	fixationOutside: autoDraw = False
80.6392 	EXP 	fixationInside: autoDraw = False
80.6392 	EXP 	image: size = array([0.75, 0.75])
80.6392 	EXP 	image: image = 'Stimuli\\ImageFiles-Set1\\Faces\\Face_00107.png'
80.6392 	EXP 	image: autoDraw = True
80.6392 	EXP 	fixationOutside: autoDraw = True
80.6392 	EXP 	fixationInside: autoDraw = True
81.4255 	EXP 	New trial (rep=0, index=92): OrderedDict([('eventStartTime', 57.8), ('eventEndTime', 58.0), ('eventCond', 5), ('imSize', 0.0), ('imFile', 'Stimuli\\Blank.png'), ('repeatedImage', 0), ('responseEvent', 0)])
81.4399 	EXP 	image: autoDraw = False
81.4399 	EXP 	fixationOutside: autoDraw = False
81.4399 	EXP 	fixationInside: autoDraw = False
81.4399 	EXP 	image: autoDraw = False
81.4399 	EXP 	fixationOutside: autoDraw = False
81.4399 	EXP 	fixationInside: autoDraw = False
81.4399 	EXP 	image: size = array([0., 0.])
81.4399 	EXP 	image: image = 'Stimuli\\Blank.png'
81.4399 	EXP 	image: autoDraw = True
81.4399 	EXP 	fixationOutside: autoDraw = True
81.4399 	EXP 	fixationInside: autoDraw = True
81.6091 	EXP 	New trial (rep=0, index=93): OrderedDict([('eventStartTime', 58.0), ('eventEndTime', 58.8), ('eventCond', 3), ('imSize', 0.75), ('imFile', 'Stimuli\\ImageFiles-Set1\\Faces\\Face_00039.png'), ('repeatedImage', 0), ('responseEvent', 0)])
81.6234 	EXP 	image: autoDraw = False
81.6234 	EXP 	fixationOutside: autoDraw = False
81.6234 	EXP 	fixationInside: autoDraw = False
81.6234 	EXP 	image: autoDraw = False
81.6234 	EXP 	fixationOutside: autoDraw = False
81.6234 	EXP 	fixationInside: autoDraw = False
81.6234 	EXP 	image: size = array([0.75, 0.75])
81.6234 	EXP 	image: image = 'Stimuli\\ImageFiles-Set1\\Faces\\Face_00039.png'
81.6234 	EXP 	image: autoDraw = True
81.6234 	EXP 	fixationOutside: autoDraw = True
81.6234 	EXP 	fixationInside: autoDraw = True
82.4108 	EXP 	New trial (rep=0, index=94): OrderedDict([('eventStartTime', 58.8), ('eventEndTime', 59.0), ('eventCond', 5), ('imSize', 0.0), ('imFile', 'Stimuli\\Blank.png'), ('repeatedImage', 0), ('responseEvent', 0)])
82.4408 	EXP 	image: autoDraw = False
82.4408 	EXP 	fixationOutside: autoDraw = False
82.4408 	EXP 	fixationInside: autoDraw = False
82.4408 	EXP 	image: autoDraw = False
82.4408 	EXP 	fixationOutside: autoDraw = False
82.4408 	EXP 	fixationInside: autoDraw = False
82.4408 	EXP 	image: size = array([0., 0.])
82.4408 	EXP 	image: image = 'Stimuli\\Blank.png'
82.4408 	EXP 	image: autoDraw = True
82.4408 	EXP 	fixationOutside: autoDraw = True
82.4408 	EXP 	fixationInside: autoDraw = True
82.6270 	EXP 	New trial (rep=0, index=95): OrderedDict([('eventStartTime', 59.0), ('eventEndTime', 59.8), ('eventCond', 3), ('imSize', 0.75), ('imFile', 'Stimuli\\ImageFiles-Set1\\Faces\\Face_00016.png'), ('repeatedImage', 0), ('responseEvent', 0)])
82.6743 	EXP 	image: autoDraw = False
82.6743 	EXP 	fixationOutside: autoDraw = False
82.6743 	EXP 	fixationInside: autoDraw = False
82.6743 	EXP 	image: autoDraw = False
82.6743 	EXP 	fixationOutside: autoDraw = False
82.6743 	EXP 	fixationInside: autoDraw = False
82.6743 	EXP 	image: size = array([0.75, 0.75])
82.6743 	EXP 	image: image = 'Stimuli\\ImageFiles-Set1\\Faces\\Face_00016.png'
82.6743 	EXP 	image: autoDraw = True
82.6743 	EXP 	fixationOutside: autoDraw = True
82.6743 	EXP 	fixationInside: autoDraw = True
83.4435 	EXP 	New trial (rep=0, index=96): OrderedDict([('eventStartTime', 59.8), ('eventEndTime', 60.0), ('eventCond', 5), ('imSize', 0.0), ('imFile', 'Stimuli\\Blank.png'), ('repeatedImage', 0), ('responseEvent', 0)])
83.4584 	EXP 	image: autoDraw = False
83.4584 	EXP 	fixationOutside: autoDraw = False
83.4584 	EXP 	fixationInside: autoDraw = False
83.4584 	EXP 	image: autoDraw = False
83.4584 	EXP 	fixationOutside: autoDraw = False
83.4584 	EXP 	fixationInside: autoDraw = False
83.4584 	EXP 	image: size = array([0., 0.])
83.4584 	EXP 	image: image = 'Stimuli\\Blank.png'
83.4584 	EXP 	image: autoDraw = True
83.4584 	EXP 	fixationOutside: autoDraw = True
83.4584 	EXP 	fixationInside: autoDraw = True
83.6112 	EXP 	New trial (rep=0, index=97): OrderedDict([('eventStartTime', 60.0), ('eventEndTime', 60.8), ('eventCond', 4), ('imSize', 0.75), ('imFile', 'Stimuli\\ImageFiles-Set1\\Scenes\\Scenes_040.png'), ('repeatedImage', 0), ('responseEvent', 0)])
83.6586 	EXP 	image: autoDraw = False
83.6586 	EXP 	fixationOutside: autoDraw = False
83.6586 	EXP 	fixationInside: autoDraw = False
83.6586 	EXP 	image: autoDraw = False
83.6586 	EXP 	fixationOutside: autoDraw = False
83.6586 	EXP 	fixationInside: autoDraw = False
83.6586 	EXP 	image: size = array([0.75, 0.75])
83.6586 	EXP 	image: image = 'Stimuli\\ImageFiles-Set1\\Scenes\\Scenes_040.png'
83.6586 	EXP 	image: autoDraw = True
83.6586 	EXP 	fixationOutside: autoDraw = True
83.6586 	EXP 	fixationInside: autoDraw = True
84.4357 	DATA 	Mouse: Left button down, pos=(1299,477)
84.4459 	EXP 	New trial (rep=0, index=98): OrderedDict([('eventStartTime', 60.8), ('eventEndTime', 61.0), ('eventCond', 5), ('imSize', 0.0), ('imFile', 'Stimuli\\Blank.png'), ('repeatedImage', 0), ('responseEvent', 0)])
84.4759 	EXP 	image: autoDraw = False
84.4759 	EXP 	fixationOutside: autoDraw = False
84.4759 	EXP 	fixationInside: autoDraw = False
84.4759 	EXP 	image: autoDraw = False
84.4759 	EXP 	fixationOutside: autoDraw = False
84.4759 	EXP 	fixationInside: autoDraw = False
84.4759 	EXP 	image: size = array([0., 0.])
84.4759 	EXP 	image: image = 'Stimuli\\Blank.png'
84.4759 	EXP 	image: autoDraw = True
84.4759 	EXP 	fixationOutside: autoDraw = True
84.4759 	EXP 	fixationInside: autoDraw = True
84.5321 	DATA 	Mouse:  Left button up, pos=(1299,477)
84.6280 	EXP 	New trial (rep=0, index=99): OrderedDict([('eventStartTime', 61.0), ('eventEndTime', 61.8), ('eventCond', 4), ('imSize', 0.75), ('imFile', 'Stimuli\\ImageFiles-Set1\\Scenes\\Scenes_052.png'), ('repeatedImage', 0), ('responseEvent', 0)])
84.6595 	EXP 	image: autoDraw = False
84.6595 	EXP 	fixationOutside: autoDraw = False
84.6595 	EXP 	fixationInside: autoDraw = False
84.6595 	EXP 	image: autoDraw = False
84.6595 	EXP 	fixationOutside: autoDraw = False
84.6595 	EXP 	fixationInside: autoDraw = False
84.6595 	EXP 	image: size = array([0.75, 0.75])
84.6595 	EXP 	image: image = 'Stimuli\\ImageFiles-Set1\\Scenes\\Scenes_052.png'
84.6595 	EXP 	image: autoDraw = True
84.6595 	EXP 	fixationOutside: autoDraw = True
84.6595 	EXP 	fixationInside: autoDraw = True
85.1650 	DATA 	Keypress: escape
85.4287 	EXP 	New trial (rep=0, index=100): OrderedDict([('eventStartTime', 61.8), ('eventEndTime', 62.0), ('eventCond', 5), ('imSize', 0.0), ('imFile', 'Stimuli\\Blank.png'), ('repeatedImage', 0), ('responseEvent', 0)])
85.4434 	EXP 	image: autoDraw = False
85.4434 	EXP 	fixationOutside: autoDraw = False
85.4434 	EXP 	fixationInside: autoDraw = False
85.4434 	EXP 	image: autoDraw = False
85.4434 	EXP 	fixationOutside: autoDraw = False
85.4434 	EXP 	fixationInside: autoDraw = False
85.4434 	EXP 	image: size = array([0., 0.])
85.4434 	EXP 	image: image = 'Stimuli\\Blank.png'
85.4434 	EXP 	image: autoDraw = True
85.4434 	EXP 	fixationOutside: autoDraw = True
85.4434 	EXP 	fixationInside: autoDraw = True
85.6129 	EXP 	New trial (rep=0, index=101): OrderedDict([('eventStartTime', 62.0), ('eventEndTime', 62.8), ('eventCond', 4), ('imSize', 0.75), ('imFile', 'Stimuli\\ImageFiles-Set1\\Scenes\\Scenes_045.png'), ('repeatedImage', 0), ('responseEvent', 0)])
85.6436 	EXP 	image: autoDraw = False
85.6436 	EXP 	fixationOutside: autoDraw = False
85.6436 	EXP 	fixationInside: autoDraw = False
85.6436 	EXP 	image: autoDraw = False
85.6436 	EXP 	fixationOutside: autoDraw = False
85.6436 	EXP 	fixationInside: autoDraw = False
85.6436 	EXP 	image: size = array([0.75, 0.75])
85.6436 	EXP 	image: image = 'Stimuli\\ImageFiles-Set1\\Scenes\\Scenes_045.png'
85.6436 	EXP 	image: autoDraw = True
85.6436 	EXP 	fixationOutside: autoDraw = True
85.6436 	EXP 	fixationInside: autoDraw = True
85.7490 	DATA 	Keypress: escape
85.9322 	EXP 	window1: mouseVisible = True
