10.4287 	EXP 	Created window1 = Window(allowGUI=False, allowStencil=False, autoLog=True, backendConf=UNKNOWN, bitsMode=UNKNOWN, blendMode='avg', bpc=(8, 8, 8), color=array([0, 0, 0]), colorSpace='rgb', depthBits=8, fullscr=<method-wrapper '__getattribute__' of attributeSetter object at 0x000001C14001FDD8>, gamma=None, gammaErrorPolicy='raise', lms=UNKNOWN, monitor=<psychopy.monitors.calibTools.Monitor object at 0x000001C13FF8B240>, multiSample=False, name='window1', numSamples=2, pos=[0.0, 0.0], screen=1, size=array([1920, 1080]), stencilBits=0, stereo=False, units='norm', useFBO=True, useRetina=False, viewOri=0.0, viewPos=None, viewScale=None, waitBlanking=True, winType='pyglet')
10.4287 	EXP 	window1: mouseVisible = True
10.4288 	EXP 	window1: recordFrameIntervals = False
10.5951 	EXP 	window1: recordFrameIntervals = True
10.7787 	EXP 	window1: recordFrameIntervals = False
11.1557 	EXP 	Created Instructions = TextStim(__class__=<class 'psychopy.visual.text.TextStim'>, alignHoriz=method-wrapper(...), alignText='center', alignVert=method-wrapper(...), anchorHoriz='center', anchorVert='center', antialias=True, autoLog=True, bold=False, color=array([1., 1., 1.]), colorSpace='rgb', contrast=1.0, depth=0.0, flipHoriz=False, flipVert=False, font='Open Sans', fontFiles=[], height=0.05, italic=False, languageStyle='LTR', name='Instructions', opacity=1, ori=0.0, pos=array([0., 0.]), rgb=UNKNOWN, text=str(...), units='norm', win=Window(...), wrapWidth=1)
11.1593 	EXP 	Created image = ImageStim(__class__=<class 'psychopy.visual.image.ImageStim'>, autoLog=True, color=array([1., 1., 1.]), colorSpace='rgb', contrast=1.0, depth=-2.0, flipHoriz=False, flipVert=False, image='sin', interpolate=False, mask=None, maskParams=None, name='image', opacity=1, ori=0.0, pos=array([0., 0.]), size=array([1., 1.]), texRes=512, units='height', win=Window(...))
11.1776 	EXP 	Created fixationOutside = ShapeStim(__class__=<class 'psychopy.visual.shape.ShapeStim'>, autoDraw=False, autoLog=True, closeShape=True, color=method-wrapper(...), colorSpace='rgb', contrast=None, depth=-3.0, fillColor=array([-1, -1, -1]), fillColorSpace='rgb', fillRGB=array([-1, -1, -1]), interpolate=True, lineColor=array([-1., -1., -1.]), lineColorSpace='rgb', lineRGB=array([-1, -1, -1]), lineWidth=1.0, name='fixationOutside', opacity=1, ori=0.0, pos=array([0., 0.]), size=array([0.01, 0.01]), units='height', vertices=ndarray(...), win=Window(...), windingRule=None)
11.1928 	EXP 	Created fixationInside = ShapeStim(__class__=<class 'psychopy.visual.shape.ShapeStim'>, autoDraw=False, autoLog=True, closeShape=True, color=method-wrapper(...), colorSpace='rgb', contrast=None, depth=-4.0, fillColor=array([1, 1, 1]), fillColorSpace='rgb', fillRGB=array([1, 1, 1]), interpolate=True, lineColor=array([1., 1., 1.]), lineColorSpace='rgb', lineRGB=array([1, 1, 1]), lineWidth=1.0, name='fixationInside', opacity=1, ori=0.0, pos=array([0., 0.]), size=array([0.005, 0.005]), units='height', vertices=ndarray(...), win=Window(...), windingRule=None)
11.3520 	EXP 	Instructions: autoDraw = True
32.4880 	DATA 	Keypress: 1
32.4979 	EXP 	Instructions: autoDraw = False
33.1665 	EXP 	Imported runInfo/P015/conditionFiles/P015_Run1.csv as conditions, 517 conditions, 7 params
33.1675 	EXP 	Created sequence: sequential, trialTypes=517, nReps=1, seed=None
33.1678 	EXP 	New trial (rep=0, index=0): OrderedDict([('eventStartTime', 0.0), ('eventEndTime', 12.0), ('eventCond', 0), ('imSize', 0.0), ('imFile', 'Stimuli\\Blank.png'), ('repeatedImage', 0), ('responseEvent', 0)])
33.1751 	DATA 	Keypress: 5
33.1818 	EXP 	image: size = array([0., 0.])
33.1818 	EXP 	image: image = 'Stimuli\\Blank.png'
33.1818 	EXP 	image: autoDraw = True
33.1818 	EXP 	fixationOutside: autoDraw = True
33.1818 	EXP 	fixationInside: autoDraw = True
45.1301 	EXP 	New trial (rep=0, index=1): OrderedDict([('eventStartTime', 12.0), ('eventEndTime', 12.8), ('eventCond', 1), ('imSize', 0.75), ('imFile', 'Stimuli\\ImageFiles-Set1\\Objects\\Object_Table_00001.png'), ('repeatedImage', 0), ('responseEvent', 0)])
45.1426 	EXP 	image: autoDraw = False
45.1426 	EXP 	fixationOutside: autoDraw = False
45.1426 	EXP 	fixationInside: autoDraw = False
45.1426 	EXP 	image: autoDraw = False
45.1426 	EXP 	fixationOutside: autoDraw = False
45.1426 	EXP 	fixationInside: autoDraw = False
45.1426 	EXP 	image: size = array([0.75, 0.75])
45.1426 	EXP 	image: image = 'Stimuli\\ImageFiles-Set1\\Objects\\Object_Table_00001.png'
45.1426 	EXP 	image: autoDraw = True
45.1426 	EXP 	fixationOutside: autoDraw = True
45.1426 	EXP 	fixationInside: autoDraw = True
45.9290 	EXP 	New trial (rep=0, index=2): OrderedDict([('eventStartTime', 12.8), ('eventEndTime', 13.0), ('eventCond', 5), ('imSize', 0.0), ('imFile', 'Stimuli\\Blank.png'), ('repeatedImage', 0), ('responseEvent', 0)])
45.9433 	EXP 	image: autoDraw = False
45.9433 	EXP 	fixationOutside: autoDraw = False
45.9433 	EXP 	fixationInside: autoDraw = False
45.9433 	EXP 	image: autoDraw = False
45.9433 	EXP 	fixationOutside: autoDraw = False
45.9433 	EXP 	fixationInside: autoDraw = False
45.9433 	EXP 	image: size = array([0., 0.])
45.9433 	EXP 	image: image = 'Stimuli\\Blank.png'
45.9433 	EXP 	image: autoDraw = True
45.9433 	EXP 	fixationOutside: autoDraw = True
45.9433 	EXP 	fixationInside: autoDraw = True
46.1286 	EXP 	New trial (rep=0, index=3): OrderedDict([('eventStartTime', 13.0), ('eventEndTime', 13.8), ('eventCond', 1), ('imSize', 0.75), ('imFile', 'Stimuli\\ImageFiles-Set1\\Objects\\Object_Dryer_00001.png'), ('repeatedImage', 0), ('responseEvent', 0)])
46.1434 	EXP 	image: autoDraw = False
46.1434 	EXP 	fixationOutside: autoDraw = False
46.1434 	EXP 	fixationInside: autoDraw = False
46.1434 	EXP 	image: autoDraw = False
46.1434 	EXP 	fixationOutside: autoDraw = False
46.1434 	EXP 	fixationInside: autoDraw = False
46.1434 	EXP 	image: size = array([0.75, 0.75])
46.1434 	EXP 	image: image = 'Stimuli\\ImageFiles-Set1\\Objects\\Object_Dryer_00001.png'
46.1434 	EXP 	image: autoDraw = True
46.1434 	EXP 	fixationOutside: autoDraw = True
46.1434 	EXP 	fixationInside: autoDraw = True
46.9319 	EXP 	New trial (rep=0, index=4): OrderedDict([('eventStartTime', 13.8), ('eventEndTime', 14.0), ('eventCond', 5), ('imSize', 0.0), ('imFile', 'Stimuli\\Blank.png'), ('repeatedImage', 0), ('responseEvent', 0)])
46.9608 	EXP 	image: autoDraw = False
46.9608 	EXP 	fixationOutside: autoDraw = False
46.9608 	EXP 	fixationInside: autoDraw = False
46.9608 	EXP 	image: autoDraw = False
46.9608 	EXP 	fixationOutside: autoDraw = False
46.9608 	EXP 	fixationInside: autoDraw = False
46.9608 	EXP 	image: size = array([0., 0.])
46.9608 	EXP 	image: image = 'Stimuli\\Blank.png'
46.9608 	EXP 	image: autoDraw = True
46.9608 	EXP 	fixationOutside: autoDraw = True
46.9608 	EXP 	fixationInside: autoDraw = True
47.1467 	EXP 	New trial (rep=0, index=5): OrderedDict([('eventStartTime', 14.0), ('eventEndTime', 14.8), ('eventCond', 1), ('imSize', 0.75), ('imFile', 'Stimuli\\ImageFiles-Set1\\Objects\\Object_Bench_00001.png'), ('repeatedImage', 0), ('responseEvent', 0)])
47.1610 	EXP 	image: autoDraw = False
47.1610 	EXP 	fixationOutside: autoDraw = False
47.1610 	EXP 	fixationInside: autoDraw = False
47.1610 	EXP 	image: autoDraw = False
47.1610 	EXP 	fixationOutside: autoDraw = False
47.1610 	EXP 	fixationInside: autoDraw = False
47.1610 	EXP 	image: size = array([0.75, 0.75])
47.1610 	EXP 	image: image = 'Stimuli\\ImageFiles-Set1\\Objects\\Object_Bench_00001.png'
47.1610 	EXP 	image: autoDraw = True
47.1610 	EXP 	fixationOutside: autoDraw = True
47.1610 	EXP 	fixationInside: autoDraw = True
47.9329 	EXP 	New trial (rep=0, index=6): OrderedDict([('eventStartTime', 14.8), ('eventEndTime', 15.0), ('eventCond', 5), ('imSize', 0.0), ('imFile', 'Stimuli\\Blank.png'), ('repeatedImage', 0), ('responseEvent', 0)])
47.9617 	EXP 	image: autoDraw = False
47.9617 	EXP 	fixationOutside: autoDraw = False
47.9617 	EXP 	fixationInside: autoDraw = False
47.9617 	EXP 	image: autoDraw = False
47.9617 	EXP 	fixationOutside: autoDraw = False
47.9617 	EXP 	fixationInside: autoDraw = False
47.9617 	EXP 	image: size = array([0., 0.])
47.9617 	EXP 	image: image = 'Stimuli\\Blank.png'
47.9617 	EXP 	image: autoDraw = True
47.9617 	EXP 	fixationOutside: autoDraw = True
47.9617 	EXP 	fixationInside: autoDraw = True
48.1484 	EXP 	New trial (rep=0, index=7): OrderedDict([('eventStartTime', 15.0), ('eventEndTime', 15.8), ('eventCond', 1), ('imSize', 0.75), ('imFile', 'Stimuli\\ImageFiles-Set1\\Objects\\Object_Chest_00001.png'), ('repeatedImage', 0), ('responseEvent', 0)])
48.1786 	EXP 	image: autoDraw = False
48.1786 	EXP 	fixationOutside: autoDraw = False
48.1786 	EXP 	fixationInside: autoDraw = False
48.1786 	EXP 	image: autoDraw = False
48.1786 	EXP 	fixationOutside: autoDraw = False
48.1786 	EXP 	fixationInside: autoDraw = False
48.1786 	EXP 	image: size = array([0.75, 0.75])
48.1786 	EXP 	image: image = 'Stimuli\\ImageFiles-Set1\\Objects\\Object_Chest_00001.png'
48.1786 	EXP 	image: autoDraw = True
48.1786 	EXP 	fixationOutside: autoDraw = True
48.1786 	EXP 	fixationInside: autoDraw = True
48.9483 	EXP 	New trial (rep=0, index=8): OrderedDict([('eventStartTime', 15.8), ('eventEndTime', 16.0), ('eventCond', 5), ('imSize', 0.0), ('imFile', 'Stimuli\\Blank.png'), ('repeatedImage', 0), ('responseEvent', 0)])
48.9626 	EXP 	image: autoDraw = False
48.9626 	EXP 	fixationOutside: autoDraw = False
48.9626 	EXP 	fixationInside: autoDraw = False
48.9626 	EXP 	image: autoDraw = False
48.9626 	EXP 	fixationOutside: autoDraw = False
48.9626 	EXP 	fixationInside: autoDraw = False
48.9626 	EXP 	image: size = array([0., 0.])
48.9626 	EXP 	image: image = 'Stimuli\\Blank.png'
48.9626 	EXP 	image: autoDraw = True
48.9626 	EXP 	fixationOutside: autoDraw = True
48.9626 	EXP 	fixationInside: autoDraw = True
49.1323 	EXP 	New trial (rep=0, index=9): OrderedDict([('eventStartTime', 16.0), ('eventEndTime', 16.8), ('eventCond', 1), ('imSize', 0.75), ('imFile', 'Stimuli\\ImageFiles-Set1\\Objects\\Object_Chest_00001.png'), ('repeatedImage', 1), ('responseEvent', 1)])
49.1634 	EXP 	image: autoDraw = False
49.1634 	EXP 	fixationOutside: autoDraw = False
49.1634 	EXP 	fixationInside: autoDraw = False
49.1634 	EXP 	image: autoDraw = False
49.1634 	EXP 	fixationOutside: autoDraw = False
49.1634 	EXP 	fixationInside: autoDraw = False
49.1634 	EXP 	image: size = array([0.75, 0.75])
49.1634 	EXP 	image: image = 'Stimuli\\ImageFiles-Set1\\Objects\\Object_Chest_00001.png'
49.1634 	EXP 	image: autoDraw = True
49.1634 	EXP 	fixationOutside: autoDraw = True
49.1634 	EXP 	fixationInside: autoDraw = True
49.9488 	EXP 	New trial (rep=0, index=10): OrderedDict([('eventStartTime', 16.8), ('eventEndTime', 17.0), ('eventCond', 5), ('imSize', 0.0), ('imFile', 'Stimuli\\Blank.png'), ('repeatedImage', 0), ('responseEvent', 0)])
49.9635 	EXP 	image: autoDraw = False
49.9635 	EXP 	fixationOutside: autoDraw = False
49.9635 	EXP 	fixationInside: autoDraw = False
49.9635 	EXP 	image: autoDraw = False
49.9635 	EXP 	fixationOutside: autoDraw = False
49.9635 	EXP 	fixationInside: autoDraw = False
49.9635 	EXP 	image: size = array([0., 0.])
49.9635 	EXP 	image: image = 'Stimuli\\Blank.png'
49.9635 	EXP 	image: autoDraw = True
49.9635 	EXP 	fixationOutside: autoDraw = True
49.9635 	EXP 	fixationInside: autoDraw = True
50.1323 	EXP 	New trial (rep=0, index=11): OrderedDict([('eventStartTime', 17.0), ('eventEndTime', 17.8), ('eventCond', 1), ('imSize', 0.75), ('imFile', 'Stimuli\\ImageFiles-Set1\\Objects\\Object_Brush_00001.png'), ('repeatedImage', 0), ('responseEvent', 0)])
50.1470 	EXP 	image: autoDraw = False
50.1470 	EXP 	fixationOutside: autoDraw = False
50.1470 	EXP 	fixationInside: autoDraw = False
50.1470 	EXP 	image: autoDraw = False
50.1470 	EXP 	fixationOutside: autoDraw = False
50.1470 	EXP 	fixationInside: autoDraw = False
50.1470 	EXP 	image: size = array([0.75, 0.75])
50.1470 	EXP 	image: image = 'Stimuli\\ImageFiles-Set1\\Objects\\Object_Brush_00001.png'
50.1470 	EXP 	image: autoDraw = True
50.1470 	EXP 	fixationOutside: autoDraw = True
50.1470 	EXP 	fixationInside: autoDraw = True
50.9329 	EXP 	New trial (rep=0, index=12): OrderedDict([('eventStartTime', 17.8), ('eventEndTime', 18.0), ('eventCond', 5), ('imSize', 0.0), ('imFile', 'Stimuli\\Blank.png'), ('repeatedImage', 0), ('responseEvent', 0)])
50.9477 	EXP 	image: autoDraw = False
50.9477 	EXP 	fixationOutside: autoDraw = False
50.9477 	EXP 	fixationInside: autoDraw = False
50.9477 	EXP 	image: autoDraw = False
50.9477 	EXP 	fixationOutside: autoDraw = False
50.9477 	EXP 	fixationInside: autoDraw = False
50.9477 	EXP 	image: size = array([0., 0.])
50.9477 	EXP 	image: image = 'Stimuli\\Blank.png'
50.9477 	EXP 	image: autoDraw = True
50.9477 	EXP 	fixationOutside: autoDraw = True
50.9477 	EXP 	fixationInside: autoDraw = True
51.1332 	EXP 	New trial (rep=0, index=13): OrderedDict([('eventStartTime', 18.0), ('eventEndTime', 18.8), ('eventCond', 1), ('imSize', 0.75), ('imFile', 'Stimuli\\ImageFiles-Set1\\Objects\\Object_Glasses_00001.png'), ('repeatedImage', 0), ('responseEvent', 0)])
51.1479 	EXP 	image: autoDraw = False
51.1479 	EXP 	fixationOutside: autoDraw = False
51.1479 	EXP 	fixationInside: autoDraw = False
51.1479 	EXP 	image: autoDraw = False
51.1479 	EXP 	fixationOutside: autoDraw = False
51.1479 	EXP 	fixationInside: autoDraw = False
51.1479 	EXP 	image: size = array([0.75, 0.75])
51.1479 	EXP 	image: image = 'Stimuli\\ImageFiles-Set1\\Objects\\Object_Glasses_00001.png'
51.1479 	EXP 	image: autoDraw = True
51.1479 	EXP 	fixationOutside: autoDraw = True
51.1479 	EXP 	fixationInside: autoDraw = True
51.9357 	EXP 	New trial (rep=0, index=14): OrderedDict([('eventStartTime', 18.8), ('eventEndTime', 19.0), ('eventCond', 5), ('imSize', 0.0), ('imFile', 'Stimuli\\Blank.png'), ('repeatedImage', 0), ('responseEvent', 0)])
51.9487 	EXP 	image: autoDraw = False
51.9487 	EXP 	fixationOutside: autoDraw = False
51.9487 	EXP 	fixationInside: autoDraw = False
51.9487 	EXP 	image: autoDraw = False
51.9487 	EXP 	fixationOutside: autoDraw = False
51.9487 	EXP 	fixationInside: autoDraw = False
51.9487 	EXP 	image: size = array([0., 0.])
51.9487 	EXP 	image: image = 'Stimuli\\Blank.png'
51.9487 	EXP 	image: autoDraw = True
51.9487 	EXP 	fixationOutside: autoDraw = True
51.9487 	EXP 	fixationInside: autoDraw = True
52.1175 	EXP 	New trial (rep=0, index=15): OrderedDict([('eventStartTime', 19.0), ('eventEndTime', 19.8), ('eventCond', 1), ('imSize', 0.75), ('imFile', 'Stimuli\\ImageFiles-Set1\\Objects\\Object_Pot_00001.png'), ('repeatedImage', 0), ('responseEvent', 0)])
52.1321 	EXP 	image: autoDraw = False
52.1321 	EXP 	fixationOutside: autoDraw = False
52.1321 	EXP 	fixationInside: autoDraw = False
52.1321 	EXP 	image: autoDraw = False
52.1321 	EXP 	fixationOutside: autoDraw = False
52.1321 	EXP 	fixationInside: autoDraw = False
52.1321 	EXP 	image: size = array([0.75, 0.75])
52.1321 	EXP 	image: image = 'Stimuli\\ImageFiles-Set1\\Objects\\Object_Pot_00001.png'
52.1321 	EXP 	image: autoDraw = True
52.1321 	EXP 	fixationOutside: autoDraw = True
52.1321 	EXP 	fixationInside: autoDraw = True
52.9346 	EXP 	New trial (rep=0, index=16): OrderedDict([('eventStartTime', 19.8), ('eventEndTime', 20.0), ('eventCond', 5), ('imSize', 0.0), ('imFile', 'Stimuli\\Blank.png'), ('repeatedImage', 0), ('responseEvent', 0)])
52.9495 	EXP 	image: autoDraw = False
52.9495 	EXP 	fixationOutside: autoDraw = False
52.9495 	EXP 	fixationInside: autoDraw = False
52.9495 	EXP 	image: autoDraw = False
52.9495 	EXP 	fixationOutside: autoDraw = False
52.9495 	EXP 	fixationInside: autoDraw = False
52.9495 	EXP 	image: size = array([0., 0.])
52.9495 	EXP 	image: image = 'Stimuli\\Blank.png'
52.9495 	EXP 	image: autoDraw = True
52.9495 	EXP 	fixationOutside: autoDraw = True
52.9495 	EXP 	fixationInside: autoDraw = True
53.1365 	EXP 	New trial (rep=0, index=17): OrderedDict([('eventStartTime', 20.0), ('eventEndTime', 20.8), ('eventCond', 1), ('imSize', 0.75), ('imFile', 'Stimuli\\ImageFiles-Set1\\Objects\\Object_Banana_00001.png'), ('repeatedImage', 1), ('responseEvent', 1)])
53.1664 	EXP 	image: autoDraw = False
53.1664 	EXP 	fixationOutside: autoDraw = False
53.1664 	EXP 	fixationInside: autoDraw = False
53.1664 	EXP 	image: autoDraw = False
53.1664 	EXP 	fixationOutside: autoDraw = False
53.1664 	EXP 	fixationInside: autoDraw = False
53.1664 	EXP 	image: size = array([0.75, 0.75])
53.1664 	EXP 	image: image = 'Stimuli\\ImageFiles-Set1\\Objects\\Object_Banana_00001.png'
53.1664 	EXP 	image: autoDraw = True
53.1664 	EXP 	fixationOutside: autoDraw = True
53.1664 	EXP 	fixationInside: autoDraw = True
53.9357 	EXP 	New trial (rep=0, index=18): OrderedDict([('eventStartTime', 20.8), ('eventEndTime', 21.0), ('eventCond', 5), ('imSize', 0.0), ('imFile', 'Stimuli\\Blank.png'), ('repeatedImage', 0), ('responseEvent', 0)])
53.9504 	EXP 	image: autoDraw = False
53.9504 	EXP 	fixationOutside: autoDraw = False
53.9504 	EXP 	fixationInside: autoDraw = False
53.9504 	EXP 	image: autoDraw = False
53.9504 	EXP 	fixationOutside: autoDraw = False
53.9504 	EXP 	fixationInside: autoDraw = False
53.9504 	EXP 	image: size = array([0., 0.])
53.9504 	EXP 	image: image = 'Stimuli\\Blank.png'
53.9504 	EXP 	image: autoDraw = True
53.9504 	EXP 	fixationOutside: autoDraw = True
53.9504 	EXP 	fixationInside: autoDraw = True
54.1218 	EXP 	New trial (rep=0, index=19): OrderedDict([('eventStartTime', 21.0), ('eventEndTime', 21.8), ('eventCond', 1), ('imSize', 0.75), ('imFile', 'Stimuli\\ImageFiles-Set1\\Objects\\Object_Walnut_00001.png'), ('repeatedImage', 0), ('responseEvent', 0)])
54.1505 	EXP 	image: autoDraw = False
54.1505 	EXP 	fixationOutside: autoDraw = False
54.1505 	EXP 	fixationInside: autoDraw = False
54.1505 	EXP 	image: autoDraw = False
54.1505 	EXP 	fixationOutside: autoDraw = False
54.1505 	EXP 	fixationInside: autoDraw = False
54.1505 	EXP 	image: size = array([0.75, 0.75])
54.1505 	EXP 	image: image = 'Stimuli\\ImageFiles-Set1\\Objects\\Object_Walnut_00001.png'
54.1505 	EXP 	image: autoDraw = True
54.1505 	EXP 	fixationOutside: autoDraw = True
54.1505 	EXP 	fixationInside: autoDraw = True
54.9375 	EXP 	New trial (rep=0, index=20): OrderedDict([('eventStartTime', 21.8), ('eventEndTime', 22.0), ('eventCond', 5), ('imSize', 0.0), ('imFile', 'Stimuli\\Blank.png'), ('repeatedImage', 0), ('responseEvent', 0)])
54.9512 	EXP 	image: autoDraw = False
54.9512 	EXP 	fixationOutside: autoDraw = False
54.9512 	EXP 	fixationInside: autoDraw = False
54.9512 	EXP 	image: autoDraw = False
54.9512 	EXP 	fixationOutside: autoDraw = False
54.9512 	EXP 	fixationInside: autoDraw = False
54.9512 	EXP 	image: size = array([0., 0.])
54.9512 	EXP 	image: image = 'Stimuli\\Blank.png'
54.9512 	EXP 	image: autoDraw = True
54.9512 	EXP 	fixationOutside: autoDraw = True
54.9512 	EXP 	fixationInside: autoDraw = True
55.1213 	EXP 	New trial (rep=0, index=21): OrderedDict([('eventStartTime', 22.0), ('eventEndTime', 22.8), ('eventCond', 1), ('imSize', 0.75), ('imFile', 'Stimuli\\ImageFiles-Set1\\Objects\\Object_Walnut_00001.png'), ('repeatedImage', 0), ('responseEvent', 0)])
55.1514 	EXP 	image: autoDraw = False
55.1514 	EXP 	fixationOutside: autoDraw = False
55.1514 	EXP 	fixationInside: autoDraw = False
55.1514 	EXP 	image: autoDraw = False
55.1514 	EXP 	fixationOutside: autoDraw = False
55.1514 	EXP 	fixationInside: autoDraw = False
55.1514 	EXP 	image: size = array([0.75, 0.75])
55.1514 	EXP 	image: image = 'Stimuli\\ImageFiles-Set1\\Objects\\Object_Walnut_00001.png'
55.1514 	EXP 	image: autoDraw = True
55.1514 	EXP 	fixationOutside: autoDraw = True
55.1514 	EXP 	fixationInside: autoDraw = True
55.9381 	EXP 	New trial (rep=0, index=22): OrderedDict([('eventStartTime', 22.8), ('eventEndTime', 23.0), ('eventCond', 5), ('imSize', 0.0), ('imFile', 'Stimuli\\Blank.png'), ('repeatedImage', 0), ('responseEvent', 0)])
55.9521 	EXP 	image: autoDraw = False
55.9521 	EXP 	fixationOutside: autoDraw = False
55.9521 	EXP 	fixationInside: autoDraw = False
55.9521 	EXP 	image: autoDraw = False
55.9521 	EXP 	fixationOutside: autoDraw = False
55.9521 	EXP 	fixationInside: autoDraw = False
55.9521 	EXP 	image: size = array([0., 0.])
55.9521 	EXP 	image: image = 'Stimuli\\Blank.png'
55.9521 	EXP 	image: autoDraw = True
55.9521 	EXP 	fixationOutside: autoDraw = True
55.9521 	EXP 	fixationInside: autoDraw = True
56.1216 	EXP 	New trial (rep=0, index=23): OrderedDict([('eventStartTime', 23.0), ('eventEndTime', 23.8), ('eventCond', 1), ('imSize', 0.75), ('imFile', 'Stimuli\\ImageFiles-Set1\\Objects\\Object_Crib_00001.png'), ('repeatedImage', 0), ('responseEvent', 0)])
56.1523 	EXP 	image: autoDraw = False
56.1523 	EXP 	fixationOutside: autoDraw = False
56.1523 	EXP 	fixationInside: autoDraw = False
56.1523 	EXP 	image: autoDraw = False
56.1523 	EXP 	fixationOutside: autoDraw = False
56.1523 	EXP 	fixationInside: autoDraw = False
56.1523 	EXP 	image: size = array([0.75, 0.75])
56.1523 	EXP 	image: image = 'Stimuli\\ImageFiles-Set1\\Objects\\Object_Crib_00001.png'
56.1523 	EXP 	image: autoDraw = True
56.1523 	EXP 	fixationOutside: autoDraw = True
56.1523 	EXP 	fixationInside: autoDraw = True
56.9384 	EXP 	New trial (rep=0, index=24): OrderedDict([('eventStartTime', 23.8), ('eventEndTime', 24.0), ('eventCond', 5), ('imSize', 0.0), ('imFile', 'Stimuli\\Blank.png'), ('repeatedImage', 0), ('responseEvent', 0)])
56.9530 	EXP 	image: autoDraw = False
56.9530 	EXP 	fixationOutside: autoDraw = False
56.9530 	EXP 	fixationInside: autoDraw = False
56.9530 	EXP 	image: autoDraw = False
56.9530 	EXP 	fixationOutside: autoDraw = False
56.9530 	EXP 	fixationInside: autoDraw = False
56.9530 	EXP 	image: size = array([0., 0.])
56.9530 	EXP 	image: image = 'Stimuli\\Blank.png'
56.9530 	EXP 	image: autoDraw = True
56.9530 	EXP 	fixationOutside: autoDraw = True
56.9530 	EXP 	fixationInside: autoDraw = True
57.1222 	EXP 	New trial (rep=0, index=25): OrderedDict([('eventStartTime', 24.0), ('eventEndTime', 24.8), ('eventCond', 1), ('imSize', 0.75), ('imFile', 'Stimuli\\ImageFiles-Set1\\Objects\\Object_GarbageCan_00001.png'), ('repeatedImage', 0), ('responseEvent', 0)])
57.1532 	EXP 	image: autoDraw = False
57.1532 	EXP 	fixationOutside: autoDraw = False
57.1532 	EXP 	fixationInside: autoDraw = False
57.1532 	EXP 	image: autoDraw = False
57.1532 	EXP 	fixationOutside: autoDraw = False
57.1532 	EXP 	fixationInside: autoDraw = False
57.1532 	EXP 	image: size = array([0.75, 0.75])
57.1532 	EXP 	image: image = 'Stimuli\\ImageFiles-Set1\\Objects\\Object_GarbageCan_00001.png'
57.1532 	EXP 	image: autoDraw = True
57.1532 	EXP 	fixationOutside: autoDraw = True
57.1532 	EXP 	fixationInside: autoDraw = True
57.9390 	EXP 	New trial (rep=0, index=26): OrderedDict([('eventStartTime', 24.8), ('eventEndTime', 25.0), ('eventCond', 5), ('imSize', 0.0), ('imFile', 'Stimuli\\Blank.png'), ('repeatedImage', 0), ('responseEvent', 0)])
57.9539 	EXP 	image: autoDraw = False
57.9539 	EXP 	fixationOutside: autoDraw = False
57.9539 	EXP 	fixationInside: autoDraw = False
57.9539 	EXP 	image: autoDraw = False
57.9539 	EXP 	fixationOutside: autoDraw = False
57.9539 	EXP 	fixationInside: autoDraw = False
57.9539 	EXP 	image: size = array([0., 0.])
57.9539 	EXP 	image: image = 'Stimuli\\Blank.png'
57.9539 	EXP 	image: autoDraw = True
57.9539 	EXP 	fixationOutside: autoDraw = True
57.9539 	EXP 	fixationInside: autoDraw = True
58.1235 	EXP 	New trial (rep=0, index=27): OrderedDict([('eventStartTime', 25.0), ('eventEndTime', 25.8), ('eventCond', 1), ('imSize', 0.75), ('imFile', 'Stimuli\\ImageFiles-Set1\\Objects\\Object_Bottle_00001.png'), ('repeatedImage', 0), ('responseEvent', 0)])
58.1374 	EXP 	image: autoDraw = False
58.1374 	EXP 	fixationOutside: autoDraw = False
58.1374 	EXP 	fixationInside: autoDraw = False
58.1374 	EXP 	image: autoDraw = False
58.1374 	EXP 	fixationOutside: autoDraw = False
58.1374 	EXP 	fixationInside: autoDraw = False
58.1374 	EXP 	image: size = array([0.75, 0.75])
58.1374 	EXP 	image: image = 'Stimuli\\ImageFiles-Set1\\Objects\\Object_Bottle_00001.png'
58.1374 	EXP 	image: autoDraw = True
58.1374 	EXP 	fixationOutside: autoDraw = True
58.1374 	EXP 	fixationInside: autoDraw = True
58.9242 	EXP 	New trial (rep=0, index=28): OrderedDict([('eventStartTime', 25.8), ('eventEndTime', 26.0), ('eventCond', 5), ('imSize', 0.0), ('imFile', 'Stimuli\\Blank.png'), ('repeatedImage', 0), ('responseEvent', 0)])
58.9381 	EXP 	image: autoDraw = False
58.9381 	EXP 	fixationOutside: autoDraw = False
58.9381 	EXP 	fixationInside: autoDraw = False
58.9381 	EXP 	image: autoDraw = False
58.9381 	EXP 	fixationOutside: autoDraw = False
58.9381 	EXP 	fixationInside: autoDraw = False
58.9381 	EXP 	image: size = array([0., 0.])
58.9381 	EXP 	image: image = 'Stimuli\\Blank.png'
58.9381 	EXP 	image: autoDraw = True
58.9381 	EXP 	fixationOutside: autoDraw = True
58.9381 	EXP 	fixationInside: autoDraw = True
59.1241 	EXP 	New trial (rep=0, index=29): OrderedDict([('eventStartTime', 26.0), ('eventEndTime', 26.8), ('eventCond', 1), ('imSize', 0.75), ('imFile', 'Stimuli\\ImageFiles-Set1\\Objects\\Object_Oven_00001.png'), ('repeatedImage', 0), ('responseEvent', 0)])
59.1550 	EXP 	image: autoDraw = False
59.1550 	EXP 	fixationOutside: autoDraw = False
59.1550 	EXP 	fixationInside: autoDraw = False
59.1550 	EXP 	image: autoDraw = False
59.1550 	EXP 	fixationOutside: autoDraw = False
59.1550 	EXP 	fixationInside: autoDraw = False
59.1550 	EXP 	image: size = array([0.75, 0.75])
59.1550 	EXP 	image: image = 'Stimuli\\ImageFiles-Set1\\Objects\\Object_Oven_00001.png'
59.1550 	EXP 	image: autoDraw = True
59.1550 	EXP 	fixationOutside: autoDraw = True
59.1550 	EXP 	fixationInside: autoDraw = True
59.9426 	EXP 	New trial (rep=0, index=30): OrderedDict([('eventStartTime', 26.8), ('eventEndTime', 27.0), ('eventCond', 5), ('imSize', 0.0), ('imFile', 'Stimuli\\Blank.png'), ('repeatedImage', 0), ('responseEvent', 0)])
59.9557 	EXP 	image: autoDraw = False
59.9557 	EXP 	fixationOutside: autoDraw = False
59.9557 	EXP 	fixationInside: autoDraw = False
59.9557 	EXP 	image: autoDraw = False
59.9557 	EXP 	fixationOutside: autoDraw = False
59.9557 	EXP 	fixationInside: autoDraw = False
59.9557 	EXP 	image: size = array([0., 0.])
59.9557 	EXP 	image: image = 'Stimuli\\Blank.png'
59.9557 	EXP 	image: autoDraw = True
59.9557 	EXP 	fixationOutside: autoDraw = True
59.9557 	EXP 	fixationInside: autoDraw = True
60.1265 	EXP 	New trial (rep=0, index=31): OrderedDict([('eventStartTime', 27.0), ('eventEndTime', 27.8), ('eventCond', 1), ('imSize', 0.75), ('imFile', 'Stimuli\\ImageFiles-Set1\\Objects\\Object_Screw_00001.png'), ('repeatedImage', 0), ('responseEvent', 0)])
60.1559 	EXP 	image: autoDraw = False
60.1559 	EXP 	fixationOutside: autoDraw = False
60.1559 	EXP 	fixationInside: autoDraw = False
60.1559 	EXP 	image: autoDraw = False
60.1559 	EXP 	fixationOutside: autoDraw = False
60.1559 	EXP 	fixationInside: autoDraw = False
60.1559 	EXP 	image: size = array([0.75, 0.75])
60.1559 	EXP 	image: image = 'Stimuli\\ImageFiles-Set1\\Objects\\Object_Screw_00001.png'
60.1559 	EXP 	image: autoDraw = True
60.1559 	EXP 	fixationOutside: autoDraw = True
60.1559 	EXP 	fixationInside: autoDraw = True
60.9424 	EXP 	New trial (rep=0, index=32): OrderedDict([('eventStartTime', 27.8), ('eventEndTime', 28.0), ('eventCond', 5), ('imSize', 0.0), ('imFile', 'Stimuli\\Blank.png'), ('repeatedImage', 0), ('responseEvent', 0)])
60.9566 	EXP 	image: autoDraw = False
60.9566 	EXP 	fixationOutside: autoDraw = False
60.9566 	EXP 	fixationInside: autoDraw = False
60.9566 	EXP 	image: autoDraw = False
60.9566 	EXP 	fixationOutside: autoDraw = False
60.9566 	EXP 	fixationInside: autoDraw = False
60.9566 	EXP 	image: size = array([0., 0.])
60.9566 	EXP 	image: image = 'Stimuli\\Blank.png'
60.9566 	EXP 	image: autoDraw = True
60.9566 	EXP 	fixationOutside: autoDraw = True
60.9566 	EXP 	fixationInside: autoDraw = True
61.1278 	EXP 	New trial (rep=0, index=33): OrderedDict([('eventStartTime', 28.0), ('eventEndTime', 28.8), ('eventCond', 2), ('imSize', 0.75), ('imFile', 'Stimuli\\ImageFiles-Set1\\Bodies\\Bodies_Pushing_00005.png'), ('repeatedImage', 0), ('responseEvent', 0)])
61.1568 	EXP 	image: autoDraw = False
61.1568 	EXP 	fixationOutside: autoDraw = False
61.1568 	EXP 	fixationInside: autoDraw = False
61.1568 	EXP 	image: autoDraw = False
61.1568 	EXP 	fixationOutside: autoDraw = False
61.1568 	EXP 	fixationInside: autoDraw = False
61.1568 	EXP 	image: size = array([0.75, 0.75])
61.1568 	EXP 	image: image = 'Stimuli\\ImageFiles-Set1\\Bodies\\Bodies_Pushing_00005.png'
61.1568 	EXP 	image: autoDraw = True
61.1568 	EXP 	fixationOutside: autoDraw = True
61.1568 	EXP 	fixationInside: autoDraw = True
61.9433 	EXP 	New trial (rep=0, index=34): OrderedDict([('eventStartTime', 28.8), ('eventEndTime', 29.0), ('eventCond', 5), ('imSize', 0.0), ('imFile', 'Stimuli\\Blank.png'), ('repeatedImage', 0), ('responseEvent', 0)])
61.9575 	EXP 	image: autoDraw = False
61.9575 	EXP 	fixationOutside: autoDraw = False
61.9575 	EXP 	fixationInside: autoDraw = False
61.9575 	EXP 	image: autoDraw = False
61.9575 	EXP 	fixationOutside: autoDraw = False
61.9575 	EXP 	fixationInside: autoDraw = False
61.9575 	EXP 	image: size = array([0., 0.])
61.9575 	EXP 	image: image = 'Stimuli\\Blank.png'
61.9575 	EXP 	image: autoDraw = True
61.9575 	EXP 	fixationOutside: autoDraw = True
61.9575 	EXP 	fixationInside: autoDraw = True
62.1267 	EXP 	New trial (rep=0, index=35): OrderedDict([('eventStartTime', 29.0), ('eventEndTime', 29.8), ('eventCond', 2), ('imSize', 0.75), ('imFile', 'Stimuli\\ImageFiles-Set1\\Bodies\\Bodies_DownwardDog_00006.png'), ('repeatedImage', 0), ('responseEvent', 0)])
62.1410 	EXP 	image: autoDraw = False
62.1410 	EXP 	fixationOutside: autoDraw = False
62.1410 	EXP 	fixationInside: autoDraw = False
62.1410 	EXP 	image: autoDraw = False
62.1410 	EXP 	fixationOutside: autoDraw = False
62.1410 	EXP 	fixationInside: autoDraw = False
62.1410 	EXP 	image: size = array([0.75, 0.75])
62.1410 	EXP 	image: image = 'Stimuli\\ImageFiles-Set1\\Bodies\\Bodies_DownwardDog_00006.png'
62.1410 	EXP 	image: autoDraw = True
62.1410 	EXP 	fixationOutside: autoDraw = True
62.1410 	EXP 	fixationInside: autoDraw = True
62.9291 	EXP 	New trial (rep=0, index=36): OrderedDict([('eventStartTime', 29.8), ('eventEndTime', 30.0), ('eventCond', 5), ('imSize', 0.0), ('imFile', 'Stimuli\\Blank.png'), ('repeatedImage', 0), ('responseEvent', 0)])
62.9417 	EXP 	image: autoDraw = False
62.9417 	EXP 	fixationOutside: autoDraw = False
62.9417 	EXP 	fixationInside: autoDraw = False
62.9417 	EXP 	image: autoDraw = False
62.9417 	EXP 	fixationOutside: autoDraw = False
62.9417 	EXP 	fixationInside: autoDraw = False
62.9417 	EXP 	image: size = array([0., 0.])
62.9417 	EXP 	image: image = 'Stimuli\\Blank.png'
62.9417 	EXP 	image: autoDraw = True
62.9417 	EXP 	fixationOutside: autoDraw = True
62.9417 	EXP 	fixationInside: autoDraw = True
63.1282 	EXP 	New trial (rep=0, index=37): OrderedDict([('eventStartTime', 30.0), ('eventEndTime', 30.8), ('eventCond', 2), ('imSize', 0.75), ('imFile', 'Stimuli\\ImageFiles-Set1\\Bodies\\Bodies_SittingChair_00003.png'), ('repeatedImage', 0), ('responseEvent', 0)])
63.1586 	EXP 	image: autoDraw = False
63.1586 	EXP 	fixationOutside: autoDraw = False
63.1586 	EXP 	fixationInside: autoDraw = False
63.1586 	EXP 	image: autoDraw = False
63.1586 	EXP 	fixationOutside: autoDraw = False
63.1586 	EXP 	fixationInside: autoDraw = False
63.1586 	EXP 	image: size = array([0.75, 0.75])
63.1586 	EXP 	image: image = 'Stimuli\\ImageFiles-Set1\\Bodies\\Bodies_SittingChair_00003.png'
63.1586 	EXP 	image: autoDraw = True
63.1586 	EXP 	fixationOutside: autoDraw = True
63.1586 	EXP 	fixationInside: autoDraw = True
63.9465 	EXP 	New trial (rep=0, index=38): OrderedDict([('eventStartTime', 30.8), ('eventEndTime', 31.0), ('eventCond', 5), ('imSize', 0.0), ('imFile', 'Stimuli\\Blank.png'), ('repeatedImage', 0), ('responseEvent', 0)])
63.9759 	EXP 	image: autoDraw = False
63.9759 	EXP 	fixationOutside: autoDraw = False
63.9759 	EXP 	fixationInside: autoDraw = False
63.9759 	EXP 	image: autoDraw = False
63.9759 	EXP 	fixationOutside: autoDraw = False
63.9759 	EXP 	fixationInside: autoDraw = False
63.9759 	EXP 	image: size = array([0., 0.])
63.9759 	EXP 	image: image = 'Stimuli\\Blank.png'
63.9759 	EXP 	image: autoDraw = True
63.9759 	EXP 	fixationOutside: autoDraw = True
63.9759 	EXP 	fixationInside: autoDraw = True
64.1468 	EXP 	New trial (rep=0, index=39): OrderedDict([('eventStartTime', 31.0), ('eventEndTime', 31.8), ('eventCond', 2), ('imSize', 0.75), ('imFile', 'Stimuli\\ImageFiles-Set1\\Bodies\\Bodies_Kneeling_00005.png'), ('repeatedImage', 0), ('responseEvent', 0)])
64.1761 	EXP 	image: autoDraw = False
64.1761 	EXP 	fixationOutside: autoDraw = False
64.1761 	EXP 	fixationInside: autoDraw = False
64.1761 	EXP 	image: autoDraw = False
64.1761 	EXP 	fixationOutside: autoDraw = False
64.1761 	EXP 	fixationInside: autoDraw = False
64.1761 	EXP 	image: size = array([0.75, 0.75])
64.1761 	EXP 	image: image = 'Stimuli\\ImageFiles-Set1\\Bodies\\Bodies_Kneeling_00005.png'
64.1761 	EXP 	image: autoDraw = True
64.1761 	EXP 	fixationOutside: autoDraw = True
64.1761 	EXP 	fixationInside: autoDraw = True
64.9477 	EXP 	New trial (rep=0, index=40): OrderedDict([('eventStartTime', 31.8), ('eventEndTime', 32.0), ('eventCond', 5), ('imSize', 0.0), ('imFile', 'Stimuli\\Blank.png'), ('repeatedImage', 0), ('responseEvent', 0)])
64.9768 	EXP 	image: autoDraw = False
64.9768 	EXP 	fixationOutside: autoDraw = False
64.9768 	EXP 	fixationInside: autoDraw = False
64.9768 	EXP 	image: autoDraw = False
64.9768 	EXP 	fixationOutside: autoDraw = False
64.9768 	EXP 	fixationInside: autoDraw = False
64.9768 	EXP 	image: size = array([0., 0.])
64.9768 	EXP 	image: image = 'Stimuli\\Blank.png'
64.9768 	EXP 	image: autoDraw = True
64.9768 	EXP 	fixationOutside: autoDraw = True
64.9768 	EXP 	fixationInside: autoDraw = True
65.1471 	EXP 	New trial (rep=0, index=41): OrderedDict([('eventStartTime', 32.0), ('eventEndTime', 32.8), ('eventCond', 2), ('imSize', 0.75), ('imFile', 'Stimuli\\ImageFiles-Set1\\Bodies\\Bodies_SittingStretch_00005.png'), ('repeatedImage', 0), ('responseEvent', 0)])
65.1770 	EXP 	image: autoDraw = False
65.1770 	EXP 	fixationOutside: autoDraw = False
65.1770 	EXP 	fixationInside: autoDraw = False
65.1770 	EXP 	image: autoDraw = False
65.1770 	EXP 	fixationOutside: autoDraw = False
65.1770 	EXP 	fixationInside: autoDraw = False
65.1770 	EXP 	image: size = array([0.75, 0.75])
65.1770 	EXP 	image: image = 'Stimuli\\ImageFiles-Set1\\Bodies\\Bodies_SittingStretch_00005.png'
65.1770 	EXP 	image: autoDraw = True
65.1770 	EXP 	fixationOutside: autoDraw = True
65.1770 	EXP 	fixationInside: autoDraw = True
65.9473 	EXP 	New trial (rep=0, index=42): OrderedDict([('eventStartTime', 32.8), ('eventEndTime', 33.0), ('eventCond', 5), ('imSize', 0.0), ('imFile', 'Stimuli\\Blank.png'), ('repeatedImage', 0), ('responseEvent', 0)])
65.9610 	EXP 	image: autoDraw = False
65.9610 	EXP 	fixationOutside: autoDraw = False
65.9610 	EXP 	fixationInside: autoDraw = False
65.9610 	EXP 	image: autoDraw = False
65.9610 	EXP 	fixationOutside: autoDraw = False
65.9610 	EXP 	fixationInside: autoDraw = False
65.9610 	EXP 	image: size = array([0., 0.])
65.9610 	EXP 	image: image = 'Stimuli\\Blank.png'
65.9610 	EXP 	image: autoDraw = True
65.9610 	EXP 	fixationOutside: autoDraw = True
65.9610 	EXP 	fixationInside: autoDraw = True
66.1318 	EXP 	New trial (rep=0, index=43): OrderedDict([('eventStartTime', 33.0), ('eventEndTime', 33.8), ('eventCond', 2), ('imSize', 0.75), ('imFile', 'Stimuli\\ImageFiles-Set1\\Bodies\\Bodies_DownwardDog_00005.png'), ('repeatedImage', 0), ('responseEvent', 0)])
66.1612 	EXP 	image: autoDraw = False
66.1612 	EXP 	fixationOutside: autoDraw = False
66.1612 	EXP 	fixationInside: autoDraw = False
66.1612 	EXP 	image: autoDraw = False
66.1612 	EXP 	fixationOutside: autoDraw = False
66.1612 	EXP 	fixationInside: autoDraw = False
66.1612 	EXP 	image: size = array([0.75, 0.75])
66.1612 	EXP 	image: image = 'Stimuli\\ImageFiles-Set1\\Bodies\\Bodies_DownwardDog_00005.png'
66.1612 	EXP 	image: autoDraw = True
66.1612 	EXP 	fixationOutside: autoDraw = True
66.1612 	EXP 	fixationInside: autoDraw = True
66.9480 	EXP 	New trial (rep=0, index=44): OrderedDict([('eventStartTime', 33.8), ('eventEndTime', 34.0), ('eventCond', 5), ('imSize', 0.0), ('imFile', 'Stimuli\\Blank.png'), ('repeatedImage', 0), ('responseEvent', 0)])
66.9786 	EXP 	image: autoDraw = False
66.9786 	EXP 	fixationOutside: autoDraw = False
66.9786 	EXP 	fixationInside: autoDraw = False
66.9786 	EXP 	image: autoDraw = False
66.9786 	EXP 	fixationOutside: autoDraw = False
66.9786 	EXP 	fixationInside: autoDraw = False
66.9786 	EXP 	image: size = array([0., 0.])
66.9786 	EXP 	image: image = 'Stimuli\\Blank.png'
66.9786 	EXP 	image: autoDraw = True
66.9786 	EXP 	fixationOutside: autoDraw = True
66.9786 	EXP 	fixationInside: autoDraw = True
67.1474 	EXP 	New trial (rep=0, index=45): OrderedDict([('eventStartTime', 34.0), ('eventEndTime', 34.8), ('eventCond', 2), ('imSize', 0.75), ('imFile', 'Stimuli\\ImageFiles-Set1\\Bodies\\Bodies_Kicking_00005.png'), ('repeatedImage', 0), ('responseEvent', 0)])
67.1540 	DATA 	Keypress: escape
67.1621 	EXP 	image: autoDraw = False
67.1621 	EXP 	fixationOutside: autoDraw = False
67.1621 	EXP 	fixationInside: autoDraw = False
67.1621 	EXP 	image: autoDraw = False
67.1621 	EXP 	fixationOutside: autoDraw = False
67.1621 	EXP 	fixationInside: autoDraw = False
67.1621 	EXP 	image: size = array([0.75, 0.75])
67.1621 	EXP 	image: image = 'Stimuli\\ImageFiles-Set1\\Bodies\\Bodies_Kicking_00005.png'
67.1621 	EXP 	image: autoDraw = True
67.1621 	EXP 	fixationOutside: autoDraw = True
67.1621 	EXP 	fixationInside: autoDraw = True
67.9326 	EXP 	New trial (rep=0, index=46): OrderedDict([('eventStartTime', 34.8), ('eventEndTime', 35.0), ('eventCond', 5), ('imSize', 0.0), ('imFile', 'Stimuli\\Blank.png'), ('repeatedImage', 0), ('responseEvent', 0)])
67.9461 	EXP 	image: autoDraw = False
67.9461 	EXP 	fixationOutside: autoDraw = False
67.9461 	EXP 	fixationInside: autoDraw = False
67.9461 	EXP 	image: autoDraw = False
67.9461 	EXP 	fixationOutside: autoDraw = False
67.9461 	EXP 	fixationInside: autoDraw = False
67.9461 	EXP 	image: size = array([0., 0.])
67.9461 	EXP 	image: image = 'Stimuli\\Blank.png'
67.9461 	EXP 	image: autoDraw = True
67.9461 	EXP 	fixationOutside: autoDraw = True
67.9461 	EXP 	fixationInside: autoDraw = True
68.1328 	EXP 	New trial (rep=0, index=47): OrderedDict([('eventStartTime', 35.0), ('eventEndTime', 35.8), ('eventCond', 2), ('imSize', 0.75), ('imFile', 'Stimuli\\ImageFiles-Set1\\Bodies\\Bodies_Kicking_00005.png'), ('repeatedImage', 1), ('responseEvent', 1)])
68.1463 	EXP 	image: autoDraw = False
68.1463 	EXP 	fixationOutside: autoDraw = False
68.1463 	EXP 	fixationInside: autoDraw = False
68.1463 	EXP 	image: autoDraw = False
68.1463 	EXP 	fixationOutside: autoDraw = False
68.1463 	EXP 	fixationInside: autoDraw = False
68.1463 	EXP 	image: size = array([0.75, 0.75])
68.1463 	EXP 	image: image = 'Stimuli\\ImageFiles-Set1\\Bodies\\Bodies_Kicking_00005.png'
68.1463 	EXP 	image: autoDraw = True
68.1463 	EXP 	fixationOutside: autoDraw = True
68.1463 	EXP 	fixationInside: autoDraw = True
68.9328 	EXP 	New trial (rep=0, index=48): OrderedDict([('eventStartTime', 35.8), ('eventEndTime', 36.0), ('eventCond', 5), ('imSize', 0.0), ('imFile', 'Stimuli\\Blank.png'), ('repeatedImage', 0), ('responseEvent', 0)])
68.9470 	EXP 	image: autoDraw = False
68.9470 	EXP 	fixationOutside: autoDraw = False
68.9470 	EXP 	fixationInside: autoDraw = False
68.9470 	EXP 	image: autoDraw = False
68.9470 	EXP 	fixationOutside: autoDraw = False
68.9470 	EXP 	fixationInside: autoDraw = False
68.9470 	EXP 	image: size = array([0., 0.])
68.9470 	EXP 	image: image = 'Stimuli\\Blank.png'
68.9470 	EXP 	image: autoDraw = True
68.9470 	EXP 	fixationOutside: autoDraw = True
68.9470 	EXP 	fixationInside: autoDraw = True
69.1331 	EXP 	New trial (rep=0, index=49): OrderedDict([('eventStartTime', 36.0), ('eventEndTime', 36.8), ('eventCond', 2), ('imSize', 0.75), ('imFile', 'Stimuli\\ImageFiles-Set1\\Bodies\\Bodies_Pushing_00001.png'), ('repeatedImage', 0), ('responseEvent', 0)])
69.1638 	EXP 	image: autoDraw = False
69.1638 	EXP 	fixationOutside: autoDraw = False
69.1638 	EXP 	fixationInside: autoDraw = False
69.1638 	EXP 	image: autoDraw = False
69.1638 	EXP 	fixationOutside: autoDraw = False
69.1638 	EXP 	fixationInside: autoDraw = False
69.1638 	EXP 	image: size = array([0.75, 0.75])
69.1638 	EXP 	image: image = 'Stimuli\\ImageFiles-Set1\\Bodies\\Bodies_Pushing_00001.png'
69.1638 	EXP 	image: autoDraw = True
69.1638 	EXP 	fixationOutside: autoDraw = True
69.1638 	EXP 	fixationInside: autoDraw = True
69.9200 	DATA 	Mouse: Left button down, pos=(1233,462)
69.9516 	EXP 	New trial (rep=0, index=50): OrderedDict([('eventStartTime', 36.8), ('eventEndTime', 37.0), ('eventCond', 5), ('imSize', 0.0), ('imFile', 'Stimuli\\Blank.png'), ('repeatedImage', 0), ('responseEvent', 0)])
69.9812 	EXP 	image: autoDraw = False
69.9812 	EXP 	fixationOutside: autoDraw = False
69.9812 	EXP 	fixationInside: autoDraw = False
69.9812 	EXP 	image: autoDraw = False
69.9812 	EXP 	fixationOutside: autoDraw = False
69.9812 	EXP 	fixationInside: autoDraw = False
69.9812 	EXP 	image: size = array([0., 0.])
69.9812 	EXP 	image: image = 'Stimuli\\Blank.png'
69.9812 	EXP 	image: autoDraw = True
69.9812 	EXP 	fixationOutside: autoDraw = True
69.9812 	EXP 	fixationInside: autoDraw = True
69.9926 	DATA 	Mouse:  Left button up, pos=(1233,462)
70.1341 	EXP 	New trial (rep=0, index=51): OrderedDict([('eventStartTime', 37.0), ('eventEndTime', 37.8), ('eventCond', 2), ('imSize', 0.75), ('imFile', 'Stimuli\\ImageFiles-Set1\\Bodies\\Bodies_Waving_00007.png'), ('repeatedImage', 0), ('responseEvent', 0)])
70.1481 	EXP 	image: autoDraw = False
70.1481 	EXP 	fixationOutside: autoDraw = False
70.1481 	EXP 	fixationInside: autoDraw = False
70.1481 	EXP 	image: autoDraw = False
70.1481 	EXP 	fixationOutside: autoDraw = False
70.1481 	EXP 	fixationInside: autoDraw = False
70.1481 	EXP 	image: size = array([0.75, 0.75])
70.1481 	EXP 	image: image = 'Stimuli\\ImageFiles-Set1\\Bodies\\Bodies_Waving_00007.png'
70.1481 	EXP 	image: autoDraw = True
70.1481 	EXP 	fixationOutside: autoDraw = True
70.1481 	EXP 	fixationInside: autoDraw = True
70.4699 	DATA 	Keypress: escape
70.6571 	EXP 	window1: mouseVisible = True
