16.3140 	EXP 	Created window1 = Window(allowGUI=False, allowStencil=False, autoLog=True, backendConf=UNKNOWN, bitsMode=UNKNOWN, blendMode='avg', bpc=(8, 8, 8), color=array([0, 0, 0]), colorSpace='rgb', depthBits=8, fullscr=<method-wrapper '__getattribute__' of attributeSetter object at 0x0000025FE8F1FDD8>, gamma=None, gammaErrorPolicy='raise', lms=UNKNOWN, monitor=<psychopy.monitors.calibTools.Monitor object at 0x0000025FE8E8A208>, multiSample=False, name='window1', numSamples=2, pos=[0.0, 0.0], screen=1, size=array([1920, 1080]), stencilBits=0, stereo=False, units='norm', useFBO=True, useRetina=False, viewOri=0.0, viewPos=None, viewScale=None, waitBlanking=True, winType='pyglet')
16.3141 	EXP 	window1: mouseVisible = True
16.3141 	EXP 	window1: recordFrameIntervals = False
16.4792 	EXP 	window1: recordFrameIntervals = True
16.6629 	EXP 	window1: recordFrameIntervals = False
17.0576 	EXP 	Created Instructions = TextStim(__class__=<class 'psychopy.visual.text.TextStim'>, alignHoriz=method-wrapper(...), alignText='center', alignVert=method-wrapper(...), anchorHoriz='center', anchorVert='center', antialias=True, autoLog=True, bold=False, color=array([1., 1., 1.]), colorSpace='rgb', contrast=1.0, depth=0.0, flipHoriz=False, flipVert=False, font='Open Sans', fontFiles=[], height=0.05, italic=False, languageStyle='LTR', name='Instructions', opacity=1, ori=0.0, pos=array([0., 0.]), rgb=UNKNOWN, text=str(...), units='norm', win=Window(...), wrapWidth=1)
17.0621 	EXP 	Created image = ImageStim(__class__=<class 'psychopy.visual.image.ImageStim'>, autoLog=True, color=array([1., 1., 1.]), colorSpace='rgb', contrast=1.0, depth=-2.0, flipHoriz=False, flipVert=False, image='sin', interpolate=False, mask=None, maskParams=None, name='image', opacity=1, ori=0.0, pos=array([0., 0.]), size=array([1., 1.]), texRes=512, units='height', win=Window(...))
17.0790 	EXP 	Created fixationOutside = ShapeStim(__class__=<class 'psychopy.visual.shape.ShapeStim'>, autoDraw=False, autoLog=True, closeShape=True, color=method-wrapper(...), colorSpace='rgb', contrast=None, depth=-3.0, fillColor=array([-1, -1, -1]), fillColorSpace='rgb', fillRGB=array([-1, -1, -1]), interpolate=True, lineColor=array([-1., -1., -1.]), lineColorSpace='rgb', lineRGB=array([-1, -1, -1]), lineWidth=1.0, name='fixationOutside', opacity=1, ori=0.0, pos=array([0., 0.]), size=array([0.01, 0.01]), units='height', vertices=ndarray(...), win=Window(...), windingRule=None)
17.0942 	EXP 	Created fixationInside = ShapeStim(__class__=<class 'psychopy.visual.shape.ShapeStim'>, autoDraw=False, autoLog=True, closeShape=True, color=method-wrapper(...), colorSpace='rgb', contrast=None, depth=-4.0, fillColor=array([1, 1, 1]), fillColorSpace='rgb', fillRGB=array([1, 1, 1]), interpolate=True, lineColor=array([1., 1., 1.]), lineColorSpace='rgb', lineRGB=array([1, 1, 1]), lineWidth=1.0, name='fixationInside', opacity=1, ori=0.0, pos=array([0., 0.]), size=array([0.005, 0.005]), units='height', vertices=ndarray(...), win=Window(...), windingRule=None)
17.2284 	EXP 	Instructions: autoDraw = True
45.1454 	DATA 	Keypress: 1
45.1545 	EXP 	Instructions: autoDraw = False
45.9624 	EXP 	Imported runInfo/P017/conditionFiles/P017_Run1.csv as conditions, 517 conditions, 7 params
45.9635 	EXP 	Created sequence: sequential, trialTypes=517, nReps=1, seed=None
45.9637 	EXP 	New trial (rep=0, index=0): OrderedDict([('eventStartTime', 0.0), ('eventEndTime', 12.0), ('eventCond', 0), ('imSize', 0.0), ('imFile', 'Stimuli\\Blank.png'), ('repeatedImage', 0), ('responseEvent', 0)])
45.9717 	DATA 	Keypress: 5
45.9886 	EXP 	image: size = array([0., 0.])
45.9886 	EXP 	image: image = 'Stimuli\\Blank.png'
45.9886 	EXP 	image: autoDraw = True
45.9886 	EXP 	fixationOutside: autoDraw = True
45.9886 	EXP 	fixationInside: autoDraw = True
57.9353 	EXP 	New trial (rep=0, index=1): OrderedDict([('eventStartTime', 12.0), ('eventEndTime', 12.8), ('eventCond', 1), ('imSize', 0.75), ('imFile', 'Stimuli\\ImageFiles-Set1\\Objects\\Object_Door_00001.png'), ('repeatedImage', 0), ('responseEvent', 0)])
57.9491 	EXP 	image: autoDraw = False
57.9491 	EXP 	fixationOutside: autoDraw = False
57.9491 	EXP 	fixationInside: autoDraw = False
57.9491 	EXP 	image: autoDraw = False
57.9491 	EXP 	fixationOutside: autoDraw = False
57.9491 	EXP 	fixationInside: autoDraw = False
57.9491 	EXP 	image: size = array([0.75, 0.75])
57.9491 	EXP 	image: image = 'Stimuli\\ImageFiles-Set1\\Objects\\Object_Door_00001.png'
57.9491 	EXP 	image: autoDraw = True
57.9491 	EXP 	fixationOutside: autoDraw = True
57.9491 	EXP 	fixationInside: autoDraw = True
58.7190 	EXP 	New trial (rep=0, index=2): OrderedDict([('eventStartTime', 12.8), ('eventEndTime', 13.0), ('eventCond', 5), ('imSize', 0.0), ('imFile', 'Stimuli\\Blank.png'), ('repeatedImage', 0), ('responseEvent', 0)])
58.7332 	EXP 	image: autoDraw = False
58.7332 	EXP 	fixationOutside: autoDraw = False
58.7332 	EXP 	fixationInside: autoDraw = False
58.7332 	EXP 	image: autoDraw = False
58.7332 	EXP 	fixationOutside: autoDraw = False
58.7332 	EXP 	fixationInside: autoDraw = False
58.7332 	EXP 	image: size = array([0., 0.])
58.7332 	EXP 	image: image = 'Stimuli\\Blank.png'
58.7332 	EXP 	image: autoDraw = True
58.7332 	EXP 	fixationOutside: autoDraw = True
58.7332 	EXP 	fixationInside: autoDraw = True
58.9191 	EXP 	New trial (rep=0, index=3): OrderedDict([('eventStartTime', 13.0), ('eventEndTime', 13.8), ('eventCond', 1), ('imSize', 0.75), ('imFile', 'Stimuli\\ImageFiles-Set1\\Objects\\Object_Sock_00001.png'), ('repeatedImage', 0), ('responseEvent', 0)])
58.9333 	EXP 	image: autoDraw = False
58.9333 	EXP 	fixationOutside: autoDraw = False
58.9333 	EXP 	fixationInside: autoDraw = False
58.9333 	EXP 	image: autoDraw = False
58.9333 	EXP 	fixationOutside: autoDraw = False
58.9333 	EXP 	fixationInside: autoDraw = False
58.9333 	EXP 	image: size = array([0.75, 0.75])
58.9333 	EXP 	image: image = 'Stimuli\\ImageFiles-Set1\\Objects\\Object_Sock_00001.png'
58.9333 	EXP 	image: autoDraw = True
58.9333 	EXP 	fixationOutside: autoDraw = True
58.9333 	EXP 	fixationInside: autoDraw = True
59.7203 	EXP 	New trial (rep=0, index=4): OrderedDict([('eventStartTime', 13.8), ('eventEndTime', 14.0), ('eventCond', 5), ('imSize', 0.0), ('imFile', 'Stimuli\\Blank.png'), ('repeatedImage', 0), ('responseEvent', 0)])
59.7340 	EXP 	image: autoDraw = False
59.7340 	EXP 	fixationOutside: autoDraw = False
59.7340 	EXP 	fixationInside: autoDraw = False
59.7340 	EXP 	image: autoDraw = False
59.7340 	EXP 	fixationOutside: autoDraw = False
59.7340 	EXP 	fixationInside: autoDraw = False
59.7340 	EXP 	image: size = array([0., 0.])
59.7340 	EXP 	image: image = 'Stimuli\\Blank.png'
59.7340 	EXP 	image: autoDraw = True
59.7340 	EXP 	fixationOutside: autoDraw = True
59.7340 	EXP 	fixationInside: autoDraw = True
59.9204 	EXP 	New trial (rep=0, index=5): OrderedDict([('eventStartTime', 14.0), ('eventEndTime', 14.8), ('eventCond', 1), ('imSize', 0.75), ('imFile', 'Stimuli\\ImageFiles-Set1\\Objects\\Object_Dice_00001.png'), ('repeatedImage', 0), ('responseEvent', 0)])
59.9509 	EXP 	image: autoDraw = False
59.9509 	EXP 	fixationOutside: autoDraw = False
59.9509 	EXP 	fixationInside: autoDraw = False
59.9509 	EXP 	image: autoDraw = False
59.9509 	EXP 	fixationOutside: autoDraw = False
59.9509 	EXP 	fixationInside: autoDraw = False
59.9509 	EXP 	image: size = array([0.75, 0.75])
59.9509 	EXP 	image: image = 'Stimuli\\ImageFiles-Set1\\Objects\\Object_Dice_00001.png'
59.9509 	EXP 	image: autoDraw = True
59.9509 	EXP 	fixationOutside: autoDraw = True
59.9509 	EXP 	fixationInside: autoDraw = True
60.7388 	EXP 	New trial (rep=0, index=6): OrderedDict([('eventStartTime', 14.8), ('eventEndTime', 15.0), ('eventCond', 5), ('imSize', 0.0), ('imFile', 'Stimuli\\Blank.png'), ('repeatedImage', 0), ('responseEvent', 0)])
60.7683 	EXP 	image: autoDraw = False
60.7683 	EXP 	fixationOutside: autoDraw = False
60.7683 	EXP 	fixationInside: autoDraw = False
60.7683 	EXP 	image: autoDraw = False
60.7683 	EXP 	fixationOutside: autoDraw = False
60.7683 	EXP 	fixationInside: autoDraw = False
60.7683 	EXP 	image: size = array([0., 0.])
60.7683 	EXP 	image: image = 'Stimuli\\Blank.png'
60.7683 	EXP 	image: autoDraw = True
60.7683 	EXP 	fixationOutside: autoDraw = True
60.7683 	EXP 	fixationInside: autoDraw = True
60.9371 	EXP 	New trial (rep=0, index=7): OrderedDict([('eventStartTime', 15.0), ('eventEndTime', 15.8), ('eventCond', 1), ('imSize', 0.75), ('imFile', 'Stimuli\\ImageFiles-Set1\\Objects\\Object_Gun_00001.png'), ('repeatedImage', 0), ('responseEvent', 0)])
60.9519 	EXP 	image: autoDraw = False
60.9519 	EXP 	fixationOutside: autoDraw = False
60.9519 	EXP 	fixationInside: autoDraw = False
60.9519 	EXP 	image: autoDraw = False
60.9519 	EXP 	fixationOutside: autoDraw = False
60.9519 	EXP 	fixationInside: autoDraw = False
60.9519 	EXP 	image: size = array([0.75, 0.75])
60.9519 	EXP 	image: image = 'Stimuli\\ImageFiles-Set1\\Objects\\Object_Gun_00001.png'
60.9519 	EXP 	image: autoDraw = True
60.9519 	EXP 	fixationOutside: autoDraw = True
60.9519 	EXP 	fixationInside: autoDraw = True
61.7224 	EXP 	New trial (rep=0, index=8): OrderedDict([('eventStartTime', 15.8), ('eventEndTime', 16.0), ('eventCond', 5), ('imSize', 0.0), ('imFile', 'Stimuli\\Blank.png'), ('repeatedImage', 0), ('responseEvent', 0)])
61.7360 	EXP 	image: autoDraw = False
61.7360 	EXP 	fixationOutside: autoDraw = False
61.7360 	EXP 	fixationInside: autoDraw = False
61.7360 	EXP 	image: autoDraw = False
61.7360 	EXP 	fixationOutside: autoDraw = False
61.7360 	EXP 	fixationInside: autoDraw = False
61.7360 	EXP 	image: size = array([0., 0.])
61.7360 	EXP 	image: image = 'Stimuli\\Blank.png'
61.7360 	EXP 	image: autoDraw = True
61.7360 	EXP 	fixationOutside: autoDraw = True
61.7360 	EXP 	fixationInside: autoDraw = True
61.9218 	EXP 	New trial (rep=0, index=9): OrderedDict([('eventStartTime', 16.0), ('eventEndTime', 16.8), ('eventCond', 1), ('imSize', 0.75), ('imFile', 'Stimuli\\ImageFiles-Set1\\Objects\\Object_Gun_00001.png'), ('repeatedImage', 1), ('responseEvent', 1)])
61.9360 	EXP 	image: autoDraw = False
61.9360 	EXP 	fixationOutside: autoDraw = False
61.9360 	EXP 	fixationInside: autoDraw = False
61.9360 	EXP 	image: autoDraw = False
61.9360 	EXP 	fixationOutside: autoDraw = False
61.9360 	EXP 	fixationInside: autoDraw = False
61.9360 	EXP 	image: size = array([0.75, 0.75])
61.9360 	EXP 	image: image = 'Stimuli\\ImageFiles-Set1\\Objects\\Object_Gun_00001.png'
61.9360 	EXP 	image: autoDraw = True
61.9360 	EXP 	fixationOutside: autoDraw = True
61.9360 	EXP 	fixationInside: autoDraw = True
62.7227 	EXP 	New trial (rep=0, index=10): OrderedDict([('eventStartTime', 16.8), ('eventEndTime', 17.0), ('eventCond', 5), ('imSize', 0.0), ('imFile', 'Stimuli\\Blank.png'), ('repeatedImage', 0), ('responseEvent', 0)])
62.7367 	EXP 	image: autoDraw = False
62.7367 	EXP 	fixationOutside: autoDraw = False
62.7367 	EXP 	fixationInside: autoDraw = False
62.7367 	EXP 	image: autoDraw = False
62.7367 	EXP 	fixationOutside: autoDraw = False
62.7367 	EXP 	fixationInside: autoDraw = False
62.7367 	EXP 	image: size = array([0., 0.])
62.7367 	EXP 	image: image = 'Stimuli\\Blank.png'
62.7367 	EXP 	image: autoDraw = True
62.7367 	EXP 	fixationOutside: autoDraw = True
62.7367 	EXP 	fixationInside: autoDraw = True
62.9240 	EXP 	New trial (rep=0, index=11): OrderedDict([('eventStartTime', 17.0), ('eventEndTime', 17.8), ('eventCond', 1), ('imSize', 0.75), ('imFile', 'Stimuli\\ImageFiles-Set1\\Objects\\Object_Brush_00001.png'), ('repeatedImage', 0), ('responseEvent', 0)])
62.9536 	EXP 	image: autoDraw = False
62.9536 	EXP 	fixationOutside: autoDraw = False
62.9536 	EXP 	fixationInside: autoDraw = False
62.9536 	EXP 	image: autoDraw = False
62.9536 	EXP 	fixationOutside: autoDraw = False
62.9536 	EXP 	fixationInside: autoDraw = False
62.9536 	EXP 	image: size = array([0.75, 0.75])
62.9536 	EXP 	image: image = 'Stimuli\\ImageFiles-Set1\\Objects\\Object_Brush_00001.png'
62.9536 	EXP 	image: autoDraw = True
62.9536 	EXP 	fixationOutside: autoDraw = True
62.9536 	EXP 	fixationInside: autoDraw = True
63.7243 	EXP 	New trial (rep=0, index=12): OrderedDict([('eventStartTime', 17.8), ('eventEndTime', 18.0), ('eventCond', 5), ('imSize', 0.0), ('imFile', 'Stimuli\\Blank.png'), ('repeatedImage', 0), ('responseEvent', 0)])
63.7543 	EXP 	image: autoDraw = False
63.7543 	EXP 	fixationOutside: autoDraw = False
63.7543 	EXP 	fixationInside: autoDraw = False
63.7543 	EXP 	image: autoDraw = False
63.7543 	EXP 	fixationOutside: autoDraw = False
63.7543 	EXP 	fixationInside: autoDraw = False
63.7543 	EXP 	image: size = array([0., 0.])
63.7543 	EXP 	image: image = 'Stimuli\\Blank.png'
63.7543 	EXP 	image: autoDraw = True
63.7543 	EXP 	fixationOutside: autoDraw = True
63.7543 	EXP 	fixationInside: autoDraw = True
63.9231 	EXP 	New trial (rep=0, index=13): OrderedDict([('eventStartTime', 18.0), ('eventEndTime', 18.8), ('eventCond', 1), ('imSize', 0.75), ('imFile', 'Stimuli\\ImageFiles-Set1\\Objects\\Object_Knife_00001.png'), ('repeatedImage', 0), ('responseEvent', 0)])
63.9386 	EXP 	image: autoDraw = False
63.9386 	EXP 	fixationOutside: autoDraw = False
63.9386 	EXP 	fixationInside: autoDraw = False
63.9386 	EXP 	image: autoDraw = False
63.9386 	EXP 	fixationOutside: autoDraw = False
63.9386 	EXP 	fixationInside: autoDraw = False
63.9386 	EXP 	image: size = array([0.75, 0.75])
63.9386 	EXP 	image: image = 'Stimuli\\ImageFiles-Set1\\Objects\\Object_Knife_00001.png'
63.9386 	EXP 	image: autoDraw = True
63.9386 	EXP 	fixationOutside: autoDraw = True
63.9386 	EXP 	fixationInside: autoDraw = True
64.7246 	EXP 	New trial (rep=0, index=14): OrderedDict([('eventStartTime', 18.8), ('eventEndTime', 19.0), ('eventCond', 5), ('imSize', 0.0), ('imFile', 'Stimuli\\Blank.png'), ('repeatedImage', 0), ('responseEvent', 0)])
64.7385 	EXP 	image: autoDraw = False
64.7385 	EXP 	fixationOutside: autoDraw = False
64.7385 	EXP 	fixationInside: autoDraw = False
64.7385 	EXP 	image: autoDraw = False
64.7385 	EXP 	fixationOutside: autoDraw = False
64.7385 	EXP 	fixationInside: autoDraw = False
64.7385 	EXP 	image: size = array([0., 0.])
64.7385 	EXP 	image: image = 'Stimuli\\Blank.png'
64.7385 	EXP 	image: autoDraw = True
64.7385 	EXP 	fixationOutside: autoDraw = True
64.7385 	EXP 	fixationInside: autoDraw = True
64.9088 	EXP 	New trial (rep=0, index=15): OrderedDict([('eventStartTime', 19.0), ('eventEndTime', 19.8), ('eventCond', 1), ('imSize', 0.75), ('imFile', 'Stimuli\\ImageFiles-Set1\\Objects\\Object_Toilet_00001.png'), ('repeatedImage', 0), ('responseEvent', 0)])
64.9387 	EXP 	image: autoDraw = False
64.9387 	EXP 	fixationOutside: autoDraw = False
64.9387 	EXP 	fixationInside: autoDraw = False
64.9387 	EXP 	image: autoDraw = False
64.9387 	EXP 	fixationOutside: autoDraw = False
64.9387 	EXP 	fixationInside: autoDraw = False
64.9387 	EXP 	image: size = array([0.75, 0.75])
64.9387 	EXP 	image: image = 'Stimuli\\ImageFiles-Set1\\Objects\\Object_Toilet_00001.png'
64.9387 	EXP 	image: autoDraw = True
64.9387 	EXP 	fixationOutside: autoDraw = True
64.9387 	EXP 	fixationInside: autoDraw = True
65.7265 	EXP 	New trial (rep=0, index=16): OrderedDict([('eventStartTime', 19.8), ('eventEndTime', 20.0), ('eventCond', 5), ('imSize', 0.0), ('imFile', 'Stimuli\\Blank.png'), ('repeatedImage', 0), ('responseEvent', 0)])
65.7394 	EXP 	image: autoDraw = False
65.7394 	EXP 	fixationOutside: autoDraw = False
65.7394 	EXP 	fixationInside: autoDraw = False
65.7394 	EXP 	image: autoDraw = False
65.7394 	EXP 	fixationOutside: autoDraw = False
65.7394 	EXP 	fixationInside: autoDraw = False
65.7394 	EXP 	image: size = array([0., 0.])
65.7394 	EXP 	image: image = 'Stimuli\\Blank.png'
65.7394 	EXP 	image: autoDraw = True
65.7394 	EXP 	fixationOutside: autoDraw = True
65.7394 	EXP 	fixationInside: autoDraw = True
65.9089 	EXP 	New trial (rep=0, index=17): OrderedDict([('eventStartTime', 20.0), ('eventEndTime', 20.8), ('eventCond', 1), ('imSize', 0.75), ('imFile', 'Stimuli\\ImageFiles-Set1\\Objects\\Object_Card_00001.png'), ('repeatedImage', 0), ('responseEvent', 0)])
65.9395 	EXP 	image: autoDraw = False
65.9395 	EXP 	fixationOutside: autoDraw = False
65.9395 	EXP 	fixationInside: autoDraw = False
65.9395 	EXP 	image: autoDraw = False
65.9395 	EXP 	fixationOutside: autoDraw = False
65.9395 	EXP 	fixationInside: autoDraw = False
65.9395 	EXP 	image: size = array([0.75, 0.75])
65.9395 	EXP 	image: image = 'Stimuli\\ImageFiles-Set1\\Objects\\Object_Card_00001.png'
65.9395 	EXP 	image: autoDraw = True
65.9395 	EXP 	fixationOutside: autoDraw = True
65.9395 	EXP 	fixationInside: autoDraw = True
66.7254 	EXP 	New trial (rep=0, index=18): OrderedDict([('eventStartTime', 20.8), ('eventEndTime', 21.0), ('eventCond', 5), ('imSize', 0.0), ('imFile', 'Stimuli\\Blank.png'), ('repeatedImage', 0), ('responseEvent', 0)])
66.7413 	EXP 	image: autoDraw = False
66.7413 	EXP 	fixationOutside: autoDraw = False
66.7413 	EXP 	fixationInside: autoDraw = False
66.7413 	EXP 	image: autoDraw = False
66.7413 	EXP 	fixationOutside: autoDraw = False
66.7413 	EXP 	fixationInside: autoDraw = False
66.7413 	EXP 	image: size = array([0., 0.])
66.7413 	EXP 	image: image = 'Stimuli\\Blank.png'
66.7413 	EXP 	image: autoDraw = True
66.7413 	EXP 	fixationOutside: autoDraw = True
66.7413 	EXP 	fixationInside: autoDraw = True
66.9100 	EXP 	New trial (rep=0, index=19): OrderedDict([('eventStartTime', 21.0), ('eventEndTime', 21.8), ('eventCond', 1), ('imSize', 0.75), ('imFile', 'Stimuli\\ImageFiles-Set1\\Objects\\Object_Dryer_00001.png'), ('repeatedImage', 0), ('responseEvent', 0)])
66.9238 	EXP 	image: autoDraw = False
66.9238 	EXP 	fixationOutside: autoDraw = False
66.9238 	EXP 	fixationInside: autoDraw = False
66.9238 	EXP 	image: autoDraw = False
66.9238 	EXP 	fixationOutside: autoDraw = False
66.9238 	EXP 	fixationInside: autoDraw = False
66.9238 	EXP 	image: size = array([0.75, 0.75])
66.9238 	EXP 	image: image = 'Stimuli\\ImageFiles-Set1\\Objects\\Object_Dryer_00001.png'
66.9238 	EXP 	image: autoDraw = True
66.9238 	EXP 	fixationOutside: autoDraw = True
66.9238 	EXP 	fixationInside: autoDraw = True
67.7098 	EXP 	New trial (rep=0, index=20): OrderedDict([('eventStartTime', 21.8), ('eventEndTime', 22.0), ('eventCond', 5), ('imSize', 0.0), ('imFile', 'Stimuli\\Blank.png'), ('repeatedImage', 0), ('responseEvent', 0)])
67.7244 	EXP 	image: autoDraw = False
67.7244 	EXP 	fixationOutside: autoDraw = False
67.7244 	EXP 	fixationInside: autoDraw = False
67.7244 	EXP 	image: autoDraw = False
67.7244 	EXP 	fixationOutside: autoDraw = False
67.7244 	EXP 	fixationInside: autoDraw = False
67.7244 	EXP 	image: size = array([0., 0.])
67.7244 	EXP 	image: image = 'Stimuli\\Blank.png'
67.7244 	EXP 	image: autoDraw = True
67.7244 	EXP 	fixationOutside: autoDraw = True
67.7244 	EXP 	fixationInside: autoDraw = True
67.9099 	EXP 	New trial (rep=0, index=21): OrderedDict([('eventStartTime', 22.0), ('eventEndTime', 22.8), ('eventCond', 1), ('imSize', 0.75), ('imFile', 'Stimuli\\ImageFiles-Set1\\Objects\\Object_Baseball_00001.png'), ('repeatedImage', 0), ('responseEvent', 0)])
67.9246 	EXP 	image: autoDraw = False
67.9246 	EXP 	fixationOutside: autoDraw = False
67.9246 	EXP 	fixationInside: autoDraw = False
67.9246 	EXP 	image: autoDraw = False
67.9246 	EXP 	fixationOutside: autoDraw = False
67.9246 	EXP 	fixationInside: autoDraw = False
67.9246 	EXP 	image: size = array([0.75, 0.75])
67.9246 	EXP 	image: image = 'Stimuli\\ImageFiles-Set1\\Objects\\Object_Baseball_00001.png'
67.9246 	EXP 	image: autoDraw = True
67.9246 	EXP 	fixationOutside: autoDraw = True
67.9246 	EXP 	fixationInside: autoDraw = True
68.7116 	EXP 	New trial (rep=0, index=22): OrderedDict([('eventStartTime', 22.8), ('eventEndTime', 23.0), ('eventCond', 5), ('imSize', 0.0), ('imFile', 'Stimuli\\Blank.png'), ('repeatedImage', 0), ('responseEvent', 0)])
68.7253 	EXP 	image: autoDraw = False
68.7253 	EXP 	fixationOutside: autoDraw = False
68.7253 	EXP 	fixationInside: autoDraw = False
68.7253 	EXP 	image: autoDraw = False
68.7253 	EXP 	fixationOutside: autoDraw = False
68.7253 	EXP 	fixationInside: autoDraw = False
68.7253 	EXP 	image: size = array([0., 0.])
68.7253 	EXP 	image: image = 'Stimuli\\Blank.png'
68.7253 	EXP 	image: autoDraw = True
68.7253 	EXP 	fixationOutside: autoDraw = True
68.7253 	EXP 	fixationInside: autoDraw = True
68.9114 	EXP 	New trial (rep=0, index=23): OrderedDict([('eventStartTime', 23.0), ('eventEndTime', 23.8), ('eventCond', 1), ('imSize', 0.75), ('imFile', 'Stimuli\\ImageFiles-Set1\\Objects\\Object_GarbageCan_00001.png'), ('repeatedImage', 0), ('responseEvent', 0)])
68.9422 	EXP 	image: autoDraw = False
68.9422 	EXP 	fixationOutside: autoDraw = False
68.9422 	EXP 	fixationInside: autoDraw = False
68.9422 	EXP 	image: autoDraw = False
68.9422 	EXP 	fixationOutside: autoDraw = False
68.9422 	EXP 	fixationInside: autoDraw = False
68.9422 	EXP 	image: size = array([0.75, 0.75])
68.9422 	EXP 	image: image = 'Stimuli\\ImageFiles-Set1\\Objects\\Object_GarbageCan_00001.png'
68.9422 	EXP 	image: autoDraw = True
68.9422 	EXP 	fixationOutside: autoDraw = True
68.9422 	EXP 	fixationInside: autoDraw = True
69.7286 	EXP 	New trial (rep=0, index=24): OrderedDict([('eventStartTime', 23.8), ('eventEndTime', 24.0), ('eventCond', 5), ('imSize', 0.0), ('imFile', 'Stimuli\\Blank.png'), ('repeatedImage', 0), ('responseEvent', 0)])
69.7429 	EXP 	image: autoDraw = False
69.7429 	EXP 	fixationOutside: autoDraw = False
69.7429 	EXP 	fixationInside: autoDraw = False
69.7429 	EXP 	image: autoDraw = False
69.7429 	EXP 	fixationOutside: autoDraw = False
69.7429 	EXP 	fixationInside: autoDraw = False
69.7429 	EXP 	image: size = array([0., 0.])
69.7429 	EXP 	image: image = 'Stimuli\\Blank.png'
69.7429 	EXP 	image: autoDraw = True
69.7429 	EXP 	fixationOutside: autoDraw = True
69.7429 	EXP 	fixationInside: autoDraw = True
69.9121 	EXP 	New trial (rep=0, index=25): OrderedDict([('eventStartTime', 24.0), ('eventEndTime', 24.8), ('eventCond', 1), ('imSize', 0.75), ('imFile', 'Stimuli\\ImageFiles-Set1\\Objects\\Object_Whistle_00001.png'), ('repeatedImage', 0), ('responseEvent', 0)])
69.9265 	EXP 	image: autoDraw = False
69.9265 	EXP 	fixationOutside: autoDraw = False
69.9265 	EXP 	fixationInside: autoDraw = False
69.9265 	EXP 	image: autoDraw = False
69.9265 	EXP 	fixationOutside: autoDraw = False
69.9265 	EXP 	fixationInside: autoDraw = False
69.9265 	EXP 	image: size = array([0.75, 0.75])
69.9265 	EXP 	image: image = 'Stimuli\\ImageFiles-Set1\\Objects\\Object_Whistle_00001.png'
69.9265 	EXP 	image: autoDraw = True
69.9265 	EXP 	fixationOutside: autoDraw = True
69.9265 	EXP 	fixationInside: autoDraw = True
70.7136 	EXP 	New trial (rep=0, index=26): OrderedDict([('eventStartTime', 24.8), ('eventEndTime', 25.0), ('eventCond', 5), ('imSize', 0.0), ('imFile', 'Stimuli\\Blank.png'), ('repeatedImage', 0), ('responseEvent', 0)])
70.7271 	EXP 	image: autoDraw = False
70.7271 	EXP 	fixationOutside: autoDraw = False
70.7271 	EXP 	fixationInside: autoDraw = False
70.7271 	EXP 	image: autoDraw = False
70.7271 	EXP 	fixationOutside: autoDraw = False
70.7271 	EXP 	fixationInside: autoDraw = False
70.7271 	EXP 	image: size = array([0., 0.])
70.7271 	EXP 	image: image = 'Stimuli\\Blank.png'
70.7271 	EXP 	image: autoDraw = True
70.7271 	EXP 	fixationOutside: autoDraw = True
70.7271 	EXP 	fixationInside: autoDraw = True
70.9140 	EXP 	New trial (rep=0, index=27): OrderedDict([('eventStartTime', 25.0), ('eventEndTime', 25.8), ('eventCond', 1), ('imSize', 0.75), ('imFile', 'Stimuli\\ImageFiles-Set1\\Objects\\Object_Bench_00001.png'), ('repeatedImage', 0), ('responseEvent', 0)])
70.9440 	EXP 	image: autoDraw = False
70.9440 	EXP 	fixationOutside: autoDraw = False
70.9440 	EXP 	fixationInside: autoDraw = False
70.9440 	EXP 	image: autoDraw = False
70.9440 	EXP 	fixationOutside: autoDraw = False
70.9440 	EXP 	fixationInside: autoDraw = False
70.9440 	EXP 	image: size = array([0.75, 0.75])
70.9440 	EXP 	image: image = 'Stimuli\\ImageFiles-Set1\\Objects\\Object_Bench_00001.png'
70.9440 	EXP 	image: autoDraw = True
70.9440 	EXP 	fixationOutside: autoDraw = True
70.9440 	EXP 	fixationInside: autoDraw = True
71.7303 	EXP 	New trial (rep=0, index=28): OrderedDict([('eventStartTime', 25.8), ('eventEndTime', 26.0), ('eventCond', 5), ('imSize', 0.0), ('imFile', 'Stimuli\\Blank.png'), ('repeatedImage', 0), ('responseEvent', 0)])
71.7452 	EXP 	image: autoDraw = False
71.7452 	EXP 	fixationOutside: autoDraw = False
71.7452 	EXP 	fixationInside: autoDraw = False
71.7452 	EXP 	image: autoDraw = False
71.7452 	EXP 	fixationOutside: autoDraw = False
71.7452 	EXP 	fixationInside: autoDraw = False
71.7452 	EXP 	image: size = array([0., 0.])
71.7452 	EXP 	image: image = 'Stimuli\\Blank.png'
71.7452 	EXP 	image: autoDraw = True
71.7452 	EXP 	fixationOutside: autoDraw = True
71.7452 	EXP 	fixationInside: autoDraw = True
71.9139 	EXP 	New trial (rep=0, index=29): OrderedDict([('eventStartTime', 26.0), ('eventEndTime', 26.8), ('eventCond', 1), ('imSize', 0.75), ('imFile', 'Stimuli\\ImageFiles-Set1\\Objects\\Object_TeaBag_00001.png'), ('repeatedImage', 0), ('responseEvent', 0)])
71.9282 	EXP 	image: autoDraw = False
71.9282 	EXP 	fixationOutside: autoDraw = False
71.9282 	EXP 	fixationInside: autoDraw = False
71.9282 	EXP 	image: autoDraw = False
71.9282 	EXP 	fixationOutside: autoDraw = False
71.9282 	EXP 	fixationInside: autoDraw = False
71.9282 	EXP 	image: size = array([0.75, 0.75])
71.9282 	EXP 	image: image = 'Stimuli\\ImageFiles-Set1\\Objects\\Object_TeaBag_00001.png'
71.9282 	EXP 	image: autoDraw = True
71.9282 	EXP 	fixationOutside: autoDraw = True
71.9282 	EXP 	fixationInside: autoDraw = True
72.7146 	EXP 	New trial (rep=0, index=30): OrderedDict([('eventStartTime', 26.8), ('eventEndTime', 27.0), ('eventCond', 5), ('imSize', 0.0), ('imFile', 'Stimuli\\Blank.png'), ('repeatedImage', 0), ('responseEvent', 0)])
72.7289 	EXP 	image: autoDraw = False
72.7289 	EXP 	fixationOutside: autoDraw = False
72.7289 	EXP 	fixationInside: autoDraw = False
72.7289 	EXP 	image: autoDraw = False
72.7289 	EXP 	fixationOutside: autoDraw = False
72.7289 	EXP 	fixationInside: autoDraw = False
72.7289 	EXP 	image: size = array([0., 0.])
72.7289 	EXP 	image: image = 'Stimuli\\Blank.png'
72.7289 	EXP 	image: autoDraw = True
72.7289 	EXP 	fixationOutside: autoDraw = True
72.7289 	EXP 	fixationInside: autoDraw = True
72.9152 	EXP 	New trial (rep=0, index=31): OrderedDict([('eventStartTime', 27.0), ('eventEndTime', 27.8), ('eventCond', 1), ('imSize', 0.75), ('imFile', 'Stimuli\\ImageFiles-Set1\\Objects\\Object_IroningBoard_00001.png'), ('repeatedImage', 0), ('responseEvent', 0)])
72.9290 	EXP 	image: autoDraw = False
72.9290 	EXP 	fixationOutside: autoDraw = False
72.9290 	EXP 	fixationInside: autoDraw = False
72.9290 	EXP 	image: autoDraw = False
72.9290 	EXP 	fixationOutside: autoDraw = False
72.9290 	EXP 	fixationInside: autoDraw = False
72.9290 	EXP 	image: size = array([0.75, 0.75])
72.9290 	EXP 	image: image = 'Stimuli\\ImageFiles-Set1\\Objects\\Object_IroningBoard_00001.png'
72.9290 	EXP 	image: autoDraw = True
72.9290 	EXP 	fixationOutside: autoDraw = True
72.9290 	EXP 	fixationInside: autoDraw = True
73.7157 	EXP 	New trial (rep=0, index=32): OrderedDict([('eventStartTime', 27.8), ('eventEndTime', 28.0), ('eventCond', 5), ('imSize', 0.0), ('imFile', 'Stimuli\\Blank.png'), ('repeatedImage', 0), ('responseEvent', 0)])
73.7297 	EXP 	image: autoDraw = False
73.7297 	EXP 	fixationOutside: autoDraw = False
73.7297 	EXP 	fixationInside: autoDraw = False
73.7297 	EXP 	image: autoDraw = False
73.7297 	EXP 	fixationOutside: autoDraw = False
73.7297 	EXP 	fixationInside: autoDraw = False
73.7297 	EXP 	image: size = array([0., 0.])
73.7297 	EXP 	image: image = 'Stimuli\\Blank.png'
73.7297 	EXP 	image: autoDraw = True
73.7297 	EXP 	fixationOutside: autoDraw = True
73.7297 	EXP 	fixationInside: autoDraw = True
73.9158 	EXP 	New trial (rep=0, index=33): OrderedDict([('eventStartTime', 28.0), ('eventEndTime', 28.8), ('eventCond', 2), ('imSize', 0.75), ('imFile', 'Stimuli\\ImageFiles-Set1\\Bodies\\Bodies_DownwardDog_00007.png'), ('repeatedImage', 0), ('responseEvent', 0)])
73.9475 	EXP 	image: autoDraw = False
73.9475 	EXP 	fixationOutside: autoDraw = False
73.9475 	EXP 	fixationInside: autoDraw = False
73.9475 	EXP 	image: autoDraw = False
73.9475 	EXP 	fixationOutside: autoDraw = False
73.9475 	EXP 	fixationInside: autoDraw = False
73.9475 	EXP 	image: size = array([0.75, 0.75])
73.9475 	EXP 	image: image = 'Stimuli\\ImageFiles-Set1\\Bodies\\Bodies_DownwardDog_00007.png'
73.9475 	EXP 	image: autoDraw = True
73.9475 	EXP 	fixationOutside: autoDraw = True
73.9475 	EXP 	fixationInside: autoDraw = True
74.7351 	EXP 	New trial (rep=0, index=34): OrderedDict([('eventStartTime', 28.8), ('eventEndTime', 29.0), ('eventCond', 5), ('imSize', 0.0), ('imFile', 'Stimuli\\Blank.png'), ('repeatedImage', 0), ('responseEvent', 0)])
74.7640 	EXP 	image: autoDraw = False
74.7640 	EXP 	fixationOutside: autoDraw = False
74.7640 	EXP 	fixationInside: autoDraw = False
74.7640 	EXP 	image: autoDraw = False
74.7640 	EXP 	fixationOutside: autoDraw = False
74.7640 	EXP 	fixationInside: autoDraw = False
74.7640 	EXP 	image: size = array([0., 0.])
74.7640 	EXP 	image: image = 'Stimuli\\Blank.png'
74.7640 	EXP 	image: autoDraw = True
74.7640 	EXP 	fixationOutside: autoDraw = True
74.7640 	EXP 	fixationInside: autoDraw = True
74.9342 	EXP 	New trial (rep=0, index=35): OrderedDict([('eventStartTime', 29.0), ('eventEndTime', 29.8), ('eventCond', 2), ('imSize', 0.75), ('imFile', 'Stimuli\\ImageFiles-Set1\\Bodies\\Bodies_Walking_00004.png'), ('repeatedImage', 0), ('responseEvent', 0)])
74.9642 	EXP 	image: autoDraw = False
74.9642 	EXP 	fixationOutside: autoDraw = False
74.9642 	EXP 	fixationInside: autoDraw = False
74.9642 	EXP 	image: autoDraw = False
74.9642 	EXP 	fixationOutside: autoDraw = False
74.9642 	EXP 	fixationInside: autoDraw = False
74.9642 	EXP 	image: size = array([0.75, 0.75])
74.9642 	EXP 	image: image = 'Stimuli\\ImageFiles-Set1\\Bodies\\Bodies_Walking_00004.png'
74.9642 	EXP 	image: autoDraw = True
74.9642 	EXP 	fixationOutside: autoDraw = True
74.9642 	EXP 	fixationInside: autoDraw = True
75.7339 	EXP 	New trial (rep=0, index=36): OrderedDict([('eventStartTime', 29.8), ('eventEndTime', 30.0), ('eventCond', 5), ('imSize', 0.0), ('imFile', 'Stimuli\\Blank.png'), ('repeatedImage', 0), ('responseEvent', 0)])
75.7482 	EXP 	image: autoDraw = False
75.7482 	EXP 	fixationOutside: autoDraw = False
75.7482 	EXP 	fixationInside: autoDraw = False
75.7482 	EXP 	image: autoDraw = False
75.7482 	EXP 	fixationOutside: autoDraw = False
75.7482 	EXP 	fixationInside: autoDraw = False
75.7482 	EXP 	image: size = array([0., 0.])
75.7482 	EXP 	image: image = 'Stimuli\\Blank.png'
75.7482 	EXP 	image: autoDraw = True
75.7482 	EXP 	fixationOutside: autoDraw = True
75.7482 	EXP 	fixationInside: autoDraw = True
75.9171 	EXP 	New trial (rep=0, index=37): OrderedDict([('eventStartTime', 30.0), ('eventEndTime', 30.8), ('eventCond', 2), ('imSize', 0.75), ('imFile', 'Stimuli\\ImageFiles-Set1\\Bodies\\Bodies_Walking_00004.png'), ('repeatedImage', 1), ('responseEvent', 1)])
75.9317 	EXP 	image: autoDraw = False
75.9317 	EXP 	fixationOutside: autoDraw = False
75.9317 	EXP 	fixationInside: autoDraw = False
75.9317 	EXP 	image: autoDraw = False
75.9317 	EXP 	fixationOutside: autoDraw = False
75.9317 	EXP 	fixationInside: autoDraw = False
75.9317 	EXP 	image: size = array([0.75, 0.75])
75.9317 	EXP 	image: image = 'Stimuli\\ImageFiles-Set1\\Bodies\\Bodies_Walking_00004.png'
75.9317 	EXP 	image: autoDraw = True
75.9317 	EXP 	fixationOutside: autoDraw = True
75.9317 	EXP 	fixationInside: autoDraw = True
76.7200 	EXP 	New trial (rep=0, index=38): OrderedDict([('eventStartTime', 30.8), ('eventEndTime', 31.0), ('eventCond', 5), ('imSize', 0.0), ('imFile', 'Stimuli\\Blank.png'), ('repeatedImage', 0), ('responseEvent', 0)])
76.7491 	EXP 	image: autoDraw = False
76.7491 	EXP 	fixationOutside: autoDraw = False
76.7491 	EXP 	fixationInside: autoDraw = False
76.7491 	EXP 	image: autoDraw = False
76.7491 	EXP 	fixationOutside: autoDraw = False
76.7491 	EXP 	fixationInside: autoDraw = False
76.7491 	EXP 	image: size = array([0., 0.])
76.7491 	EXP 	image: image = 'Stimuli\\Blank.png'
76.7491 	EXP 	image: autoDraw = True
76.7491 	EXP 	fixationOutside: autoDraw = True
76.7491 	EXP 	fixationInside: autoDraw = True
76.9355 	EXP 	New trial (rep=0, index=39): OrderedDict([('eventStartTime', 31.0), ('eventEndTime', 31.8), ('eventCond', 2), ('imSize', 0.75), ('imFile', 'Stimuli\\ImageFiles-Set1\\Bodies\\Bodies_QuadStretch_00001.png'), ('repeatedImage', 0), ('responseEvent', 0)])
76.9493 	EXP 	image: autoDraw = False
76.9493 	EXP 	fixationOutside: autoDraw = False
76.9493 	EXP 	fixationInside: autoDraw = False
76.9493 	EXP 	image: autoDraw = False
76.9493 	EXP 	fixationOutside: autoDraw = False
76.9493 	EXP 	fixationInside: autoDraw = False
76.9493 	EXP 	image: size = array([0.75, 0.75])
76.9493 	EXP 	image: image = 'Stimuli\\ImageFiles-Set1\\Bodies\\Bodies_QuadStretch_00001.png'
76.9493 	EXP 	image: autoDraw = True
76.9493 	EXP 	fixationOutside: autoDraw = True
76.9493 	EXP 	fixationInside: autoDraw = True
77.7189 	EXP 	New trial (rep=0, index=40): OrderedDict([('eventStartTime', 31.8), ('eventEndTime', 32.0), ('eventCond', 5), ('imSize', 0.0), ('imFile', 'Stimuli\\Blank.png'), ('repeatedImage', 0), ('responseEvent', 0)])
77.7333 	EXP 	image: autoDraw = False
77.7333 	EXP 	fixationOutside: autoDraw = False
77.7333 	EXP 	fixationInside: autoDraw = False
77.7333 	EXP 	image: autoDraw = False
77.7333 	EXP 	fixationOutside: autoDraw = False
77.7333 	EXP 	fixationInside: autoDraw = False
77.7333 	EXP 	image: size = array([0., 0.])
77.7333 	EXP 	image: image = 'Stimuli\\Blank.png'
77.7333 	EXP 	image: autoDraw = True
77.7333 	EXP 	fixationOutside: autoDraw = True
77.7333 	EXP 	fixationInside: autoDraw = True
77.9192 	EXP 	New trial (rep=0, index=41): OrderedDict([('eventStartTime', 32.0), ('eventEndTime', 32.8), ('eventCond', 2), ('imSize', 0.75), ('imFile', 'Stimuli\\ImageFiles-Set1\\Bodies\\Bodies_Falling_00006.png'), ('repeatedImage', 0), ('responseEvent', 0)])
77.9335 	EXP 	image: autoDraw = False
77.9335 	EXP 	fixationOutside: autoDraw = False
77.9335 	EXP 	fixationInside: autoDraw = False
77.9335 	EXP 	image: autoDraw = False
77.9335 	EXP 	fixationOutside: autoDraw = False
77.9335 	EXP 	fixationInside: autoDraw = False
77.9335 	EXP 	image: size = array([0.75, 0.75])
77.9335 	EXP 	image: image = 'Stimuli\\ImageFiles-Set1\\Bodies\\Bodies_Falling_00006.png'
77.9335 	EXP 	image: autoDraw = True
77.9335 	EXP 	fixationOutside: autoDraw = True
77.9335 	EXP 	fixationInside: autoDraw = True
78.6715 	DATA 	Keypress: escape
78.7198 	EXP 	New trial (rep=0, index=42): OrderedDict([('eventStartTime', 32.8), ('eventEndTime', 33.0), ('eventCond', 5), ('imSize', 0.0), ('imFile', 'Stimuli\\Blank.png'), ('repeatedImage', 0), ('responseEvent', 0)])
78.7342 	EXP 	image: autoDraw = False
78.7342 	EXP 	fixationOutside: autoDraw = False
78.7342 	EXP 	fixationInside: autoDraw = False
78.7342 	EXP 	image: autoDraw = False
78.7342 	EXP 	fixationOutside: autoDraw = False
78.7342 	EXP 	fixationInside: autoDraw = False
78.7342 	EXP 	image: size = array([0., 0.])
78.7342 	EXP 	image: image = 'Stimuli\\Blank.png'
78.7342 	EXP 	image: autoDraw = True
78.7342 	EXP 	fixationOutside: autoDraw = True
78.7342 	EXP 	fixationInside: autoDraw = True
78.9197 	EXP 	New trial (rep=0, index=43): OrderedDict([('eventStartTime', 33.0), ('eventEndTime', 33.8), ('eventCond', 2), ('imSize', 0.75), ('imFile', 'Stimuli\\ImageFiles-Set1\\Bodies\\Bodies_PushUp_00004.png'), ('repeatedImage', 0), ('responseEvent', 0)])
78.9343 	EXP 	image: autoDraw = False
78.9343 	EXP 	fixationOutside: autoDraw = False
78.9343 	EXP 	fixationInside: autoDraw = False
78.9343 	EXP 	image: autoDraw = False
78.9343 	EXP 	fixationOutside: autoDraw = False
78.9343 	EXP 	fixationInside: autoDraw = False
78.9343 	EXP 	image: size = array([0.75, 0.75])
78.9343 	EXP 	image: image = 'Stimuli\\ImageFiles-Set1\\Bodies\\Bodies_PushUp_00004.png'
78.9343 	EXP 	image: autoDraw = True
78.9343 	EXP 	fixationOutside: autoDraw = True
78.9343 	EXP 	fixationInside: autoDraw = True
79.7220 	EXP 	New trial (rep=0, index=44): OrderedDict([('eventStartTime', 33.8), ('eventEndTime', 34.0), ('eventCond', 5), ('imSize', 0.0), ('imFile', 'Stimuli\\Blank.png'), ('repeatedImage', 0), ('responseEvent', 0)])
79.7359 	EXP 	image: autoDraw = False
79.7359 	EXP 	fixationOutside: autoDraw = False
79.7359 	EXP 	fixationInside: autoDraw = False
79.7359 	EXP 	image: autoDraw = False
79.7359 	EXP 	fixationOutside: autoDraw = False
79.7359 	EXP 	fixationInside: autoDraw = False
79.7359 	EXP 	image: size = array([0., 0.])
79.7359 	EXP 	image: image = 'Stimuli\\Blank.png'
79.7359 	EXP 	image: autoDraw = True
79.7359 	EXP 	fixationOutside: autoDraw = True
79.7359 	EXP 	fixationInside: autoDraw = True
79.9211 	EXP 	New trial (rep=0, index=45): OrderedDict([('eventStartTime', 34.0), ('eventEndTime', 34.8), ('eventCond', 2), ('imSize', 0.75), ('imFile', 'Stimuli\\ImageFiles-Set1\\Bodies\\Bodies_SittingChair_00001.png'), ('repeatedImage', 0), ('responseEvent', 0)])
79.9520 	EXP 	image: autoDraw = False
79.9520 	EXP 	fixationOutside: autoDraw = False
79.9520 	EXP 	fixationInside: autoDraw = False
79.9520 	EXP 	image: autoDraw = False
79.9520 	EXP 	fixationOutside: autoDraw = False
79.9520 	EXP 	fixationInside: autoDraw = False
79.9520 	EXP 	image: size = array([0.75, 0.75])
79.9520 	EXP 	image: image = 'Stimuli\\ImageFiles-Set1\\Bodies\\Bodies_SittingChair_00001.png'
79.9520 	EXP 	image: autoDraw = True
79.9520 	EXP 	fixationOutside: autoDraw = True
79.9520 	EXP 	fixationInside: autoDraw = True
80.7399 	EXP 	New trial (rep=0, index=46): OrderedDict([('eventStartTime', 34.8), ('eventEndTime', 35.0), ('eventCond', 5), ('imSize', 0.0), ('imFile', 'Stimuli\\Blank.png'), ('repeatedImage', 0), ('responseEvent', 0)])
80.7693 	EXP 	image: autoDraw = False
80.7693 	EXP 	fixationOutside: autoDraw = False
80.7693 	EXP 	fixationInside: autoDraw = False
80.7693 	EXP 	image: autoDraw = False
80.7693 	EXP 	fixationOutside: autoDraw = False
80.7693 	EXP 	fixationInside: autoDraw = False
80.7693 	EXP 	image: size = array([0., 0.])
80.7693 	EXP 	image: image = 'Stimuli\\Blank.png'
80.7693 	EXP 	image: autoDraw = True
80.7693 	EXP 	fixationOutside: autoDraw = True
80.7693 	EXP 	fixationInside: autoDraw = True
80.9396 	EXP 	New trial (rep=0, index=47): OrderedDict([('eventStartTime', 35.0), ('eventEndTime', 35.8), ('eventCond', 2), ('imSize', 0.75), ('imFile', 'Stimuli\\ImageFiles-Set1\\Bodies\\Bodies_CobraPose_00005.png'), ('repeatedImage', 0), ('responseEvent', 0)])
80.9695 	EXP 	image: autoDraw = False
80.9695 	EXP 	fixationOutside: autoDraw = False
80.9695 	EXP 	fixationInside: autoDraw = False
80.9695 	EXP 	image: autoDraw = False
80.9695 	EXP 	fixationOutside: autoDraw = False
80.9695 	EXP 	fixationInside: autoDraw = False
80.9695 	EXP 	image: size = array([0.75, 0.75])
80.9695 	EXP 	image: image = 'Stimuli\\ImageFiles-Set1\\Bodies\\Bodies_CobraPose_00005.png'
80.9695 	EXP 	image: autoDraw = True
80.9695 	EXP 	fixationOutside: autoDraw = True
80.9695 	EXP 	fixationInside: autoDraw = True
81.7401 	EXP 	New trial (rep=0, index=48): OrderedDict([('eventStartTime', 35.8), ('eventEndTime', 36.0), ('eventCond', 5), ('imSize', 0.0), ('imFile', 'Stimuli\\Blank.png'), ('repeatedImage', 0), ('responseEvent', 0)])
81.7535 	EXP 	image: autoDraw = False
81.7535 	EXP 	fixationOutside: autoDraw = False
81.7535 	EXP 	fixationInside: autoDraw = False
81.7535 	EXP 	image: autoDraw = False
81.7535 	EXP 	fixationOutside: autoDraw = False
81.7535 	EXP 	fixationInside: autoDraw = False
81.7535 	EXP 	image: size = array([0., 0.])
81.7535 	EXP 	image: image = 'Stimuli\\Blank.png'
81.7535 	EXP 	image: autoDraw = True
81.7535 	EXP 	fixationOutside: autoDraw = True
81.7535 	EXP 	fixationInside: autoDraw = True
81.7749 	DATA 	Mouse: Left button down, pos=(1192,518)
81.9075 	DATA 	Mouse:  Left button up, pos=(1192,518)
81.9230 	EXP 	New trial (rep=0, index=49): OrderedDict([('eventStartTime', 36.0), ('eventEndTime', 36.8), ('eventCond', 2), ('imSize', 0.75), ('imFile', 'Stimuli\\ImageFiles-Set1\\Bodies\\Bodies_SittingFloor_00007.png'), ('repeatedImage', 0), ('responseEvent', 0)])
81.9370 	EXP 	image: autoDraw = False
81.9370 	EXP 	fixationOutside: autoDraw = False
81.9370 	EXP 	fixationInside: autoDraw = False
81.9370 	EXP 	image: autoDraw = False
81.9370 	EXP 	fixationOutside: autoDraw = False
81.9370 	EXP 	fixationInside: autoDraw = False
81.9370 	EXP 	image: size = array([0.75, 0.75])
81.9370 	EXP 	image: image = 'Stimuli\\ImageFiles-Set1\\Bodies\\Bodies_SittingFloor_00007.png'
81.9370 	EXP 	image: autoDraw = True
81.9370 	EXP 	fixationOutside: autoDraw = True
81.9370 	EXP 	fixationInside: autoDraw = True
82.5924 	DATA 	Keypress: escape
82.7807 	EXP 	window1: mouseVisible = True
