13.2961 	EXP 	Created window1 = Window(allowGUI=False, allowStencil=False, autoLog=True, backendConf=UNKNOWN, bitsMode=UNKNOWN, blendMode='avg', bpc=(8, 8, 8), color=array([0, 0, 0]), colorSpace='rgb', depthBits=8, fullscr=<method-wrapper '__getattribute__' of attributeSetter object at 0x0000024D290496A0>, gamma=None, gammaErrorPolicy='raise', lms=UNKNOWN, monitor=<psychopy.monitors.calibTools.Monitor object at 0x0000024D2906DB00>, multiSample=False, name='window1', numSamples=2, pos=[0.0, 0.0], screen=1, size=array([1920, 1080]), stencilBits=0, stereo=False, units='norm', useFBO=True, useRetina=False, viewOri=0.0, viewPos=None, viewScale=None, waitBlanking=True, winType='pyglet')
13.2961 	EXP 	window1: mouseVisible = True
13.2962 	EXP 	window1: recordFrameIntervals = False
13.4626 	EXP 	window1: recordFrameIntervals = True
13.6461 	EXP 	window1: recordFrameIntervals = False
14.0388 	EXP 	Created Instructions = TextStim(__class__=<class 'psychopy.visual.text.TextStim'>, alignHoriz=method-wrapper(...), alignText='center', alignVert=method-wrapper(...), anchorHoriz='center', anchorVert='center', antialias=True, autoLog=True, bold=False, color=array([1., 1., 1.]), colorSpace='rgb', contrast=1.0, depth=0.0, flipHoriz=False, flipVert=False, font='Open Sans', fontFiles=[], height=0.05, italic=False, languageStyle='LTR', name='Instructions', opacity=1, ori=0.0, pos=array([0., 0.]), rgb=UNKNOWN, text=str(...), units='norm', win=Window(...), wrapWidth=1)
14.0427 	EXP 	Created image = ImageStim(__class__=<class 'psychopy.visual.image.ImageStim'>, autoLog=True, color=array([1., 1., 1.]), colorSpace='rgb', contrast=1.0, depth=-2.0, flipHoriz=False, flipVert=False, image='sin', interpolate=False, mask=None, maskParams=None, name='image', opacity=1, ori=0.0, pos=array([0., 0.]), size=array([1., 1.]), texRes=512, units='height', win=Window(...))
14.0600 	EXP 	Created fixationOutside = ShapeStim(__class__=<class 'psychopy.visual.shape.ShapeStim'>, autoDraw=False, autoLog=True, closeShape=True, color=method-wrapper(...), colorSpace='rgb', contrast=None, depth=-3.0, fillColor=array([-1, -1, -1]), fillColorSpace='rgb', fillRGB=array([-1, -1, -1]), interpolate=True, lineColor=array([-1., -1., -1.]), lineColorSpace='rgb', lineRGB=array([-1, -1, -1]), lineWidth=1.0, name='fixationOutside', opacity=1, ori=0.0, pos=array([0., 0.]), size=array([0.01, 0.01]), units='height', vertices=ndarray(...), win=Window(...), windingRule=None)
14.0748 	EXP 	Created fixationResponse = ShapeStim(__class__=<class 'psychopy.visual.shape.ShapeStim'>, autoDraw=False, autoLog=True, closeShape=True, color=method-wrapper(...), colorSpace='rgb', contrast=None, depth=-4.0, fillColor=array([ 1, -1, -1]), fillColorSpace='rgb', fillRGB=array([ 1, -1, -1]), interpolate=True, lineColor=array([ 1., -1., -1.]), lineColorSpace='rgb', lineRGB=array([ 1, -1, -1]), lineWidth=1.0, name='fixationResponse', opacity=1, ori=0.0, pos=array([0., 0.]), size=array([0.01, 0.01]), units='height', vertices=ndarray(...), win=Window(...), windingRule=None)
14.0887 	EXP 	Created fixationInside = ShapeStim(__class__=<class 'psychopy.visual.shape.ShapeStim'>, autoDraw=False, autoLog=True, closeShape=True, color=method-wrapper(...), colorSpace='rgb', contrast=None, depth=-5.0, fillColor=array([1, 1, 1]), fillColorSpace='rgb', fillRGB=array([1, 1, 1]), interpolate=True, lineColor=array([1., 1., 1.]), lineColorSpace='rgb', lineRGB=array([1, 1, 1]), lineWidth=1.0, name='fixationInside', opacity=1, ori=0.0, pos=array([0., 0.]), size=array([0.004, 0.004]), units='height', vertices=ndarray(...), win=Window(...), windingRule=None)
14.2035 	EXP 	Instructions: autoDraw = True
21.7205 	EXP 	Instructions: autoDraw = False
27.4217 	EXP 	Imported runInfo/All/P017_Run6.csv as conditions, 165 conditions, 8 params
27.4225 	EXP 	Created sequence: sequential, trialTypes=165, nReps=1, seed=None
27.4229 	EXP 	New trial (rep=0, index=0): OrderedDict([('eventStartTime', 0.0), ('eventEndTime', 4.0), ('eventCond', 0), ('imSize', 0.0), ('imFile', 'Stimuli/Blank.png'), ('responseEvent', 0), ('fixRespStart', 0), ('fixRespEnd', 0.0)])
27.4330 	EXP 	image: size = array([0., 0.])
27.4330 	EXP 	image: image = 'Stimuli/Blank.png'
27.4330 	EXP 	image: autoDraw = True
27.4330 	EXP 	fixationOutside: autoDraw = True
27.4330 	EXP 	fixationResponse: autoDraw = True
27.4330 	EXP 	fixationResponse: autoDraw = False
27.4330 	EXP 	fixationInside: autoDraw = True
31.3827 	EXP 	New trial (rep=0, index=1): OrderedDict([('eventStartTime', 4.0), ('eventEndTime', 7.75), ('eventCond', 25), ('imSize', 0.75), ('imFile', 'Stimuli/P017/things_cannonball_09s.jpg'), ('responseEvent', 1), ('fixRespStart', 2), ('fixRespEnd', 2.75)])
31.3955 	EXP 	image: autoDraw = False
31.3955 	EXP 	fixationOutside: autoDraw = False
31.3955 	EXP 	fixationInside: autoDraw = False
31.3955 	EXP 	image: autoDraw = False
31.3955 	EXP 	fixationOutside: autoDraw = False
31.3955 	EXP 	fixationResponse: autoDraw = False
31.3955 	EXP 	fixationInside: autoDraw = False
31.3955 	EXP 	image: size = array([0.75, 0.75])
31.3955 	EXP 	image: image = 'Stimuli/P017/things_cannonball_09s.jpg'
31.3955 	EXP 	image: autoDraw = True
31.3955 	EXP 	fixationOutside: autoDraw = True
31.3955 	EXP 	fixationInside: autoDraw = True
32.1742 	DATA 	Mouse: Left button down, pos=(1284,427)
32.2518 	DATA 	Mouse:  Left button up, pos=(1284,427)
32.5035 	DATA 	Keypress: escape
32.6928 	EXP 	window1: mouseVisible = True
